This is pdfTeX, Version 3.14159265-2.6-1.40.18 (TeX Live 2017) (preloaded format=pdflatex 2017.6.27)  21 JAN 2018 00:16
entering extended mode
 restricted \write18 enabled.
 file:line:error style messages enabled.
 %&-line parsing enabled.
**fcc_hcal.tex
(./fcc_hcal.tex
LaTeX2e <2017-04-15>
Babel <3.10> and hyphenation patterns for 84 language(s) loaded.
(./elsarticle.cls
Document Class: elsarticle 2009/09/17, 1.2.0: Elsevier Ltd
\@bls=\dimen102
(/usr/local/texlive/2017/texmf-dist/tex/latex/base/article.cls
Document Class: article 2014/09/29 v1.4h Standard LaTeX document class
(/usr/local/texlive/2017/texmf-dist/tex/latex/base/size11.clo
File: size11.clo 2014/09/29 v1.4h Standard LaTeX file (size option)
)
\c@part=\count79
\c@section=\count80
\c@subsection=\count81
\c@subsubsection=\count82
\c@paragraph=\count83
\c@subparagraph=\count84
\c@figure=\count85
\c@table=\count86
\abovecaptionskip=\skip41
\belowcaptionskip=\skip42
\bibindent=\dimen103
)
(/usr/local/texlive/2017/texmf-dist/tex/latex/graphics/graphicx.sty
Package: graphicx 2014/10/28 v1.0g Enhanced LaTeX Graphics (DPC,SPQR)

(/usr/local/texlive/2017/texmf-dist/tex/latex/graphics/keyval.sty
Package: keyval 2014/10/28 v1.15 key=value parser (DPC)
\KV@toks@=\toks14
)
(/usr/local/texlive/2017/texmf-dist/tex/latex/graphics/graphics.sty
Package: graphics 2017/04/14 v1.1b Standard LaTeX Graphics (DPC,SPQR)

(/usr/local/texlive/2017/texmf-dist/tex/latex/graphics/trig.sty
Package: trig 2016/01/03 v1.10 sin cos tan (DPC)
)
(/usr/local/texlive/2017/texmf-dist/tex/latex/graphics-cfg/graphics.cfg
File: graphics.cfg 2016/06/04 v1.11 sample graphics configuration
)
Package graphics Info: Driver file: pdftex.def on input line 99.

(/usr/local/texlive/2017/texmf-dist/tex/latex/graphics-def/pdftex.def
File: pdftex.def 2017/01/12 v0.06k Graphics/color for pdfTeX

(/usr/local/texlive/2017/texmf-dist/tex/generic/oberdiek/infwarerr.sty
Package: infwarerr 2016/05/16 v1.4 Providing info/warning/error messages (HO)
)
(/usr/local/texlive/2017/texmf-dist/tex/generic/oberdiek/ltxcmds.sty
Package: ltxcmds 2016/05/16 v1.23 LaTeX kernel commands for general use (HO)
)
\Gread@gobject=\count87
))
\Gin@req@height=\dimen104
\Gin@req@width=\dimen105
)
(/usr/local/texlive/2017/texmf-dist/tex/latex/psnfss/pifont.sty
Package: pifont 2005/04/12 PSNFSS-v9.2a Pi font support (SPQR) 
LaTeX Font Info:    Try loading font information for U+pzd on input line 63.

(/usr/local/texlive/2017/texmf-dist/tex/latex/psnfss/upzd.fd
File: upzd.fd 2001/06/04 font definitions for U/pzd.
)
LaTeX Font Info:    Try loading font information for U+psy on input line 64.

(/usr/local/texlive/2017/texmf-dist/tex/latex/psnfss/upsy.fd
File: upsy.fd 2001/06/04 font definitions for U/psy.
))
\c@tnote=\count88
\c@fnote=\count89
\c@cnote=\count90
\c@ead=\count91
\c@author=\count92
\@eadauthor=\toks15
\c@affn=\count93
\absbox=\box26
\keybox=\box27
\Columnwidth=\dimen106
\space@left=\dimen107
\els@boxa=\box28
\els@boxb=\box29
\leftMargin=\dimen108
\@enLab=\toks16
\@sep=\skip43
\@@sep=\skip44
 (./fcc_hcal.spl) (/usr/local/texlive/2017/texmf-dist/tex/latex/natbib/natbib.s
ty
Package: natbib 2010/09/13 8.31b (PWD, AO)
\bibhang=\skip45
\bibsep=\skip46
LaTeX Info: Redefining \cite on input line 694.
\c@NAT@ctr=\count94
)
\splwrite=\write3
\openout3 = `fcc_hcal.spl'.


(/usr/local/texlive/2017/texmf-dist/tex/latex/geometry/geometry.sty
Package: geometry 2010/09/12 v5.6 Page Geometry

(/usr/local/texlive/2017/texmf-dist/tex/generic/oberdiek/ifpdf.sty
Package: ifpdf 2017/03/15 v3.2 Provides the ifpdf switch
)
(/usr/local/texlive/2017/texmf-dist/tex/generic/oberdiek/ifvtex.sty
Package: ifvtex 2016/05/16 v1.6 Detect VTeX and its facilities (HO)
Package ifvtex Info: VTeX not detected.
)
(/usr/local/texlive/2017/texmf-dist/tex/generic/ifxetex/ifxetex.sty
Package: ifxetex 2010/09/12 v0.6 Provides ifxetex conditional
)
\Gm@cnth=\count95
\Gm@cntv=\count96
\c@Gm@tempcnt=\count97
\Gm@bindingoffset=\dimen109
\Gm@wd@mp=\dimen110
\Gm@odd@mp=\dimen111
\Gm@even@mp=\dimen112
\Gm@layoutwidth=\dimen113
\Gm@layoutheight=\dimen114
\Gm@layouthoffset=\dimen115
\Gm@layoutvoffset=\dimen116
\Gm@dimlist=\toks17
))
(/usr/local/texlive/2017/texmf-dist/tex/latex/graphics/epsfig.sty
Package: epsfig 1999/02/16 v1.7a (e)psfig emulation (SPQR)
\epsfxsize=\dimen117
\epsfysize=\dimen118
)
(/usr/local/texlive/2017/texmf-dist/tex/latex/tools/array.sty
Package: array 2016/10/06 v2.4d Tabular extension package (FMi)
\col@sep=\dimen119
\extrarowheight=\dimen120
\NC@list=\toks18
\extratabsurround=\skip47
\backup@length=\skip48
)
(/usr/local/texlive/2017/texmf-dist/tex/latex/tools/tabularx.sty
Package: tabularx 2016/02/03 v2.11 `tabularx' package (DPC)
\TX@col@width=\dimen121
\TX@old@table=\dimen122
\TX@old@col=\dimen123
\TX@target=\dimen124
\TX@delta=\dimen125
\TX@cols=\count98
\TX@ftn=\toks19
)
(/usr/local/texlive/2017/texmf-dist/tex/latex/jknapltx/mathrsfs.sty
Package: mathrsfs 1996/01/01 Math RSFS package v1.0 (jk)
\symrsfs=\mathgroup4
)
(/usr/local/texlive/2017/texmf-dist/tex/latex/graphics/rotating.sty
Package: rotating 2016/08/11 v2.16d rotated objects in LaTeX

(/usr/local/texlive/2017/texmf-dist/tex/latex/base/ifthen.sty
Package: ifthen 2014/09/29 v1.1c Standard LaTeX ifthen package (DPC)
)
\c@r@tfl@t=\count99
\rotFPtop=\skip49
\rotFPbot=\skip50
\rot@float@box=\box30
\rot@mess@toks=\toks20
)
(/usr/local/texlive/2017/texmf-dist/tex/latex/amsfonts/amsfonts.sty
Package: amsfonts 2013/01/14 v3.01 Basic AMSFonts support
\@emptytoks=\toks21
\symAMSa=\mathgroup5
\symAMSb=\mathgroup6
LaTeX Font Info:    Overwriting math alphabet `\mathfrak' in version `bold'
(Font)                  U/euf/m/n --> U/euf/b/n on input line 106.
)
(/usr/local/texlive/2017/texmf-dist/tex/latex/ms/ragged2e.sty
Package: ragged2e 2009/05/21 v2.1 ragged2e Package (MS)

(/usr/local/texlive/2017/texmf-dist/tex/latex/ms/everysel.sty
Package: everysel 2011/10/28 v1.2 EverySelectfont Package (MS)
)
\CenteringLeftskip=\skip51
\RaggedLeftLeftskip=\skip52
\RaggedRightLeftskip=\skip53
\CenteringRightskip=\skip54
\RaggedLeftRightskip=\skip55
\RaggedRightRightskip=\skip56
\CenteringParfillskip=\skip57
\RaggedLeftParfillskip=\skip58
\RaggedRightParfillskip=\skip59
\JustifyingParfillskip=\skip60
\CenteringParindent=\skip61
\RaggedLeftParindent=\skip62
\RaggedRightParindent=\skip63
\JustifyingParindent=\skip64
)
(/usr/local/texlive/2017/texmf-dist/tex/latex/url/url.sty
\Urlmuskip=\muskip10
Package: url 2013/09/16  ver 3.4  Verb mode for urls, etc.
)
(/usr/local/texlive/2017/texmf-dist/tex/latex/hyperref/hyperref.sty
Package: hyperref 2017/03/14 v6.85a Hypertext links for LaTeX

(/usr/local/texlive/2017/texmf-dist/tex/generic/oberdiek/hobsub-hyperref.sty
Package: hobsub-hyperref 2016/05/16 v1.14 Bundle oberdiek, subset hyperref (HO)


(/usr/local/texlive/2017/texmf-dist/tex/generic/oberdiek/hobsub-generic.sty
Package: hobsub-generic 2016/05/16 v1.14 Bundle oberdiek, subset generic (HO)
Package: hobsub 2016/05/16 v1.14 Construct package bundles (HO)
Package hobsub Info: Skipping package `infwarerr' (already loaded).
Package hobsub Info: Skipping package `ltxcmds' (already loaded).
Package: ifluatex 2016/05/16 v1.4 Provides the ifluatex switch (HO)
Package ifluatex Info: LuaTeX not detected.
Package hobsub Info: Skipping package `ifvtex' (already loaded).
Package: intcalc 2016/05/16 v1.2 Expandable calculations with integers (HO)
Package hobsub Info: Skipping package `ifpdf' (already loaded).
Package: etexcmds 2016/05/16 v1.6 Avoid name clashes with e-TeX commands (HO)
Package etexcmds Info: Could not find \expanded.
(etexcmds)             That can mean that you are not using pdfTeX 1.50 or
(etexcmds)             that some package has redefined \expanded.
(etexcmds)             In the latter case, load this package earlier.
Package: kvsetkeys 2016/05/16 v1.17 Key value parser (HO)
Package: kvdefinekeys 2016/05/16 v1.4 Define keys (HO)
Package: pdftexcmds 2017/03/19 v0.25 Utility functions of pdfTeX for LuaTeX (HO
)
Package pdftexcmds Info: LuaTeX not detected.
Package pdftexcmds Info: \pdf@primitive is available.
Package pdftexcmds Info: \pdf@ifprimitive is available.
Package pdftexcmds Info: \pdfdraftmode found.
Package: pdfescape 2016/05/16 v1.14 Implements pdfTeX's escape features (HO)
Package: bigintcalc 2016/05/16 v1.4 Expandable calculations on big integers (HO
)
Package: bitset 2016/05/16 v1.2 Handle bit-vector datatype (HO)
Package: uniquecounter 2016/05/16 v1.3 Provide unlimited unique counter (HO)
)
Package hobsub Info: Skipping package `hobsub' (already loaded).
Package: letltxmacro 2016/05/16 v1.5 Let assignment for LaTeX macros (HO)
Package: hopatch 2016/05/16 v1.3 Wrapper for package hooks (HO)
Package: xcolor-patch 2016/05/16 xcolor patch
Package: atveryend 2016/05/16 v1.9 Hooks at the very end of document (HO)
Package atveryend Info: \enddocument detected (standard20110627).
Package: atbegshi 2016/06/09 v1.18 At begin shipout hook (HO)
Package: refcount 2016/05/16 v3.5 Data extraction from label references (HO)
Package: hycolor 2016/05/16 v1.8 Color options for hyperref/bookmark (HO)
)
(/usr/local/texlive/2017/texmf-dist/tex/latex/oberdiek/auxhook.sty
Package: auxhook 2016/05/16 v1.4 Hooks for auxiliary files (HO)
)
(/usr/local/texlive/2017/texmf-dist/tex/latex/oberdiek/kvoptions.sty
Package: kvoptions 2016/05/16 v3.12 Key value format for package options (HO)
)
\@linkdim=\dimen126
\Hy@linkcounter=\count100
\Hy@pagecounter=\count101

(/usr/local/texlive/2017/texmf-dist/tex/latex/hyperref/pd1enc.def
File: pd1enc.def 2017/03/14 v6.85a Hyperref: PDFDocEncoding definition (HO)
)
\Hy@SavedSpaceFactor=\count102

(/usr/local/texlive/2017/texmf-dist/tex/latex/latexconfig/hyperref.cfg
File: hyperref.cfg 2002/06/06 v1.2 hyperref configuration of TeXLive
)
Package hyperref Info: Option `final' set `true' on input line 4374.
Package hyperref Info: Hyper figures OFF on input line 4498.
Package hyperref Info: Link nesting OFF on input line 4503.
Package hyperref Info: Hyper index ON on input line 4506.
Package hyperref Info: Plain pages OFF on input line 4513.
Package hyperref Info: Backreferencing OFF on input line 4518.
Package hyperref Info: Implicit mode ON; LaTeX internals redefined.
Package hyperref Info: Bookmarks ON on input line 4751.
\c@Hy@tempcnt=\count103
LaTeX Info: Redefining \url on input line 5104.
\XeTeXLinkMargin=\dimen127
\Fld@menulength=\count104
\Field@Width=\dimen128
\Fld@charsize=\dimen129
Package hyperref Info: Hyper figures OFF on input line 6358.
Package hyperref Info: Link nesting OFF on input line 6363.
Package hyperref Info: Hyper index ON on input line 6366.
Package hyperref Info: backreferencing OFF on input line 6373.
Package hyperref Info: Link coloring OFF on input line 6378.
Package hyperref Info: Link coloring with OCG OFF on input line 6383.
Package hyperref Info: PDF/A mode OFF on input line 6388.
LaTeX Info: Redefining \ref on input line 6428.
LaTeX Info: Redefining \pageref on input line 6432.
\Hy@abspage=\count105
\c@Item=\count106
\c@Hfootnote=\count107
)

Package hyperref Message: Driver (autodetected): hpdftex.

(/usr/local/texlive/2017/texmf-dist/tex/latex/hyperref/hpdftex.def
File: hpdftex.def 2017/03/14 v6.85a Hyperref driver for pdfTeX
\Fld@listcount=\count108
\c@bookmark@seq@number=\count109

(/usr/local/texlive/2017/texmf-dist/tex/latex/oberdiek/rerunfilecheck.sty
Package: rerunfilecheck 2016/05/16 v1.8 Rerun checks for auxiliary files (HO)
Package uniquecounter Info: New unique counter `rerunfilecheck' on input line 2
82.
)
\Hy@SectionHShift=\skip65
)
(/usr/local/texlive/2017/texmf-dist/tex/latex/listings/listings.sty
\lst@mode=\count110
\lst@gtempboxa=\box31
\lst@token=\toks22
\lst@length=\count111
\lst@currlwidth=\dimen130
\lst@column=\count112
\lst@pos=\count113
\lst@lostspace=\dimen131
\lst@width=\dimen132
\lst@newlines=\count114
\lst@lineno=\count115
\lst@maxwidth=\dimen133

(/usr/local/texlive/2017/texmf-dist/tex/latex/listings/lstmisc.sty
File: lstmisc.sty 2015/06/04 1.6 (Carsten Heinz)
\c@lstnumber=\count116
\lst@skipnumbers=\count117
\lst@framebox=\box32
)
(/usr/local/texlive/2017/texmf-dist/tex/latex/listings/listings.cfg
File: listings.cfg 2015/06/04 1.6 listings configuration
))
Package: listings 2015/06/04 1.6 (Carsten Heinz)

(/usr/local/texlive/2017/texmf-dist/tex/latex/subfigure/subfigure.sty
Package: subfigure 2002/03/15 v2.1.5 subfigure package
\subfigtopskip=\skip66
\subfigcapskip=\skip67
\subfigcaptopadj=\dimen134
\subfigbottomskip=\skip68
\subfigcapmargin=\dimen135
\subfiglabelskip=\skip69
\c@subfigure=\count118
\c@lofdepth=\count119
\c@subtable=\count120
\c@lotdepth=\count121

****************************************
* Local config file subfigure.cfg used *
****************************************
(/usr/local/texlive/2017/texmf-dist/tex/latex/subfigure/subfigure.cfg)
\subfig@top=\skip70
\subfig@bottom=\skip71
)
(/usr/local/texlive/2017/texmf-dist/tex/latex/oberdiek/epstopdf.sty
Package: epstopdf 2016/05/15 v2.6 Conversion with epstopdf on the fly (HO)

(/usr/local/texlive/2017/texmf-dist/tex/latex/oberdiek/epstopdf-base.sty
Package: epstopdf-base 2016/05/15 v2.6 Base part for package epstopdf

(/usr/local/texlive/2017/texmf-dist/tex/latex/oberdiek/grfext.sty
Package: grfext 2016/05/16 v1.2 Manage graphics extensions (HO)
)
Package epstopdf-base Info: Redefining graphics rule for `.eps' on input line 4
38.
Package grfext Info: Graphics extension search list:
(grfext)             [.png,.pdf,.jpg,.mps,.jpeg,.jbig2,.jb2,.PNG,.PDF,.JPG,.JPE
G,.JBIG2,.JB2,.eps]
(grfext)             \AppendGraphicsExtensions on input line 456.

(/usr/local/texlive/2017/texmf-dist/tex/latex/latexconfig/epstopdf-sys.cfg
File: epstopdf-sys.cfg 2010/07/13 v1.3 Configuration of (r)epstopdf for TeX Liv
e
)))
(/usr/local/texlive/2017/texmf-dist/tex/latex/graphics/color.sty
Package: color 2016/07/10 v1.1e Standard LaTeX Color (DPC)

(/usr/local/texlive/2017/texmf-dist/tex/latex/graphics-cfg/color.cfg
File: color.cfg 2016/01/02 v1.6 sample color configuration
)
Package color Info: Driver file: pdftex.def on input line 147.
)
(/usr/local/texlive/2017/texmf-dist/tex/latex/float/float.sty
Package: float 2001/11/08 v1.3d Float enhancements (AL)
\c@float@type=\count122
\float@exts=\toks23
\float@box=\box33
\@float@everytoks=\toks24
\@floatcapt=\box34
)
(/usr/local/texlive/2017/texmf-dist/tex/generic/ulem/ulem.sty
\UL@box=\box35
\UL@hyphenbox=\box36
\UL@skip=\skip72
\UL@hook=\toks25
\UL@height=\dimen136
\UL@pe=\count123
\UL@pixel=\dimen137
\ULC@box=\box37
Package: ulem 2012/05/18
\ULdepth=\dimen138
)
(/usr/local/texlive/2017/texmf-dist/tex/latex/soul/soul.sty
Package: soul 2003/11/17 v2.4 letterspacing/underlining (mf)
\SOUL@word=\toks26
\SOUL@lasttoken=\toks27
\SOUL@cmds=\toks28
\SOUL@buffer=\toks29
\SOUL@token=\toks30
\SOUL@spaceskip=\skip73
\SOUL@ttwidth=\dimen139
\SOUL@uldp=\dimen140
\SOUL@ulht=\dimen141
)
Package hyperref Info: Option `colorlinks' set `true' on input line 71.
 (./fcc_hcal.aux)
\openout1 = `fcc_hcal.aux'.

LaTeX Font Info:    Checking defaults for OML/cmm/m/it on input line 114.
LaTeX Font Info:    ... okay on input line 114.
LaTeX Font Info:    Checking defaults for T1/cmr/m/n on input line 114.
LaTeX Font Info:    ... okay on input line 114.
LaTeX Font Info:    Checking defaults for OT1/cmr/m/n on input line 114.
LaTeX Font Info:    ... okay on input line 114.
LaTeX Font Info:    Checking defaults for OMS/cmsy/m/n on input line 114.
LaTeX Font Info:    ... okay on input line 114.
LaTeX Font Info:    Checking defaults for OMX/cmex/m/n on input line 114.
LaTeX Font Info:    ... okay on input line 114.
LaTeX Font Info:    Checking defaults for U/cmr/m/n on input line 114.
LaTeX Font Info:    ... okay on input line 114.
LaTeX Font Info:    Checking defaults for PD1/pdf/m/n on input line 114.
LaTeX Font Info:    ... okay on input line 114.

(/usr/local/texlive/2017/texmf-dist/tex/context/base/mkii/supp-pdf.mkii
[Loading MPS to PDF converter (version 2006.09.02).]
\scratchcounter=\count124
\scratchdimen=\dimen142
\scratchbox=\box38
\nofMPsegments=\count125
\nofMParguments=\count126
\everyMPshowfont=\toks31
\MPscratchCnt=\count127
\MPscratchDim=\dimen143
\MPnumerator=\count128
\makeMPintoPDFobject=\count129
\everyMPtoPDFconversion=\toks32
)
*geometry* driver: auto-detecting
*geometry* detected driver: pdftex
*geometry* verbose mode - [ preamble ] result:
* driver: pdftex
* paper: custom
* layout: <same size as paper>
* layoutoffset:(h,v)=(0.0pt,0.0pt)
* hratio: 1:1
* vratio: 1:1
* modes: 
* h-part:(L,W,R)=(106.75394pt, 384.0pt, 106.75394pt)
* v-part:(T,H,B)=(141.52342pt, 562.0pt, 141.52342pt)
* \paperwidth=597.50787pt
* \paperheight=845.04684pt
* \textwidth=412.56496pt
* \textheight=625.96062pt
* \oddsidemargin=34.48395pt
* \evensidemargin=34.48395pt
* \topmargin=7.25343pt
* \headheight=50.0pt
* \headsep=12.0pt
* \topskip=11.0pt
* \footskip=12.0pt
* \marginparwidth=59.0pt
* \marginparsep=10.0pt
* \columnsep=10.0pt
* \skip\footins=24.0pt plus 2.0pt minus 12.0pt
* \hoffset=0.0pt
* \voffset=0.0pt
* \mag=1000
* \@twocolumnfalse
* \@twosidefalse
* \@mparswitchfalse
* \@reversemarginfalse
* (1in=72.27pt=25.4mm, 1cm=28.453pt)

ABD: EverySelectfont initializing macros
LaTeX Info: Redefining \selectfont on input line 114.
\AtBeginShipoutBox=\box39
Package hyperref Info: Link coloring ON on input line 114.

(/usr/local/texlive/2017/texmf-dist/tex/latex/hyperref/nameref.sty
Package: nameref 2016/05/21 v2.44 Cross-referencing by name of section

(/usr/local/texlive/2017/texmf-dist/tex/generic/oberdiek/gettitlestring.sty
Package: gettitlestring 2016/05/16 v1.5 Cleanup title references (HO)
)
\c@section@level=\count130
)
LaTeX Info: Redefining \ref on input line 114.
LaTeX Info: Redefining \pageref on input line 114.
LaTeX Info: Redefining \nameref on input line 114.

(./fcc_hcal.out) (./fcc_hcal.out)
\@outlinefile=\write4
\openout4 = `fcc_hcal.out'.

\c@lstlisting=\count131

(/usr/local/texlive/2017/texmf-dist/tex/latex/listings/lstlang1.sty
File: lstlang1.sty 2015/06/04 1.6 listings language file
)
LaTeX Font Info:    Try loading font information for U+rsfs on input line 206.

(/usr/local/texlive/2017/texmf-dist/tex/latex/jknapltx/ursfs.fd
File: ursfs.fd 1998/03/24 rsfs font definition file (jk)
)
LaTeX Font Info:    Try loading font information for U+msa on input line 206.

(/usr/local/texlive/2017/texmf-dist/tex/latex/amsfonts/umsa.fd
File: umsa.fd 2013/01/14 v3.01 AMS symbols A
)
LaTeX Font Info:    Try loading font information for U+msb on input line 206.

(/usr/local/texlive/2017/texmf-dist/tex/latex/amsfonts/umsb.fd
File: umsb.fd 2013/01/14 v3.01 AMS symbols B
)

Package natbib Warning: Citation `Benedikt:2206376' on page 1 undefined on inpu
t line 223.


Package natbib Warning: Citation `Tang:2015qga' on page 1 undefined on input li
ne 223.


Package natbib Warning: Citation `Calkins:2013ega' on page 1 undefined on input
 line 228.


Package natbib Warning: Citation `Chekanov:2015ihl' on page 1 undefined on inpu
t line 228.


Package natbib Warning: Citation `Coleman:2017fiq' on page 1 undefined on input
 line 228.


Package natbib Warning: Citation `deFavereau:2013fsa' on page 1 undefined on in
put line 230.


Package natbib Warning: Citation `Chekanov:2016ppq' on page 1 undefined on inpu
t line 234.


Package natbib Warning: Citation `Chekanov:2016ppq' on page 1 undefined on inpu
t line 243.


Package natbib Warning: Citation `Chekanov:2016ppq' on page 1 undefined on inpu
t line 248.


Package natbib Warning: Citation `Chekanov:2014fga' on page 1 undefined on inpu
t line 254.

[1

{/usr/local/texlive/2017/texmf-var/fonts/map/pdftex/updmap/pdftex.map}]

Package natbib Warning: Citation `Allison2016186' on page 2 undefined on input 
line 256.


Package natbib Warning: Citation `Charles:2009ta' on page 2 undefined on input 
line 257.


Package natbib Warning: Citation `Marshall:2013bda' on page 2 undefined on inpu
t line 257.


Package natbib Warning: Citation `fastjet' on page 2 undefined on input line 26
1.


Package natbib Warning: Citation `Cacciari:2008gp' on page 2 undefined on input
 line 261.

(./fcc_jets.tex

Package natbib Warning: Citation `Auerbach:2014xua' on page 2 undefined on inpu
t line 6.

Package epstopdf Info: Source file: <figs/h5tev_clus_effR_ww1.eps>
(epstopdf)                    date: 2017-12-20 21:41:54
(epstopdf)                    size: 12499 bytes
(epstopdf)             Output file: <figs/h5tev_clus_effR_ww1-eps-converted-to.
pdf>
(epstopdf)                    date: 2017-12-21 08:15:25
(epstopdf)                    size: 9661 bytes
(epstopdf)             Command: <repstopdf --outfile=figs/h5tev_clus_effR_ww1-e
ps-converted-to.pdf figs/h5tev_clus_effR_ww1.eps>
(epstopdf)             \includegraphics on input line 13.
Package epstopdf Info: Output file is already uptodate.

<figs/h5tev_clus_effR_ww1-eps-converted-to.pdf, id=45, 569.12625pt x 546.04pt>
File: figs/h5tev_clus_effR_ww1-eps-converted-to.pdf Graphic file (type pdf)

<use figs/h5tev_clus_effR_ww1-eps-converted-to.pdf>
Package pdftex.def Info: figs/h5tev_clus_effR_ww1-eps-converted-to.pdf used on 
input line 13.
(pdftex.def)             Requested size: 177.3999pt x 170.20381pt.
Package epstopdf Info: Source file: <figs/h10tev_clus_effR_ww1.eps>
(epstopdf)                    date: 2017-12-20 21:41:54
(epstopdf)                    size: 11468 bytes
(epstopdf)             Output file: <figs/h10tev_clus_effR_ww1-eps-converted-to
.pdf>
(epstopdf)                    date: 2017-12-21 08:15:26
(epstopdf)                    size: 8821 bytes
(epstopdf)             Command: <repstopdf --outfile=figs/h10tev_clus_effR_ww1-
eps-converted-to.pdf figs/h10tev_clus_effR_ww1.eps>
(epstopdf)             \includegraphics on input line 16.
Package epstopdf Info: Output file is already uptodate.

<figs/h10tev_clus_effR_ww1-eps-converted-to.pdf, id=46, 569.12625pt x 546.04pt>
File: figs/h10tev_clus_effR_ww1-eps-converted-to.pdf Graphic file (type pdf)
<use figs/h10tev_clus_effR_ww1-eps-converted-to.pdf>
Package pdftex.def Info: figs/h10tev_clus_effR_ww1-eps-converted-to.pdf used on
 input line 16.
(pdftex.def)             Requested size: 177.3999pt x 170.20381pt.
Package epstopdf Info: Source file: <figs/h20tev_clus_effR_ww1.eps>
(epstopdf)                    date: 2017-12-20 21:41:54
(epstopdf)                    size: 10785 bytes
(epstopdf)             Output file: <figs/h20tev_clus_effR_ww1-eps-converted-to
.pdf>
(epstopdf)                    date: 2017-12-21 08:15:27
(epstopdf)                    size: 8822 bytes
(epstopdf)             Command: <repstopdf --outfile=figs/h20tev_clus_effR_ww1-
eps-converted-to.pdf figs/h20tev_clus_effR_ww1.eps>
(epstopdf)             \includegraphics on input line 19.
Package epstopdf Info: Output file is already uptodate.

<figs/h20tev_clus_effR_ww1-eps-converted-to.pdf, id=47, 569.12625pt x 546.04pt>
File: figs/h20tev_clus_effR_ww1-eps-converted-to.pdf Graphic file (type pdf)
<use figs/h20tev_clus_effR_ww1-eps-converted-to.pdf>
Package pdftex.def Info: figs/h20tev_clus_effR_ww1-eps-converted-to.pdf used on
 input line 19.
(pdftex.def)             Requested size: 177.3999pt x 170.20381pt.
Package epstopdf Info: Source file: <figs/h40tev_clus_effR_ww1.eps>
(epstopdf)                    date: 2017-12-20 21:41:54
(epstopdf)                    size: 11697 bytes
(epstopdf)             Output file: <figs/h40tev_clus_effR_ww1-eps-converted-to
.pdf>
(epstopdf)                    date: 2017-12-21 08:15:27
(epstopdf)                    size: 9154 bytes
(epstopdf)             Command: <repstopdf --outfile=figs/h40tev_clus_effR_ww1-
eps-converted-to.pdf figs/h40tev_clus_effR_ww1.eps>
(epstopdf)             \includegraphics on input line 22.
Package epstopdf Info: Output file is already uptodate.

<figs/h40tev_clus_effR_ww1-eps-converted-to.pdf, id=48, 569.12625pt x 546.04pt>
File: figs/h40tev_clus_effR_ww1-eps-converted-to.pdf Graphic file (type pdf)
<use figs/h40tev_clus_effR_ww1-eps-converted-to.pdf>
Package pdftex.def Info: figs/h40tev_clus_effR_ww1-eps-converted-to.pdf used on
 input line 22.
(pdftex.def)             Requested size: 177.3999pt x 170.20381pt.


Package natbib Warning: Citation `Butterworth:2002tt' on page 2 undefined on in
put line 30.


Package natbib Warning: Citation `Catani1993187' on page 2 undefined on input l
ine 32.


Package natbib Warning: Citation `Ellis:1993tq' on page 2 undefined on input li
ne 32.


Package natbib Warning: Citation `ATLAS:2012am' on page 2 undefined on input li
ne 33.


Package natbib Warning: Citation `Auerbach:2014xua' on page 2 undefined on inpu
t line 33.


Package natbib Warning: Citation `ATLAS:2012am' on page 2 undefined on input li
ne 34.

Package epstopdf Info: Source file: <figs/h5tev_clus_d12_ww1.eps>
(epstopdf)                    date: 2017-12-20 21:41:54
(epstopdf)                    size: 11544 bytes
(epstopdf)             Output file: <figs/h5tev_clus_d12_ww1-eps-converted-to.p
df>
(epstopdf)                    date: 2017-12-21 08:15:28
(epstopdf)                    size: 8908 bytes
(epstopdf)             Command: <repstopdf --outfile=figs/h5tev_clus_d12_ww1-ep
s-converted-to.pdf figs/h5tev_clus_d12_ww1.eps>
(epstopdf)             \includegraphics on input line 41.
Package epstopdf Info: Output file is already uptodate.
<figs/h5tev_clus_d12_ww1-eps-converted-to.pdf, id=50, 569.12625pt x 546.04pt>
File: figs/h5tev_clus_d12_ww1-eps-converted-to.pdf Graphic file (type pdf)

<use figs/h5tev_clus_d12_ww1-eps-converted-to.pdf>
Package pdftex.def Info: figs/h5tev_clus_d12_ww1-eps-converted-to.pdf used on i
nput line 41.
(pdftex.def)             Requested size: 177.3999pt x 170.20381pt.
Package epstopdf Info: Source file: <figs/h10tev_clus_d12_ww1.eps>
(epstopdf)                    date: 2017-12-20 21:41:54
(epstopdf)                    size: 11682 bytes
(epstopdf)             Output file: <figs/h10tev_clus_d12_ww1-eps-converted-to.
pdf>
(epstopdf)                    date: 2017-12-21 08:15:29
(epstopdf)                    size: 8947 bytes
(epstopdf)             Command: <repstopdf --outfile=figs/h10tev_clus_d12_ww1-e
ps-converted-to.pdf figs/h10tev_clus_d12_ww1.eps>
(epstopdf)             \includegraphics on input line 44.
Package epstopdf Info: Output file is already uptodate.

<figs/h10tev_clus_d12_ww1-eps-converted-to.pdf, id=51, 569.12625pt x 546.04pt>
File: figs/h10tev_clus_d12_ww1-eps-converted-to.pdf Graphic file (type pdf)

<use figs/h10tev_clus_d12_ww1-eps-converted-to.pdf>
Package pdftex.def Info: figs/h10tev_clus_d12_ww1-eps-converted-to.pdf used on 
input line 44.
(pdftex.def)             Requested size: 177.3999pt x 170.20381pt.
Package epstopdf Info: Source file: <figs/h20tev_clus_d12_ww1.eps>
(epstopdf)                    date: 2017-12-20 21:41:54
(epstopdf)                    size: 11929 bytes
(epstopdf)             Output file: <figs/h20tev_clus_d12_ww1-eps-converted-to.
pdf>
(epstopdf)                    date: 2017-12-21 08:15:29
(epstopdf)                    size: 8815 bytes
(epstopdf)             Command: <repstopdf --outfile=figs/h20tev_clus_d12_ww1-e
ps-converted-to.pdf figs/h20tev_clus_d12_ww1.eps>
(epstopdf)             \includegraphics on input line 47.
Package epstopdf Info: Output file is already uptodate.

<figs/h20tev_clus_d12_ww1-eps-converted-to.pdf, id=52, 569.12625pt x 546.04pt>
File: figs/h20tev_clus_d12_ww1-eps-converted-to.pdf Graphic file (type pdf)

<use figs/h20tev_clus_d12_ww1-eps-converted-to.pdf>
Package pdftex.def Info: figs/h20tev_clus_d12_ww1-eps-converted-to.pdf used on 
input line 47.
(pdftex.def)             Requested size: 177.3999pt x 170.20381pt.
Package epstopdf Info: Source file: <figs/h40tev_clus_d12_ww1.eps>
(epstopdf)                    date: 2017-12-20 21:41:54
(epstopdf)                    size: 12173 bytes
(epstopdf)             Output file: <figs/h40tev_clus_d12_ww1-eps-converted-to.
pdf>
(epstopdf)                    date: 2017-12-21 08:15:30
(epstopdf)                    size: 8990 bytes
(epstopdf)             Command: <repstopdf --outfile=figs/h40tev_clus_d12_ww1-e
ps-converted-to.pdf figs/h40tev_clus_d12_ww1.eps>
(epstopdf)             \includegraphics on input line 50.
Package epstopdf Info: Output file is already uptodate.

<figs/h40tev_clus_d12_ww1-eps-converted-to.pdf, id=53, 569.12625pt x 546.04pt>
File: figs/h40tev_clus_d12_ww1-eps-converted-to.pdf Graphic file (type pdf)

<use figs/h40tev_clus_d12_ww1-eps-converted-to.pdf>
Package pdftex.def Info: figs/h40tev_clus_d12_ww1-eps-converted-to.pdf used on 
input line 50.
(pdftex.def)             Requested size: 177.3999pt x 170.20381pt.
) (./fcc_efficiency.tex
Underfull \hbox (badness 10000) in paragraph at lines 3--5

 []


Package natbib Warning: Citation `Larkoski:2013eya' on page 2 undefined on inpu
t line 6.


Package natbib Warning: Citation `Thaler:2010tr' on page 2 undefined on input l
ine 6.


Package natbib Warning: Citation `Thaler:2010tr' on page 2 undefined on input l
ine 6.


Underfull \hbox (badness 10000) in paragraph at lines 6--7

 []


Underfull \hbox (badness 10000) in paragraph at lines 8--9

 []


Underfull \hbox (badness 10000) in paragraph at lines 10--11

 []


Underfull \hbox (badness 10000) in paragraph at lines 12--13

 []

[2] [3pdfTeX warning (ext4): destination with the same identifier (name{figure.
1}) has been already used, duplicate ignored

\AtBegShi@Output ...ipout \box \AtBeginShipoutBox 
                                                  \fi \fi 
l.13 
      <./figs/h5tev_clus_effR_ww1-eps-converted-to.pdf> <./figs/h10tev_clus_eff
R_ww1-eps-converted-to.pdf> <./figs/h20tev_clus_effR_ww1-eps-converted-to.pdf> 
<./figs/h40tev_clus_effR_ww1-eps-converted-to.pdf>] [4pdfTeX warning (ext4): de
stination with the same identifier (name{figure.2}) has been already used, dupl
icate ignored

\AtBegShi@Output ...ipout \box \AtBeginShipoutBox 
                                                  \fi \fi 
l.13 
      <./figs/h5tev_clus_d12_ww1-eps-converted-to.pdf> <./figs/h10tev_clus_d12_
ww1-eps-converted-to.pdf> <./figs/h20tev_clus_d12_ww1-eps-converted-to.pdf> <./
figs/h40tev_clus_d12_ww1-eps-converted-to.pdf>]
Underfull \hbox (badness 10000) in paragraph at lines 14--15

 []

Package epstopdf Info: Source file: <figs/cluster_c2b1_5_tev_eff.eps>
(epstopdf)                    date: 2017-12-20 21:41:54
(epstopdf)                    size: 12703 bytes
(epstopdf)             Output file: <figs/cluster_c2b1_5_tev_eff-eps-converted-
to.pdf>
(epstopdf)                    date: 2017-12-21 08:15:31
(epstopdf)                    size: 10507 bytes
(epstopdf)             Command: <repstopdf --outfile=figs/cluster_c2b1_5_tev_ef
f-eps-converted-to.pdf figs/cluster_c2b1_5_tev_eff.eps>
(epstopdf)             \includegraphics on input line 23.
Package epstopdf Info: Output file is already uptodate.

<figs/cluster_c2b1_5_tev_eff-eps-converted-to.pdf, id=151, 569.12625pt x 386.44
376pt>
File: figs/cluster_c2b1_5_tev_eff-eps-converted-to.pdf Graphic file (type pdf)
 <use figs/cluster_c2b1_5_tev_eff-eps-converted-to.pdf>
Package pdftex.def Info: figs/cluster_c2b1_5_tev_eff-eps-converted-to.pdf used 
on input line 23.
(pdftex.def)             Requested size: 177.3999pt x 120.45674pt.
Package epstopdf Info: Source file: <figs/cluster_c2b1_10_tev_eff.eps>
(epstopdf)                    date: 2017-12-20 21:41:54
(epstopdf)                    size: 12218 bytes
(epstopdf)             Output file: <figs/cluster_c2b1_10_tev_eff-eps-converted
-to.pdf>
(epstopdf)                    date: 2017-12-21 08:15:32
(epstopdf)                    size: 10291 bytes
(epstopdf)             Command: <repstopdf --outfile=figs/cluster_c2b1_10_tev_e
ff-eps-converted-to.pdf figs/cluster_c2b1_10_tev_eff.eps>
(epstopdf)             \includegraphics on input line 26.
Package epstopdf Info: Output file is already uptodate.

<figs/cluster_c2b1_10_tev_eff-eps-converted-to.pdf, id=152, 569.12625pt x 387.4
475pt>
File: figs/cluster_c2b1_10_tev_eff-eps-converted-to.pdf Graphic file (type pdf)

 <use figs/cluster_c2b1_10_tev_eff-eps-converted-to.pdf>
Package pdftex.def Info: figs/cluster_c2b1_10_tev_eff-eps-converted-to.pdf used
 on input line 26.
(pdftex.def)             Requested size: 177.3999pt x 120.76962pt.
Package epstopdf Info: Source file: <figs/cluster_c2b1_20_tev_eff.eps>
(epstopdf)                    date: 2017-12-20 21:41:54
(epstopdf)                    size: 12687 bytes
(epstopdf)             Output file: <figs/cluster_c2b1_20_tev_eff-eps-converted
-to.pdf>
(epstopdf)                    date: 2017-12-21 08:15:32
(epstopdf)                    size: 10440 bytes
(epstopdf)             Command: <repstopdf --outfile=figs/cluster_c2b1_20_tev_e
ff-eps-converted-to.pdf figs/cluster_c2b1_20_tev_eff.eps>
(epstopdf)             \includegraphics on input line 29.
Package epstopdf Info: Output file is already uptodate.

<figs/cluster_c2b1_20_tev_eff-eps-converted-to.pdf, id=153, 569.12625pt x 387.4
475pt>
File: figs/cluster_c2b1_20_tev_eff-eps-converted-to.pdf Graphic file (type pdf)

 <use figs/cluster_c2b1_20_tev_eff-eps-converted-to.pdf>
Package pdftex.def Info: figs/cluster_c2b1_20_tev_eff-eps-converted-to.pdf used
 on input line 29.
(pdftex.def)             Requested size: 177.3999pt x 120.76962pt.
Package epstopdf Info: Source file: <figs/cluster_c2b1_40_tev_eff.eps>
(epstopdf)                    date: 2017-12-20 21:41:54
(epstopdf)                    size: 12726 bytes
(epstopdf)             Output file: <figs/cluster_c2b1_40_tev_eff-eps-converted
-to.pdf>
(epstopdf)                    date: 2017-12-21 08:15:33
(epstopdf)                    size: 10539 bytes
(epstopdf)             Command: <repstopdf --outfile=figs/cluster_c2b1_40_tev_e
ff-eps-converted-to.pdf figs/cluster_c2b1_40_tev_eff.eps>
(epstopdf)             \includegraphics on input line 32.
Package epstopdf Info: Output file is already uptodate.

<figs/cluster_c2b1_40_tev_eff-eps-converted-to.pdf, id=154, 569.12625pt x 387.4
475pt>
File: figs/cluster_c2b1_40_tev_eff-eps-converted-to.pdf Graphic file (type pdf)

 <use figs/cluster_c2b1_40_tev_eff-eps-converted-to.pdf>
Package pdftex.def Info: figs/cluster_c2b1_40_tev_eff-eps-converted-to.pdf used
 on input line 32.
(pdftex.def)             Requested size: 177.3999pt x 120.76962pt.
Package epstopdf Info: Source file: <figs/cluster_tau21_5_tev_eff.eps>
(epstopdf)                    date: 2017-12-20 21:41:54
(epstopdf)                    size: 12964 bytes
(epstopdf)             Output file: <figs/cluster_tau21_5_tev_eff-eps-converted
-to.pdf>
(epstopdf)                    date: 2017-12-21 08:15:34
(epstopdf)                    size: 11780 bytes
(epstopdf)             Command: <repstopdf --outfile=figs/cluster_tau21_5_tev_e
ff-eps-converted-to.pdf figs/cluster_tau21_5_tev_eff.eps>
(epstopdf)             \includegraphics on input line 43.
Package epstopdf Info: Output file is already uptodate.

<figs/cluster_tau21_5_tev_eff-eps-converted-to.pdf, id=155, 569.12625pt x 387.4
475pt>
File: figs/cluster_tau21_5_tev_eff-eps-converted-to.pdf Graphic file (type pdf)

 <use figs/cluster_tau21_5_tev_eff-eps-converted-to.pdf>
Package pdftex.def Info: figs/cluster_tau21_5_tev_eff-eps-converted-to.pdf used
 on input line 43.
(pdftex.def)             Requested size: 177.3999pt x 120.76962pt.
Package epstopdf Info: Source file: <figs/cluster_tau21_10_tev_eff.eps>
(epstopdf)                    date: 2017-12-20 21:41:54
(epstopdf)                    size: 12511 bytes
(epstopdf)             Output file: <figs/cluster_tau21_10_tev_eff-eps-converte
d-to.pdf>
(epstopdf)                    date: 2017-12-21 08:15:34
(epstopdf)                    size: 11745 bytes
(epstopdf)             Command: <repstopdf --outfile=figs/cluster_tau21_10_tev_
eff-eps-converted-to.pdf figs/cluster_tau21_10_tev_eff.eps>
(epstopdf)             \includegraphics on input line 46.
Package epstopdf Info: Output file is already uptodate.

<figs/cluster_tau21_10_tev_eff-eps-converted-to.pdf, id=156, 569.12625pt x 387.
4475pt>
File: figs/cluster_tau21_10_tev_eff-eps-converted-to.pdf Graphic file (type pdf
)
 <use figs/cluster_tau21_10_tev_eff-eps-converted-to.pdf>
Package pdftex.def Info: figs/cluster_tau21_10_tev_eff-eps-converted-to.pdf use
d on input line 46.
(pdftex.def)             Requested size: 177.3999pt x 120.76962pt.
Package epstopdf Info: Source file: <figs/cluster_tau21_20_tev_eff.eps>
(epstopdf)                    date: 2017-12-20 21:41:54
(epstopdf)                    size: 12984 bytes
(epstopdf)             Output file: <figs/cluster_tau21_20_tev_eff-eps-converte
d-to.pdf>
(epstopdf)                    date: 2017-12-21 08:15:35
(epstopdf)                    size: 12073 bytes
(epstopdf)             Command: <repstopdf --outfile=figs/cluster_tau21_20_tev_
eff-eps-converted-to.pdf figs/cluster_tau21_20_tev_eff.eps>
(epstopdf)             \includegraphics on input line 49.
Package epstopdf Info: Output file is already uptodate.

<figs/cluster_tau21_20_tev_eff-eps-converted-to.pdf, id=157, 569.12625pt x 387.
4475pt>
File: figs/cluster_tau21_20_tev_eff-eps-converted-to.pdf Graphic file (type pdf
)
 <use figs/cluster_tau21_20_tev_eff-eps-converted-to.pdf>
Package pdftex.def Info: figs/cluster_tau21_20_tev_eff-eps-converted-to.pdf use
d on input line 49.
(pdftex.def)             Requested size: 177.3999pt x 120.76962pt.
Package epstopdf Info: Source file: <figs/cluster_tau21_40_tev_eff.eps>
(epstopdf)                    date: 2017-12-20 21:41:54
(epstopdf)                    size: 12979 bytes
(epstopdf)             Output file: <figs/cluster_tau21_40_tev_eff-eps-converte
d-to.pdf>
(epstopdf)                    date: 2017-12-21 08:15:36
(epstopdf)                    size: 12129 bytes
(epstopdf)             Command: <repstopdf --outfile=figs/cluster_tau21_40_tev_
eff-eps-converted-to.pdf figs/cluster_tau21_40_tev_eff.eps>
(epstopdf)             \includegraphics on input line 52.
Package epstopdf Info: Output file is already uptodate.

<figs/cluster_tau21_40_tev_eff-eps-converted-to.pdf, id=158, 569.12625pt x 387.
4475pt>
File: figs/cluster_tau21_40_tev_eff-eps-converted-to.pdf Graphic file (type pdf
)
 <use figs/cluster_tau21_40_tev_eff-eps-converted-to.pdf>
Package pdftex.def Info: figs/cluster_tau21_40_tev_eff-eps-converted-to.pdf use
d on input line 52.
(pdftex.def)             Requested size: 177.3999pt x 120.76962pt.
Package epstopdf Info: Source file: <figs/cluster_tau32_5_tev_eff.eps>
(epstopdf)                    date: 2017-12-20 21:41:54
(epstopdf)                    size: 12219 bytes
(epstopdf)             Output file: <figs/cluster_tau32_5_tev_eff-eps-converted
-to.pdf>
(epstopdf)                    date: 2017-12-21 08:15:36
(epstopdf)                    size: 11151 bytes
(epstopdf)             Command: <repstopdf --outfile=figs/cluster_tau32_5_tev_e
ff-eps-converted-to.pdf figs/cluster_tau32_5_tev_eff.eps>
(epstopdf)             \includegraphics on input line 63.
Package epstopdf Info: Output file is already uptodate.

<figs/cluster_tau32_5_tev_eff-eps-converted-to.pdf, id=159, 569.12625pt x 387.4
475pt>
File: figs/cluster_tau32_5_tev_eff-eps-converted-to.pdf Graphic file (type pdf)

 <use figs/cluster_tau32_5_tev_eff-eps-converted-to.pdf>
Package pdftex.def Info: figs/cluster_tau32_5_tev_eff-eps-converted-to.pdf used
 on input line 63.
(pdftex.def)             Requested size: 177.3999pt x 120.76962pt.
Package epstopdf Info: Source file: <figs/cluster_tau32_10_tev_eff.eps>
(epstopdf)                    date: 2017-12-20 21:41:54
(epstopdf)                    size: 12239 bytes
(epstopdf)             Output file: <figs/cluster_tau32_10_tev_eff-eps-converte
d-to.pdf>
(epstopdf)                    date: 2017-12-21 08:15:37
(epstopdf)                    size: 11060 bytes
(epstopdf)             Command: <repstopdf --outfile=figs/cluster_tau32_10_tev_
eff-eps-converted-to.pdf figs/cluster_tau32_10_tev_eff.eps>
(epstopdf)             \includegraphics on input line 66.
Package epstopdf Info: Output file is already uptodate.

<figs/cluster_tau32_10_tev_eff-eps-converted-to.pdf, id=160, 569.12625pt x 387.
4475pt>
File: figs/cluster_tau32_10_tev_eff-eps-converted-to.pdf Graphic file (type pdf
)
 <use figs/cluster_tau32_10_tev_eff-eps-converted-to.pdf>
Package pdftex.def Info: figs/cluster_tau32_10_tev_eff-eps-converted-to.pdf use
d on input line 66.
(pdftex.def)             Requested size: 177.3999pt x 120.76962pt.
Package epstopdf Info: Source file: <figs/cluster_tau32_20_tev_eff.eps>
(epstopdf)                    date: 2017-12-20 21:41:54
(epstopdf)                    size: 12233 bytes
(epstopdf)             Output file: <figs/cluster_tau32_20_tev_eff-eps-converte
d-to.pdf>
(epstopdf)                    date: 2017-12-21 08:15:38
(epstopdf)                    size: 11141 bytes
(epstopdf)             Command: <repstopdf --outfile=figs/cluster_tau32_20_tev_
eff-eps-converted-to.pdf figs/cluster_tau32_20_tev_eff.eps>
(epstopdf)             \includegraphics on input line 69.
Package epstopdf Info: Output file is already uptodate.

<figs/cluster_tau32_20_tev_eff-eps-converted-to.pdf, id=161, 569.12625pt x 387.
4475pt>
File: figs/cluster_tau32_20_tev_eff-eps-converted-to.pdf Graphic file (type pdf
)
 <use figs/cluster_tau32_20_tev_eff-eps-converted-to.pdf>
Package pdftex.def Info: figs/cluster_tau32_20_tev_eff-eps-converted-to.pdf use
d on input line 69.
(pdftex.def)             Requested size: 177.3999pt x 120.76962pt.
Package epstopdf Info: Source file: <figs/cluster_tau32_40_tev_eff.eps>
(epstopdf)                    date: 2017-12-20 21:41:54
(epstopdf)                    size: 12723 bytes
(epstopdf)             Output file: <figs/cluster_tau32_40_tev_eff-eps-converte
d-to.pdf>
(epstopdf)                    date: 2017-12-21 08:15:38
(epstopdf)                    size: 11501 bytes
(epstopdf)             Command: <repstopdf --outfile=figs/cluster_tau32_40_tev_
eff-eps-converted-to.pdf figs/cluster_tau32_40_tev_eff.eps>
(epstopdf)             \includegraphics on input line 72.
Package epstopdf Info: Output file is already uptodate.

<figs/cluster_tau32_40_tev_eff-eps-converted-to.pdf, id=162, 569.12625pt x 387.
4475pt>
File: figs/cluster_tau32_40_tev_eff-eps-converted-to.pdf Graphic file (type pdf
)
 <use figs/cluster_tau32_40_tev_eff-eps-converted-to.pdf>
Package pdftex.def Info: figs/cluster_tau32_40_tev_eff-eps-converted-to.pdf use
d on input line 72.
(pdftex.def)             Requested size: 177.3999pt x 120.76962pt.
)
(./fcc_Mannuwhitney.tex
Underfull \hbox (badness 10000) in paragraph at lines 12--13

 []


Underfull \hbox (badness 10000) in paragraph at lines 14--15

 []

[5pdfTeX warning (ext4): destination with the same identifier (name{figure.3}) 
has been already used, duplicate ignored

\AtBegShi@Output ...ipout \box \AtBeginShipoutBox 
                                                  \fi \fi 
l.16 F
      igure 6 shows the representative sample of the distributions for $\tau...
 <./figs/cluster_c2b1_5_tev_eff-eps-converted-to.pdf> <./figs/cluster_c2b1_10_t
ev_eff-eps-converted-to.pdf> <./figs/cluster_c2b1_20_tev_eff-eps-converted-to.p
df> <./figs/cluster_c2b1_40_tev_eff-eps-converted-to.pdf>] [6pdfTeX warning (ex
t4): destination with the same identifier (name{figure.4}) has been already use
d, duplicate ignored

\AtBegShi@Output ...ipout \box \AtBeginShipoutBox 
                                                  \fi \fi 
l.16 F
      igure 6 shows the representative sample of the distributions for $\tau...
 <./figs/cluster_tau21_5_tev_eff-eps-converted-to.pdf> <./figs/cluster_tau21_10
_tev_eff-eps-converted-to.pdf> <./figs/cluster_tau21_20_tev_eff-eps-converted-t
o.pdf> <./figs/cluster_tau21_40_tev_eff-eps-converted-to.pdf>] [7pdfTeX warning
 (ext4): destination with the same identifier (name{figure.5}) has been already
 used, duplicate ignored

\AtBegShi@Output ...ipout \box \AtBeginShipoutBox 
                                                  \fi \fi 
l.16 F
      igure 6 shows the representative sample of the distributions for $\tau...
 <./figs/cluster_tau32_5_tev_eff-eps-converted-to.pdf> <./figs/cluster_tau32_10
_tev_eff-eps-converted-to.pdf> <./figs/cluster_tau32_20_tev_eff-eps-converted-t
o.pdf> <./figs/cluster_tau32_40_tev_eff-eps-converted-to.pdf>]
Underfull \hbox (badness 10000) in paragraph at lines 16--17

 []


Underfull \hbox (badness 10000) in paragraph at lines 18--19

 []


Underfull \hbox (badness 10000) in paragraph at lines 20--21

 []

Package epstopdf Info: Source file: <figs/r010_tau21b1_20tev_04_U.eps>
(epstopdf)                    date: 2018-01-13 17:24:43
(epstopdf)                    size: 12575 bytes
(epstopdf)             Output file: <figs/r010_tau21b1_20tev_04_U-eps-converted
-to.pdf>
(epstopdf)                    date: 2018-01-15 14:54:07
(epstopdf)                    size: 10830 bytes
(epstopdf)             Command: <repstopdf --outfile=figs/r010_tau21b1_20tev_04
_U-eps-converted-to.pdf figs/r010_tau21b1_20tev_04_U.eps>
(epstopdf)             \includegraphics on input line 29.
Package epstopdf Info: Output file is already uptodate.

<figs/r010_tau21b1_20tev_04_U-eps-converted-to.pdf, id=315, 569.12625pt x 543.0
2875pt>
File: figs/r010_tau21b1_20tev_04_U-eps-converted-to.pdf Graphic file (type pdf)

 <use figs/r010_tau21b1_20tev_04_U-eps-converted-to.pdf>
Package pdftex.def Info: figs/r010_tau21b1_20tev_04_U-eps-converted-to.pdf used
 on input line 29.
(pdftex.def)             Requested size: 177.3999pt x 169.26518pt.
Package epstopdf Info: Source file: <figs/r010_tau32b1_20tev_04_U.eps>
(epstopdf)                    date: 2018-01-15 12:03:07
(epstopdf)                    size: 13193 bytes
(epstopdf)             Output file: <figs/r010_tau32b1_20tev_04_U-eps-converted
-to.pdf>
(epstopdf)                    date: 2018-01-15 14:54:07
(epstopdf)                    size: 10702 bytes
(epstopdf)             Command: <repstopdf --outfile=figs/r010_tau32b1_20tev_04
_U-eps-converted-to.pdf figs/r010_tau32b1_20tev_04_U.eps>
(epstopdf)             \includegraphics on input line 32.
Package epstopdf Info: Output file is already uptodate.

<figs/r010_tau32b1_20tev_04_U-eps-converted-to.pdf, id=316, 569.12625pt x 543.0
2875pt>
File: figs/r010_tau32b1_20tev_04_U-eps-converted-to.pdf Graphic file (type pdf)

 <use figs/r010_tau32b1_20tev_04_U-eps-converted-to.pdf>
Package pdftex.def Info: figs/r010_tau32b1_20tev_04_U-eps-converted-to.pdf used
 on input line 32.
(pdftex.def)             Requested size: 177.3999pt x 169.26518pt.
Package epstopdf Info: Source file: <figs/r009_tau21b1_20tev_04_U.eps>
(epstopdf)                    date: 2018-01-13 17:25:11
(epstopdf)                    size: 12576 bytes
(epstopdf)             Output file: <figs/r009_tau21b1_20tev_04_U-eps-converted
-to.pdf>
(epstopdf)                    date: 2018-01-15 14:32:52
(epstopdf)                    size: 10848 bytes
(epstopdf)             Command: <repstopdf --outfile=figs/r009_tau21b1_20tev_04
_U-eps-converted-to.pdf figs/r009_tau21b1_20tev_04_U.eps>
(epstopdf)             \includegraphics on input line 35.
Package epstopdf Info: Output file is already uptodate.

<figs/r009_tau21b1_20tev_04_U-eps-converted-to.pdf, id=317, 569.12625pt x 543.0
2875pt>
File: figs/r009_tau21b1_20tev_04_U-eps-converted-to.pdf Graphic file (type pdf)

 <use figs/r009_tau21b1_20tev_04_U-eps-converted-to.pdf>
Package pdftex.def Info: figs/r009_tau21b1_20tev_04_U-eps-converted-to.pdf used
 on input line 35.
(pdftex.def)             Requested size: 177.3999pt x 169.26518pt.
Package epstopdf Info: Source file: <figs/r009_tau32b1_20tev_04_U.eps>
(epstopdf)                    date: 2018-01-15 12:03:23
(epstopdf)                    size: 13297 bytes
(epstopdf)             Output file: <figs/r009_tau32b1_20tev_04_U-eps-converted
-to.pdf>
(epstopdf)                    date: 2018-01-15 14:52:59
(epstopdf)                    size: 10715 bytes
(epstopdf)             Command: <repstopdf --outfile=figs/r009_tau32b1_20tev_04
_U-eps-converted-to.pdf figs/r009_tau32b1_20tev_04_U.eps>
(epstopdf)             \includegraphics on input line 38.
Package epstopdf Info: Output file is already uptodate.

<figs/r009_tau32b1_20tev_04_U-eps-converted-to.pdf, id=318, 569.12625pt x 543.0
2875pt>
File: figs/r009_tau32b1_20tev_04_U-eps-converted-to.pdf Graphic file (type pdf)

 <use figs/r009_tau32b1_20tev_04_U-eps-converted-to.pdf>
Package pdftex.def Info: figs/r009_tau32b1_20tev_04_U-eps-converted-to.pdf used
 on input line 38.
(pdftex.def)             Requested size: 177.3999pt x 169.26518pt.
Package epstopdf Info: Source file: <figs/r012_tau21b1_20tev_04_U.eps>
(epstopdf)                    date: 2018-01-13 17:24:07
(epstopdf)                    size: 12725 bytes
(epstopdf)             Output file: <figs/r012_tau21b1_20tev_04_U-eps-converted
-to.pdf>
(epstopdf)                    date: 2018-01-15 14:54:08
(epstopdf)                    size: 10866 bytes
(epstopdf)             Command: <repstopdf --outfile=figs/r012_tau21b1_20tev_04
_U-eps-converted-to.pdf figs/r012_tau21b1_20tev_04_U.eps>
(epstopdf)             \includegraphics on input line 41.
Package epstopdf Info: Output file is already uptodate.

<figs/r012_tau21b1_20tev_04_U-eps-converted-to.pdf, id=319, 569.12625pt x 543.0
2875pt>
File: figs/r012_tau21b1_20tev_04_U-eps-converted-to.pdf Graphic file (type pdf)

 <use figs/r012_tau21b1_20tev_04_U-eps-converted-to.pdf>
Package pdftex.def Info: figs/r012_tau21b1_20tev_04_U-eps-converted-to.pdf used
 on input line 41.
(pdftex.def)             Requested size: 177.3999pt x 169.26518pt.
Package epstopdf Info: Source file: <figs/r012_tau32b1_20tev_04_U.eps>
(epstopdf)                    date: 2018-01-15 12:02:52
(epstopdf)                    size: 13121 bytes
(epstopdf)             Output file: <figs/r012_tau32b1_20tev_04_U-eps-converted
-to.pdf>
(epstopdf)                    date: 2018-01-15 14:54:09
(epstopdf)                    size: 10668 bytes
(epstopdf)             Command: <repstopdf --outfile=figs/r012_tau32b1_20tev_04
_U-eps-converted-to.pdf figs/r012_tau32b1_20tev_04_U.eps>
(epstopdf)             \includegraphics on input line 44.
Package epstopdf Info: Output file is already uptodate.

<figs/r012_tau32b1_20tev_04_U-eps-converted-to.pdf, id=320, 569.12625pt x 543.0
2875pt>
File: figs/r012_tau32b1_20tev_04_U-eps-converted-to.pdf Graphic file (type pdf)

 <use figs/r012_tau32b1_20tev_04_U-eps-converted-to.pdf>
Package pdftex.def Info: figs/r012_tau32b1_20tev_04_U-eps-converted-to.pdf used
 on input line 44.
(pdftex.def)             Requested size: 177.3999pt x 169.26518pt.


LaTeX Warning: Float too large for page by 4.38495pt on input line 49.

Package epstopdf Info: Source file: <figs/cluster_tau21_summary_U.eps>
(epstopdf)                    date: 2018-01-15 15:31:16
(epstopdf)                    size: 12046 bytes
(epstopdf)             Output file: <figs/cluster_tau21_summary_U-eps-converted
-to.pdf>
(epstopdf)                    date: 2018-01-15 15:33:04
(epstopdf)                    size: 9023 bytes
(epstopdf)             Command: <repstopdf --outfile=figs/cluster_tau21_summary
_U-eps-converted-to.pdf figs/cluster_tau21_summary_U.eps>
(epstopdf)             \includegraphics on input line 56.
Package epstopdf Info: Output file is already uptodate.

<figs/cluster_tau21_summary_U-eps-converted-to.pdf, id=321, 569.12625pt x 543.0
2875pt>
File: figs/cluster_tau21_summary_U-eps-converted-to.pdf Graphic file (type pdf)

 <use figs/cluster_tau21_summary_U-eps-converted-to.pdf>
Package pdftex.def Info: figs/cluster_tau21_summary_U-eps-converted-to.pdf used
 on input line 56.
(pdftex.def)             Requested size: 177.3999pt x 169.26518pt.
Package epstopdf Info: Source file: <figs/cluster_tau32_summary_U.eps>
(epstopdf)                    date: 2018-01-15 15:31:16
(epstopdf)                    size: 11872 bytes
(epstopdf)             Output file: <figs/cluster_tau32_summary_U-eps-converted
-to.pdf>
(epstopdf)                    date: 2018-01-15 15:33:05
(epstopdf)                    size: 8679 bytes
(epstopdf)             Command: <repstopdf --outfile=figs/cluster_tau32_summary
_U-eps-converted-to.pdf figs/cluster_tau32_summary_U.eps>
(epstopdf)             \includegraphics on input line 59.
Package epstopdf Info: Output file is already uptodate.

<figs/cluster_tau32_summary_U-eps-converted-to.pdf, id=322, 569.12625pt x 543.0
2875pt>
File: figs/cluster_tau32_summary_U-eps-converted-to.pdf Graphic file (type pdf)

 <use figs/cluster_tau32_summary_U-eps-converted-to.pdf>
Package pdftex.def Info: figs/cluster_tau32_summary_U-eps-converted-to.pdf used
 on input line 59.
(pdftex.def)             Requested size: 177.3999pt x 169.26518pt.
Package epstopdf Info: Source file: <figs/cluster_c2b1_summary_U.eps>
(epstopdf)                    date: 2018-01-15 15:31:17
(epstopdf)                    size: 12026 bytes
(epstopdf)             Output file: <figs/cluster_c2b1_summary_U-eps-converted-
to.pdf>
(epstopdf)                    date: 2018-01-15 15:33:05
(epstopdf)                    size: 9005 bytes
(epstopdf)             Command: <repstopdf --outfile=figs/cluster_c2b1_summary_
U-eps-converted-to.pdf figs/cluster_c2b1_summary_U.eps>
(epstopdf)             \includegraphics on input line 62.
Package epstopdf Info: Output file is already uptodate.

<figs/cluster_c2b1_summary_U-eps-converted-to.pdf, id=323, 569.12625pt x 543.02
875pt>
File: figs/cluster_c2b1_summary_U-eps-converted-to.pdf Graphic file (type pdf)
 <use figs/cluster_c2b1_summary_U-eps-converted-to.pdf>
Package pdftex.def Info: figs/cluster_c2b1_summary_U-eps-converted-to.pdf used 
on input line 62.
(pdftex.def)             Requested size: 177.3999pt x 169.26518pt.
Package epstopdf Info: Source file: <figs/raw_tau21_summary_U.eps>
(epstopdf)                    date: 2018-01-15 15:31:48
(epstopdf)                    size: 12048 bytes
(epstopdf)             Output file: <figs/raw_tau21_summary_U-eps-converted-to.
pdf>
(epstopdf)                    date: 2018-01-15 15:33:06
(epstopdf)                    size: 9015 bytes
(epstopdf)             Command: <repstopdf --outfile=figs/raw_tau21_summary_U-e
ps-converted-to.pdf figs/raw_tau21_summary_U.eps>
(epstopdf)             \includegraphics on input line 73.
Package epstopdf Info: Output file is already uptodate.

<figs/raw_tau21_summary_U-eps-converted-to.pdf, id=324, 569.12625pt x 543.02875
pt>
File: figs/raw_tau21_summary_U-eps-converted-to.pdf Graphic file (type pdf)
 <use figs/raw_tau21_summary_U-eps-converted-to.pdf>
Package pdftex.def Info: figs/raw_tau21_summary_U-eps-converted-to.pdf used on 
input line 73.
(pdftex.def)             Requested size: 177.3999pt x 169.26518pt.
Package epstopdf Info: Source file: <figs/raw_tau32_summary_U.eps>
(epstopdf)                    date: 2018-01-15 15:31:49
(epstopdf)                    size: 11850 bytes
(epstopdf)             Output file: <figs/raw_tau32_summary_U-eps-converted-to.
pdf>
(epstopdf)                    date: 2018-01-15 15:33:07
(epstopdf)                    size: 8669 bytes
(epstopdf)             Command: <repstopdf --outfile=figs/raw_tau32_summary_U-e
ps-converted-to.pdf figs/raw_tau32_summary_U.eps>
(epstopdf)             \includegraphics on input line 76.
Package epstopdf Info: Output file is already uptodate.

<figs/raw_tau32_summary_U-eps-converted-to.pdf, id=325, 569.12625pt x 543.02875
pt>
File: figs/raw_tau32_summary_U-eps-converted-to.pdf Graphic file (type pdf)
 <use figs/raw_tau32_summary_U-eps-converted-to.pdf>
Package pdftex.def Info: figs/raw_tau32_summary_U-eps-converted-to.pdf used on 
input line 76.
(pdftex.def)             Requested size: 177.3999pt x 169.26518pt.
Package epstopdf Info: Source file: <figs/raw_c2b1_summary_U.eps>
(epstopdf)                    date: 2018-01-15 15:31:49
(epstopdf)                    size: 12008 bytes
(epstopdf)             Output file: <figs/raw_c2b1_summary_U-eps-converted-to.p
df>
(epstopdf)                    date: 2018-01-15 15:33:07
(epstopdf)                    size: 8983 bytes
(epstopdf)             Command: <repstopdf --outfile=figs/raw_c2b1_summary_U-ep
s-converted-to.pdf figs/raw_c2b1_summary_U.eps>
(epstopdf)             \includegraphics on input line 79.
Package epstopdf Info: Output file is already uptodate.

<figs/raw_c2b1_summary_U-eps-converted-to.pdf, id=326, 569.12625pt x 543.02875p
t>
File: figs/raw_c2b1_summary_U-eps-converted-to.pdf Graphic file (type pdf)
 <use figs/raw_c2b1_summary_U-eps-converted-to.pdf>
Package pdftex.def Info: figs/raw_c2b1_summary_U-eps-converted-to.pdf used on i
nput line 79.
(pdftex.def)             Requested size: 177.3999pt x 169.26518pt.
)
(./fcc_Appendix_c_variables_study.tex

Package natbib Warning: Citation `Larkoski:2013eya' on page 8 undefined on inpu
t line 2.


Underfull \hbox (badness 10000) in paragraph at lines 2--3

 []

[8] [9pdfTeX warning (ext4): destination with the same identifier (name{figure.
6}) has been already used, duplicate ignored

\AtBegShi@Output ...ipout \box \AtBeginShipoutBox 
                                                  \fi \fi 
l.3 
     <./figs/r010_tau21b1_20tev_04_U-eps-converted-to.pdf> <./figs/r010_tau32b1
_20tev_04_U-eps-converted-to.pdf> <./figs/r009_tau21b1_20tev_04_U-eps-converted
-to.pdf> <./figs/r009_tau32b1_20tev_04_U-eps-converted-to.pdf> <./figs/r012_tau
21b1_20tev_04_U-eps-converted-to.pdf> <./figs/r012_tau32b1_20tev_04_U-eps-conve
rted-to.pdf>] [10pdfTeX warning (ext4): destination with the same identifier (n
ame{figure.7}) has been already used, duplicate ignored

\AtBegShi@Output ...ipout \box \AtBeginShipoutBox 
                                                  \fi \fi 
l.3 
     <./figs/cluster_tau21_summary_U-eps-converted-to.pdf> <./figs/cluster_tau3
2_summary_U-eps-converted-to.pdf> <./figs/cluster_c2b1_summary_U-eps-converted-
to.pdf>] [11pdfTeX warning (ext4): destination with the same identifier (name{f
igure.8}) has been already used, duplicate ignored

\AtBegShi@Output ...ipout \box \AtBeginShipoutBox 
                                                  \fi \fi 
l.3 
     <./figs/raw_tau21_summary_U-eps-converted-to.pdf> <./figs/raw_tau32_summar
y_U-eps-converted-to.pdf> <./figs/raw_c2b1_summary_U-eps-converted-to.pdf>]
Package epstopdf Info: Source file: <figs/cluster_r010_c_variable_5tev_04_eff.e
ps>
(epstopdf)                    date: 2018-01-19 15:14:18
(epstopdf)                    size: 13918 bytes
(epstopdf)             Output file: <figs/cluster_r010_c_variable_5tev_04_eff-e
ps-converted-to.pdf>
(epstopdf)                    date: 2018-01-19 15:15:49
(epstopdf)                    size: 13150 bytes
(epstopdf)             Command: <repstopdf --outfile=figs/cluster_r010_c_variab
le_5tev_04_eff-eps-converted-to.pdf figs/cluster_r010_c_variable_5tev_04_eff.ep
s>
(epstopdf)             \includegraphics on input line 12.
Package epstopdf Info: Output file is already uptodate.

<figs/cluster_r010_c_variable_5tev_04_eff-eps-converted-to.pdf, id=501, 569.126
25pt x 394.47375pt>
File: figs/cluster_r010_c_variable_5tev_04_eff-eps-converted-to.pdf Graphic fil
e (type pdf)

<use figs/cluster_r010_c_variable_5tev_04_eff-eps-converted-to.pdf>
Package pdftex.def Info: figs/cluster_r010_c_variable_5tev_04_eff-eps-converted
-to.pdf used on input line 12.
(pdftex.def)             Requested size: 177.3999pt x 122.95973pt.
Package epstopdf Info: Source file: <figs/cluster_r010_c_variable_10tev_04_eff.
eps>
(epstopdf)                    date: 2018-01-19 15:14:18
(epstopdf)                    size: 13943 bytes
(epstopdf)             Output file: <figs/cluster_r010_c_variable_10tev_04_eff-
eps-converted-to.pdf>
(epstopdf)                    date: 2018-01-19 15:15:50
(epstopdf)                    size: 13140 bytes
(epstopdf)             Command: <repstopdf --outfile=figs/cluster_r010_c_variab
le_10tev_04_eff-eps-converted-to.pdf figs/cluster_r010_c_variable_10tev_04_eff.
eps>
(epstopdf)             \includegraphics on input line 15.
Package epstopdf Info: Output file is already uptodate.

<figs/cluster_r010_c_variable_10tev_04_eff-eps-converted-to.pdf, id=502, 569.12
625pt x 394.47375pt>
File: figs/cluster_r010_c_variable_10tev_04_eff-eps-converted-to.pdf Graphic fi
le (type pdf)

<use figs/cluster_r010_c_variable_10tev_04_eff-eps-converted-to.pdf>
Package pdftex.def Info: figs/cluster_r010_c_variable_10tev_04_eff-eps-converte
d-to.pdf used on input line 15.
(pdftex.def)             Requested size: 177.3999pt x 122.95973pt.
Package epstopdf Info: Source file: <figs/cluster_r010_c_variable_20tev_04_eff.
eps>
(epstopdf)                    date: 2018-01-19 15:14:19
(epstopdf)                    size: 13893 bytes
(epstopdf)             Output file: <figs/cluster_r010_c_variable_20tev_04_eff-
eps-converted-to.pdf>
(epstopdf)                    date: 2018-01-19 15:15:51
(epstopdf)                    size: 13060 bytes
(epstopdf)             Command: <repstopdf --outfile=figs/cluster_r010_c_variab
le_20tev_04_eff-eps-converted-to.pdf figs/cluster_r010_c_variable_20tev_04_eff.
eps>
(epstopdf)             \includegraphics on input line 18.
Package epstopdf Info: Output file is already uptodate.

<figs/cluster_r010_c_variable_20tev_04_eff-eps-converted-to.pdf, id=503, 569.12
625pt x 394.47375pt>
File: figs/cluster_r010_c_variable_20tev_04_eff-eps-converted-to.pdf Graphic fi
le (type pdf)

<use figs/cluster_r010_c_variable_20tev_04_eff-eps-converted-to.pdf>
Package pdftex.def Info: figs/cluster_r010_c_variable_20tev_04_eff-eps-converte
d-to.pdf used on input line 18.
(pdftex.def)             Requested size: 177.3999pt x 122.95973pt.
Package epstopdf Info: Source file: <figs/cluster_r010_c_variable_40tev_04_eff.
eps>
(epstopdf)                    date: 2018-01-19 15:14:19
(epstopdf)                    size: 13997 bytes
(epstopdf)             Output file: <figs/cluster_r010_c_variable_40tev_04_eff-
eps-converted-to.pdf>
(epstopdf)                    date: 2018-01-19 15:15:51
(epstopdf)                    size: 13364 bytes
(epstopdf)             Command: <repstopdf --outfile=figs/cluster_r010_c_variab
le_40tev_04_eff-eps-converted-to.pdf figs/cluster_r010_c_variable_40tev_04_eff.
eps>
(epstopdf)             \includegraphics on input line 21.
Package epstopdf Info: Output file is already uptodate.

<figs/cluster_r010_c_variable_40tev_04_eff-eps-converted-to.pdf, id=504, 569.12
625pt x 394.47375pt>
File: figs/cluster_r010_c_variable_40tev_04_eff-eps-converted-to.pdf Graphic fi
le (type pdf)

<use figs/cluster_r010_c_variable_40tev_04_eff-eps-converted-to.pdf>
Package pdftex.def Info: figs/cluster_r010_c_variable_40tev_04_eff-eps-converte
d-to.pdf used on input line 21.
(pdftex.def)             Requested size: 177.3999pt x 122.95973pt.
Package epstopdf Info: Source file: <figs/cluster_r009_c_variable_5tev_04_eff.e
ps>
(epstopdf)                    date: 2018-01-19 15:14:16
(epstopdf)                    size: 13967 bytes
(epstopdf)             Output file: <figs/cluster_r009_c_variable_5tev_04_eff-e
ps-converted-to.pdf>
(epstopdf)                    date: 2018-01-19 15:15:52
(epstopdf)                    size: 13129 bytes
(epstopdf)             Command: <repstopdf --outfile=figs/cluster_r009_c_variab
le_5tev_04_eff-eps-converted-to.pdf figs/cluster_r009_c_variable_5tev_04_eff.ep
s>
(epstopdf)             \includegraphics on input line 32.
Package epstopdf Info: Output file is already uptodate.

<figs/cluster_r009_c_variable_5tev_04_eff-eps-converted-to.pdf, id=505, 569.126
25pt x 394.47375pt>
File: figs/cluster_r009_c_variable_5tev_04_eff-eps-converted-to.pdf Graphic fil
e (type pdf)

<use figs/cluster_r009_c_variable_5tev_04_eff-eps-converted-to.pdf>
Package pdftex.def Info: figs/cluster_r009_c_variable_5tev_04_eff-eps-converted
-to.pdf used on input line 32.
(pdftex.def)             Requested size: 177.3999pt x 122.95973pt.
Package epstopdf Info: Source file: <figs/cluster_r009_c_variable_10tev_04_eff.
eps>
(epstopdf)                    date: 2018-01-19 15:14:17
(epstopdf)                    size: 13958 bytes
(epstopdf)             Output file: <figs/cluster_r009_c_variable_10tev_04_eff-
eps-converted-to.pdf>
(epstopdf)                    date: 2018-01-19 15:15:53
(epstopdf)                    size: 13193 bytes
(epstopdf)             Command: <repstopdf --outfile=figs/cluster_r009_c_variab
le_10tev_04_eff-eps-converted-to.pdf figs/cluster_r009_c_variable_10tev_04_eff.
eps>
(epstopdf)             \includegraphics on input line 35.
Package epstopdf Info: Output file is already uptodate.

<figs/cluster_r009_c_variable_10tev_04_eff-eps-converted-to.pdf, id=506, 569.12
625pt x 394.47375pt>
File: figs/cluster_r009_c_variable_10tev_04_eff-eps-converted-to.pdf Graphic fi
le (type pdf)

<use figs/cluster_r009_c_variable_10tev_04_eff-eps-converted-to.pdf>
Package pdftex.def Info: figs/cluster_r009_c_variable_10tev_04_eff-eps-converte
d-to.pdf used on input line 35.
(pdftex.def)             Requested size: 177.3999pt x 122.95973pt.
Package epstopdf Info: Source file: <figs/cluster_r009_c_variable_20tev_04_eff.
eps>
(epstopdf)                    date: 2018-01-19 15:14:17
(epstopdf)                    size: 13904 bytes
(epstopdf)             Output file: <figs/cluster_r009_c_variable_20tev_04_eff-
eps-converted-to.pdf>
(epstopdf)                    date: 2018-01-19 15:15:54
(epstopdf)                    size: 13166 bytes
(epstopdf)             Command: <repstopdf --outfile=figs/cluster_r009_c_variab
le_20tev_04_eff-eps-converted-to.pdf figs/cluster_r009_c_variable_20tev_04_eff.
eps>
(epstopdf)             \includegraphics on input line 38.
Package epstopdf Info: Output file is already uptodate.

<figs/cluster_r009_c_variable_20tev_04_eff-eps-converted-to.pdf, id=507, 569.12
625pt x 394.47375pt>
File: figs/cluster_r009_c_variable_20tev_04_eff-eps-converted-to.pdf Graphic fi
le (type pdf)

<use figs/cluster_r009_c_variable_20tev_04_eff-eps-converted-to.pdf>
Package pdftex.def Info: figs/cluster_r009_c_variable_20tev_04_eff-eps-converte
d-to.pdf used on input line 38.
(pdftex.def)             Requested size: 177.3999pt x 122.95973pt.
Package epstopdf Info: Source file: <figs/cluster_r009_c_variable_40tev_04_eff.
eps>
(epstopdf)                    date: 2018-01-19 15:14:18
(epstopdf)                    size: 13936 bytes
(epstopdf)             Output file: <figs/cluster_r009_c_variable_40tev_04_eff-
eps-converted-to.pdf>
(epstopdf)                    date: 2018-01-19 15:15:54
(epstopdf)                    size: 13269 bytes
(epstopdf)             Command: <repstopdf --outfile=figs/cluster_r009_c_variab
le_40tev_04_eff-eps-converted-to.pdf figs/cluster_r009_c_variable_40tev_04_eff.
eps>
(epstopdf)             \includegraphics on input line 41.
Package epstopdf Info: Output file is already uptodate.

<figs/cluster_r009_c_variable_40tev_04_eff-eps-converted-to.pdf, id=508, 569.12
625pt x 394.47375pt>
File: figs/cluster_r009_c_variable_40tev_04_eff-eps-converted-to.pdf Graphic fi
le (type pdf)

<use figs/cluster_r009_c_variable_40tev_04_eff-eps-converted-to.pdf>
Package pdftex.def Info: figs/cluster_r009_c_variable_40tev_04_eff-eps-converte
d-to.pdf used on input line 41.
(pdftex.def)             Requested size: 177.3999pt x 122.95973pt.
Package epstopdf Info: Source file: <figs/cluster_r012_c_variable_5tev_04_eff.e
ps>
(epstopdf)                    date: 2018-01-19 15:14:20
(epstopdf)                    size: 13884 bytes
(epstopdf)             Output file: <figs/cluster_r012_c_variable_5tev_04_eff-e
ps-converted-to.pdf>
(epstopdf)                    date: 2018-01-19 15:15:55
(epstopdf)                    size: 12988 bytes
(epstopdf)             Command: <repstopdf --outfile=figs/cluster_r012_c_variab
le_5tev_04_eff-eps-converted-to.pdf figs/cluster_r012_c_variable_5tev_04_eff.ep
s>
(epstopdf)             \includegraphics on input line 52.
Package epstopdf Info: Output file is already uptodate.

<figs/cluster_r012_c_variable_5tev_04_eff-eps-converted-to.pdf, id=509, 569.126
25pt x 394.47375pt>
File: figs/cluster_r012_c_variable_5tev_04_eff-eps-converted-to.pdf Graphic fil
e (type pdf)

<use figs/cluster_r012_c_variable_5tev_04_eff-eps-converted-to.pdf>
Package pdftex.def Info: figs/cluster_r012_c_variable_5tev_04_eff-eps-converted
-to.pdf used on input line 52.
(pdftex.def)             Requested size: 177.3999pt x 122.95973pt.
Package epstopdf Info: Source file: <figs/cluster_r012_c_variable_10tev_04_eff.
eps>
(epstopdf)                    date: 2018-01-19 15:14:20
(epstopdf)                    size: 13933 bytes
(epstopdf)             Output file: <figs/cluster_r012_c_variable_10tev_04_eff-
eps-converted-to.pdf>
(epstopdf)                    date: 2018-01-19 15:15:56
(epstopdf)                    size: 13064 bytes
(epstopdf)             Command: <repstopdf --outfile=figs/cluster_r012_c_variab
le_10tev_04_eff-eps-converted-to.pdf figs/cluster_r012_c_variable_10tev_04_eff.
eps>
(epstopdf)             \includegraphics on input line 55.
Package epstopdf Info: Output file is already uptodate.

<figs/cluster_r012_c_variable_10tev_04_eff-eps-converted-to.pdf, id=510, 569.12
625pt x 394.47375pt>
File: figs/cluster_r012_c_variable_10tev_04_eff-eps-converted-to.pdf Graphic fi
le (type pdf)

<use figs/cluster_r012_c_variable_10tev_04_eff-eps-converted-to.pdf>
Package pdftex.def Info: figs/cluster_r012_c_variable_10tev_04_eff-eps-converte
d-to.pdf used on input line 55.
(pdftex.def)             Requested size: 177.3999pt x 122.95973pt.
Package epstopdf Info: Source file: <figs/cluster_r012_c_variable_20tev_04_eff.
eps>
(epstopdf)                    date: 2018-01-19 15:14:21
(epstopdf)                    size: 13940 bytes
(epstopdf)             Output file: <figs/cluster_r012_c_variable_20tev_04_eff-
eps-converted-to.pdf>
(epstopdf)                    date: 2018-01-19 15:15:56
(epstopdf)                    size: 13063 bytes
(epstopdf)             Command: <repstopdf --outfile=figs/cluster_r012_c_variab
le_20tev_04_eff-eps-converted-to.pdf figs/cluster_r012_c_variable_20tev_04_eff.
eps>
(epstopdf)             \includegraphics on input line 58.
Package epstopdf Info: Output file is already uptodate.

<figs/cluster_r012_c_variable_20tev_04_eff-eps-converted-to.pdf, id=511, 569.12
625pt x 394.47375pt>
File: figs/cluster_r012_c_variable_20tev_04_eff-eps-converted-to.pdf Graphic fi
le (type pdf)

<use figs/cluster_r012_c_variable_20tev_04_eff-eps-converted-to.pdf>
Package pdftex.def Info: figs/cluster_r012_c_variable_20tev_04_eff-eps-converte
d-to.pdf used on input line 58.
(pdftex.def)             Requested size: 177.3999pt x 122.95973pt.
Package epstopdf Info: Source file: <figs/cluster_r012_c_variable_40tev_04_eff.
eps>
(epstopdf)                    date: 2018-01-19 15:14:21
(epstopdf)                    size: 13929 bytes
(epstopdf)             Output file: <figs/cluster_r012_c_variable_40tev_04_eff-
eps-converted-to.pdf>
(epstopdf)                    date: 2018-01-19 15:15:57
(epstopdf)                    size: 13313 bytes
(epstopdf)             Command: <repstopdf --outfile=figs/cluster_r012_c_variab
le_40tev_04_eff-eps-converted-to.pdf figs/cluster_r012_c_variable_40tev_04_eff.
eps>
(epstopdf)             \includegraphics on input line 61.
Package epstopdf Info: Output file is already uptodate.

<figs/cluster_r012_c_variable_40tev_04_eff-eps-converted-to.pdf, id=512, 569.12
625pt x 394.47375pt>
File: figs/cluster_r012_c_variable_40tev_04_eff-eps-converted-to.pdf Graphic fi
le (type pdf)

<use figs/cluster_r012_c_variable_40tev_04_eff-eps-converted-to.pdf>
Package pdftex.def Info: figs/cluster_r012_c_variable_40tev_04_eff-eps-converte
d-to.pdf used on input line 61.
(pdftex.def)             Requested size: 177.3999pt x 122.95973pt.
) [12pdfTeX warning (ext4): destination with the same identifier (name{figure.9
}) has been already used, duplicate ignored

\AtBegShi@Output ...ipout \box \AtBeginShipoutBox 
                                                  \fi \fi 
l.289 \newpage
               <./figs/cluster_r010_c_variable_5tev_04_eff-eps-converted-to.pdf
> <./figs/cluster_r010_c_variable_10tev_04_eff-eps-converted-to.pdf> <./figs/cl
uster_r010_c_variable_20tev_04_eff-eps-converted-to.pdf> <./figs/cluster_r010_c
_variable_40tev_04_eff-eps-converted-to.pdf>] [13pdfTeX warning (ext4): destina
tion with the same identifier (name{figure.10}) has been already used, duplicat
e ignored

\AtBegShi@Output ...ipout \box \AtBeginShipoutBox 
                                                  \fi \fi 
l.289 \newpage
               <./figs/cluster_r009_c_variable_5tev_04_eff-eps-converted-to.pdf
> <./figs/cluster_r009_c_variable_10tev_04_eff-eps-converted-to.pdf> <./figs/cl
uster_r009_c_variable_20tev_04_eff-eps-converted-to.pdf> <./figs/cluster_r009_c
_variable_40tev_04_eff-eps-converted-to.pdf>] [14pdfTeX warning (ext4): destina
tion with the same identifier (name{figure.11}) has been already used, duplicat
e ignored

\AtBegShi@Output ...ipout \box \AtBeginShipoutBox 
                                                  \fi \fi 
l.289 \newpage
               <./figs/cluster_r012_c_variable_5tev_04_eff-eps-converted-to.pdf
> <./figs/cluster_r012_c_variable_10tev_04_eff-eps-converted-to.pdf> <./figs/cl
uster_r012_c_variable_20tev_04_eff-eps-converted-to.pdf> <./figs/cluster_r012_c
_variable_40tev_04_eff-eps-converted-to.pdf>]
No file fcc_hcal.bbl.

Package natbib Warning: There were undefined citations.

Package atveryend Info: Empty hook `BeforeClearDocument' on input line 301.
[15]
Package atveryend Info: Empty hook `AfterLastShipout' on input line 301.
 (./fcc_hcal.aux)
Package atveryend Info: Executing hook `AtVeryEndDocument' on input line 301.
Package atveryend Info: Executing hook `AtEndAfterFileList' on input line 301.
Package rerunfilecheck Info: File `fcc_hcal.out' has not changed.
(rerunfilecheck)             Checksum: A6CC7F065E5BFC837E4E748EB81A1CF5;413.


LaTeX Warning: Label(s) may have changed. Rerun to get cross-references right.

Package atveryend Info: Empty hook `AtVeryVeryEnd' on input line 301.
 ) 
Here is how much of TeX's memory you used:
 8650 strings out of 492995
 133515 string characters out of 6132704
 247936 words of memory out of 5000000
 11902 multiletter control sequences out of 15000+600000
 17321 words of font info for 70 fonts, out of 8000000 for 9000
 1141 hyphenation exceptions out of 8191
 34i,7n,40p,928b,328s stack positions out of 5000i,500n,10000p,200000b,80000s
</usr/local/texlive/2017/texmf-dist/fonts/type1/public/amsfonts/cm/cmbx10.pfb
></usr/local/texlive/2017/texmf-dist/fonts/type1/public/amsfonts/cm/cmcsc10.pfb
></usr/local/texlive/2017/texmf-dist/fonts/type1/public/amsfonts/cm/cmmi10.pfb>
</usr/local/texlive/2017/texmf-dist/fonts/type1/public/amsfonts/cm/cmmi12.pfb><
/usr/local/texlive/2017/texmf-dist/fonts/type1/public/amsfonts/cm/cmmi6.pfb></u
sr/local/texlive/2017/texmf-dist/fonts/type1/public/amsfonts/cm/cmmi8.pfb></usr
/local/texlive/2017/texmf-dist/fonts/type1/public/amsfonts/cm/cmmi9.pfb></usr/l
ocal/texlive/2017/texmf-dist/fonts/type1/public/amsfonts/cm/cmr10.pfb></usr/loc
al/texlive/2017/texmf-dist/fonts/type1/public/amsfonts/cm/cmr12.pfb></usr/local
/texlive/2017/texmf-dist/fonts/type1/public/amsfonts/cm/cmr6.pfb></usr/local/te
xlive/2017/texmf-dist/fonts/type1/public/amsfonts/cm/cmr8.pfb></usr/local/texli
ve/2017/texmf-dist/fonts/type1/public/amsfonts/cm/cmr9.pfb></usr/local/texlive/
2017/texmf-dist/fonts/type1/public/amsfonts/cm/cmsy10.pfb></usr/local/texlive/2
017/texmf-dist/fonts/type1/public/amsfonts/cm/cmsy9.pfb></usr/local/texlive/201
7/texmf-dist/fonts/type1/public/amsfonts/cm/cmti10.pfb></usr/local/texlive/2017
/texmf-dist/fonts/type1/public/amsfonts/cm/cmti7.pfb></usr/local/texlive/2017/t
exmf-dist/fonts/type1/public/amsfonts/cm/cmti9.pfb></usr/local/texlive/2017/tex
mf-dist/fonts/type1/public/amsfonts/cm/cmtt9.pfb>
Output written on fcc_hcal.pdf (15 pages, 535388 bytes).
PDF statistics:
 820 PDF objects out of 1000 (max. 8388607)
 616 compressed objects within 7 object streams
 85 named destinations out of 1000 (max. 500000)
 261 words of extra memory for PDF output out of 10000 (max. 10000000)

