This is pdfTeX, Version 3.14159265-2.6-1.40.18 (TeX Live 2017) (preloaded format=pdflatex 2017.6.27)  7 MAY 2018 20:31
entering extended mode
 restricted \write18 enabled.
 file:line:error style messages enabled.
 %&-line parsing enabled.
**"fcc_Mannuwhitney eff_Ash.tex"
(./fcc_Mannuwhitney eff_Ash.tex
LaTeX2e <2017-04-15>
Babel <3.10> and hyphenation patterns for 84 language(s) loaded.
(./elsarticle.cls
Document Class: elsarticle 2009/09/17, 1.2.0: Elsevier Ltd
\@bls=\dimen102
(/usr/local/texlive/2017/texmf-dist/tex/latex/base/article.cls
Document Class: article 2014/09/29 v1.4h Standard LaTeX document class
(/usr/local/texlive/2017/texmf-dist/tex/latex/base/size11.clo
File: size11.clo 2014/09/29 v1.4h Standard LaTeX file (size option)
)
\c@part=\count79
\c@section=\count80
\c@subsection=\count81
\c@subsubsection=\count82
\c@paragraph=\count83
\c@subparagraph=\count84
\c@figure=\count85
\c@table=\count86
\abovecaptionskip=\skip41
\belowcaptionskip=\skip42
\bibindent=\dimen103
)
(/usr/local/texlive/2017/texmf-dist/tex/latex/graphics/graphicx.sty
Package: graphicx 2014/10/28 v1.0g Enhanced LaTeX Graphics (DPC,SPQR)

(/usr/local/texlive/2017/texmf-dist/tex/latex/graphics/keyval.sty
Package: keyval 2014/10/28 v1.15 key=value parser (DPC)
\KV@toks@=\toks14
)
(/usr/local/texlive/2017/texmf-dist/tex/latex/graphics/graphics.sty
Package: graphics 2017/04/14 v1.1b Standard LaTeX Graphics (DPC,SPQR)

(/usr/local/texlive/2017/texmf-dist/tex/latex/graphics/trig.sty
Package: trig 2016/01/03 v1.10 sin cos tan (DPC)
)
(/usr/local/texlive/2017/texmf-dist/tex/latex/graphics-cfg/graphics.cfg
File: graphics.cfg 2016/06/04 v1.11 sample graphics configuration
)
Package graphics Info: Driver file: pdftex.def on input line 99.

(/usr/local/texlive/2017/texmf-dist/tex/latex/graphics-def/pdftex.def
File: pdftex.def 2017/01/12 v0.06k Graphics/color for pdfTeX

(/usr/local/texlive/2017/texmf-dist/tex/generic/oberdiek/infwarerr.sty
Package: infwarerr 2016/05/16 v1.4 Providing info/warning/error messages (HO)
)
(/usr/local/texlive/2017/texmf-dist/tex/generic/oberdiek/ltxcmds.sty
Package: ltxcmds 2016/05/16 v1.23 LaTeX kernel commands for general use (HO)
)
\Gread@gobject=\count87
))
\Gin@req@height=\dimen104
\Gin@req@width=\dimen105
)
(/usr/local/texlive/2017/texmf-dist/tex/latex/psnfss/pifont.sty
Package: pifont 2005/04/12 PSNFSS-v9.2a Pi font support (SPQR) 
LaTeX Font Info:    Try loading font information for U+pzd on input line 63.

(/usr/local/texlive/2017/texmf-dist/tex/latex/psnfss/upzd.fd
File: upzd.fd 2001/06/04 font definitions for U/pzd.
)
LaTeX Font Info:    Try loading font information for U+psy on input line 64.

(/usr/local/texlive/2017/texmf-dist/tex/latex/psnfss/upsy.fd
File: upsy.fd 2001/06/04 font definitions for U/psy.
))
\c@tnote=\count88
\c@fnote=\count89
\c@cnote=\count90
\c@ead=\count91
\c@author=\count92
\@eadauthor=\toks15
\c@affn=\count93
\absbox=\box26
\keybox=\box27
\Columnwidth=\dimen106
\space@left=\dimen107
\els@boxa=\box28
\els@boxb=\box29
\leftMargin=\dimen108
\@enLab=\toks16
\@sep=\skip43
\@@sep=\skip44

(./fcc_Mannuwhitney eff_Ash.spl)
(/usr/local/texlive/2017/texmf-dist/tex/latex/natbib/natbib.sty
Package: natbib 2010/09/13 8.31b (PWD, AO)
\bibhang=\skip45
\bibsep=\skip46
LaTeX Info: Redefining \cite on input line 694.
\c@NAT@ctr=\count94
)
\splwrite=\write3
\openout3 = `"fcc_Mannuwhitney eff_Ash.spl"'.


(/usr/local/texlive/2017/texmf-dist/tex/latex/geometry/geometry.sty
Package: geometry 2010/09/12 v5.6 Page Geometry

(/usr/local/texlive/2017/texmf-dist/tex/generic/oberdiek/ifpdf.sty
Package: ifpdf 2017/03/15 v3.2 Provides the ifpdf switch
)
(/usr/local/texlive/2017/texmf-dist/tex/generic/oberdiek/ifvtex.sty
Package: ifvtex 2016/05/16 v1.6 Detect VTeX and its facilities (HO)
Package ifvtex Info: VTeX not detected.
)
(/usr/local/texlive/2017/texmf-dist/tex/generic/ifxetex/ifxetex.sty
Package: ifxetex 2010/09/12 v0.6 Provides ifxetex conditional
)
\Gm@cnth=\count95
\Gm@cntv=\count96
\c@Gm@tempcnt=\count97
\Gm@bindingoffset=\dimen109
\Gm@wd@mp=\dimen110
\Gm@odd@mp=\dimen111
\Gm@even@mp=\dimen112
\Gm@layoutwidth=\dimen113
\Gm@layoutheight=\dimen114
\Gm@layouthoffset=\dimen115
\Gm@layoutvoffset=\dimen116
\Gm@dimlist=\toks17
))
(/usr/local/texlive/2017/texmf-dist/tex/latex/graphics/epsfig.sty
Package: epsfig 1999/02/16 v1.7a (e)psfig emulation (SPQR)
\epsfxsize=\dimen117
\epsfysize=\dimen118
)
(/usr/local/texlive/2017/texmf-dist/tex/latex/tools/array.sty
Package: array 2016/10/06 v2.4d Tabular extension package (FMi)
\col@sep=\dimen119
\extrarowheight=\dimen120
\NC@list=\toks18
\extratabsurround=\skip47
\backup@length=\skip48
)
(/usr/local/texlive/2017/texmf-dist/tex/latex/tools/tabularx.sty
Package: tabularx 2016/02/03 v2.11 `tabularx' package (DPC)
\TX@col@width=\dimen121
\TX@old@table=\dimen122
\TX@old@col=\dimen123
\TX@target=\dimen124
\TX@delta=\dimen125
\TX@cols=\count98
\TX@ftn=\toks19
)
(/usr/local/texlive/2017/texmf-dist/tex/latex/jknapltx/mathrsfs.sty
Package: mathrsfs 1996/01/01 Math RSFS package v1.0 (jk)
\symrsfs=\mathgroup4
)
(/usr/local/texlive/2017/texmf-dist/tex/latex/graphics/rotating.sty
Package: rotating 2016/08/11 v2.16d rotated objects in LaTeX

(/usr/local/texlive/2017/texmf-dist/tex/latex/base/ifthen.sty
Package: ifthen 2014/09/29 v1.1c Standard LaTeX ifthen package (DPC)
)
\c@r@tfl@t=\count99
\rotFPtop=\skip49
\rotFPbot=\skip50
\rot@float@box=\box30
\rot@mess@toks=\toks20
)
(/usr/local/texlive/2017/texmf-dist/tex/latex/amsfonts/amsfonts.sty
Package: amsfonts 2013/01/14 v3.01 Basic AMSFonts support
\@emptytoks=\toks21
\symAMSa=\mathgroup5
\symAMSb=\mathgroup6
LaTeX Font Info:    Overwriting math alphabet `\mathfrak' in version `bold'
(Font)                  U/euf/m/n --> U/euf/b/n on input line 106.
)
(/usr/local/texlive/2017/texmf-dist/tex/latex/ms/ragged2e.sty
Package: ragged2e 2009/05/21 v2.1 ragged2e Package (MS)

(/usr/local/texlive/2017/texmf-dist/tex/latex/ms/everysel.sty
Package: everysel 2011/10/28 v1.2 EverySelectfont Package (MS)
)
\CenteringLeftskip=\skip51
\RaggedLeftLeftskip=\skip52
\RaggedRightLeftskip=\skip53
\CenteringRightskip=\skip54
\RaggedLeftRightskip=\skip55
\RaggedRightRightskip=\skip56
\CenteringParfillskip=\skip57
\RaggedLeftParfillskip=\skip58
\RaggedRightParfillskip=\skip59
\JustifyingParfillskip=\skip60
\CenteringParindent=\skip61
\RaggedLeftParindent=\skip62
\RaggedRightParindent=\skip63
\JustifyingParindent=\skip64
)
(/usr/local/texlive/2017/texmf-dist/tex/latex/url/url.sty
\Urlmuskip=\muskip10
Package: url 2013/09/16  ver 3.4  Verb mode for urls, etc.
)
(/usr/local/texlive/2017/texmf-dist/tex/latex/hyperref/hyperref.sty
Package: hyperref 2017/03/14 v6.85a Hypertext links for LaTeX

(/usr/local/texlive/2017/texmf-dist/tex/generic/oberdiek/hobsub-hyperref.sty
Package: hobsub-hyperref 2016/05/16 v1.14 Bundle oberdiek, subset hyperref (HO)


(/usr/local/texlive/2017/texmf-dist/tex/generic/oberdiek/hobsub-generic.sty
Package: hobsub-generic 2016/05/16 v1.14 Bundle oberdiek, subset generic (HO)
Package: hobsub 2016/05/16 v1.14 Construct package bundles (HO)
Package hobsub Info: Skipping package `infwarerr' (already loaded).
Package hobsub Info: Skipping package `ltxcmds' (already loaded).
Package: ifluatex 2016/05/16 v1.4 Provides the ifluatex switch (HO)
Package ifluatex Info: LuaTeX not detected.
Package hobsub Info: Skipping package `ifvtex' (already loaded).
Package: intcalc 2016/05/16 v1.2 Expandable calculations with integers (HO)
Package hobsub Info: Skipping package `ifpdf' (already loaded).
Package: etexcmds 2016/05/16 v1.6 Avoid name clashes with e-TeX commands (HO)
Package etexcmds Info: Could not find \expanded.
(etexcmds)             That can mean that you are not using pdfTeX 1.50 or
(etexcmds)             that some package has redefined \expanded.
(etexcmds)             In the latter case, load this package earlier.
Package: kvsetkeys 2016/05/16 v1.17 Key value parser (HO)
Package: kvdefinekeys 2016/05/16 v1.4 Define keys (HO)
Package: pdftexcmds 2017/03/19 v0.25 Utility functions of pdfTeX for LuaTeX (HO
)
Package pdftexcmds Info: LuaTeX not detected.
Package pdftexcmds Info: \pdf@primitive is available.
Package pdftexcmds Info: \pdf@ifprimitive is available.
Package pdftexcmds Info: \pdfdraftmode found.
Package: pdfescape 2016/05/16 v1.14 Implements pdfTeX's escape features (HO)
Package: bigintcalc 2016/05/16 v1.4 Expandable calculations on big integers (HO
)
Package: bitset 2016/05/16 v1.2 Handle bit-vector datatype (HO)
Package: uniquecounter 2016/05/16 v1.3 Provide unlimited unique counter (HO)
)
Package hobsub Info: Skipping package `hobsub' (already loaded).
Package: letltxmacro 2016/05/16 v1.5 Let assignment for LaTeX macros (HO)
Package: hopatch 2016/05/16 v1.3 Wrapper for package hooks (HO)
Package: xcolor-patch 2016/05/16 xcolor patch
Package: atveryend 2016/05/16 v1.9 Hooks at the very end of document (HO)
Package atveryend Info: \enddocument detected (standard20110627).
Package: atbegshi 2016/06/09 v1.18 At begin shipout hook (HO)
Package: refcount 2016/05/16 v3.5 Data extraction from label references (HO)
Package: hycolor 2016/05/16 v1.8 Color options for hyperref/bookmark (HO)
)
(/usr/local/texlive/2017/texmf-dist/tex/latex/oberdiek/auxhook.sty
Package: auxhook 2016/05/16 v1.4 Hooks for auxiliary files (HO)
)
(/usr/local/texlive/2017/texmf-dist/tex/latex/oberdiek/kvoptions.sty
Package: kvoptions 2016/05/16 v3.12 Key value format for package options (HO)
)
\@linkdim=\dimen126
\Hy@linkcounter=\count100
\Hy@pagecounter=\count101

(/usr/local/texlive/2017/texmf-dist/tex/latex/hyperref/pd1enc.def
File: pd1enc.def 2017/03/14 v6.85a Hyperref: PDFDocEncoding definition (HO)
)
\Hy@SavedSpaceFactor=\count102

(/usr/local/texlive/2017/texmf-dist/tex/latex/latexconfig/hyperref.cfg
File: hyperref.cfg 2002/06/06 v1.2 hyperref configuration of TeXLive
)
Package hyperref Info: Option `final' set `true' on input line 4374.
Package hyperref Info: Hyper figures OFF on input line 4498.
Package hyperref Info: Link nesting OFF on input line 4503.
Package hyperref Info: Hyper index ON on input line 4506.
Package hyperref Info: Plain pages OFF on input line 4513.
Package hyperref Info: Backreferencing OFF on input line 4518.
Package hyperref Info: Implicit mode ON; LaTeX internals redefined.
Package hyperref Info: Bookmarks ON on input line 4751.
\c@Hy@tempcnt=\count103
LaTeX Info: Redefining \url on input line 5104.
\XeTeXLinkMargin=\dimen127
\Fld@menulength=\count104
\Field@Width=\dimen128
\Fld@charsize=\dimen129
Package hyperref Info: Hyper figures OFF on input line 6358.
Package hyperref Info: Link nesting OFF on input line 6363.
Package hyperref Info: Hyper index ON on input line 6366.
Package hyperref Info: backreferencing OFF on input line 6373.
Package hyperref Info: Link coloring OFF on input line 6378.
Package hyperref Info: Link coloring with OCG OFF on input line 6383.
Package hyperref Info: PDF/A mode OFF on input line 6388.
LaTeX Info: Redefining \ref on input line 6428.
LaTeX Info: Redefining \pageref on input line 6432.
\Hy@abspage=\count105
\c@Item=\count106
\c@Hfootnote=\count107
)

Package hyperref Message: Driver (autodetected): hpdftex.

(/usr/local/texlive/2017/texmf-dist/tex/latex/hyperref/hpdftex.def
File: hpdftex.def 2017/03/14 v6.85a Hyperref driver for pdfTeX
\Fld@listcount=\count108
\c@bookmark@seq@number=\count109

(/usr/local/texlive/2017/texmf-dist/tex/latex/oberdiek/rerunfilecheck.sty
Package: rerunfilecheck 2016/05/16 v1.8 Rerun checks for auxiliary files (HO)
Package uniquecounter Info: New unique counter `rerunfilecheck' on input line 2
82.
)
\Hy@SectionHShift=\skip65
)
(/usr/local/texlive/2017/texmf-dist/tex/latex/listings/listings.sty
\lst@mode=\count110
\lst@gtempboxa=\box31
\lst@token=\toks22
\lst@length=\count111
\lst@currlwidth=\dimen130
\lst@column=\count112
\lst@pos=\count113
\lst@lostspace=\dimen131
\lst@width=\dimen132
\lst@newlines=\count114
\lst@lineno=\count115
\lst@maxwidth=\dimen133

(/usr/local/texlive/2017/texmf-dist/tex/latex/listings/lstmisc.sty
File: lstmisc.sty 2015/06/04 1.6 (Carsten Heinz)
\c@lstnumber=\count116
\lst@skipnumbers=\count117
\lst@framebox=\box32
)
(/usr/local/texlive/2017/texmf-dist/tex/latex/listings/listings.cfg
File: listings.cfg 2015/06/04 1.6 listings configuration
))
Package: listings 2015/06/04 1.6 (Carsten Heinz)

(/usr/local/texlive/2017/texmf-dist/tex/latex/subfigure/subfigure.sty
Package: subfigure 2002/03/15 v2.1.5 subfigure package
\subfigtopskip=\skip66
\subfigcapskip=\skip67
\subfigcaptopadj=\dimen134
\subfigbottomskip=\skip68
\subfigcapmargin=\dimen135
\subfiglabelskip=\skip69
\c@subfigure=\count118
\c@lofdepth=\count119
\c@subtable=\count120
\c@lotdepth=\count121

****************************************
* Local config file subfigure.cfg used *
****************************************
(/usr/local/texlive/2017/texmf-dist/tex/latex/subfigure/subfigure.cfg)
\subfig@top=\skip70
\subfig@bottom=\skip71
)
(/usr/local/texlive/2017/texmf-dist/tex/latex/oberdiek/epstopdf.sty
Package: epstopdf 2016/05/15 v2.6 Conversion with epstopdf on the fly (HO)

(/usr/local/texlive/2017/texmf-dist/tex/latex/oberdiek/epstopdf-base.sty
Package: epstopdf-base 2016/05/15 v2.6 Base part for package epstopdf

(/usr/local/texlive/2017/texmf-dist/tex/latex/oberdiek/grfext.sty
Package: grfext 2016/05/16 v1.2 Manage graphics extensions (HO)
)
Package epstopdf-base Info: Redefining graphics rule for `.eps' on input line 4
38.
Package grfext Info: Graphics extension search list:
(grfext)             [.png,.pdf,.jpg,.mps,.jpeg,.jbig2,.jb2,.PNG,.PDF,.JPG,.JPE
G,.JBIG2,.JB2,.eps]
(grfext)             \AppendGraphicsExtensions on input line 456.

(/usr/local/texlive/2017/texmf-dist/tex/latex/latexconfig/epstopdf-sys.cfg
File: epstopdf-sys.cfg 2010/07/13 v1.3 Configuration of (r)epstopdf for TeX Liv
e
)))
(/usr/local/texlive/2017/texmf-dist/tex/latex/graphics/color.sty
Package: color 2016/07/10 v1.1e Standard LaTeX Color (DPC)

(/usr/local/texlive/2017/texmf-dist/tex/latex/graphics-cfg/color.cfg
File: color.cfg 2016/01/02 v1.6 sample color configuration
)
Package color Info: Driver file: pdftex.def on input line 147.
)
(/usr/local/texlive/2017/texmf-dist/tex/latex/float/float.sty
Package: float 2001/11/08 v1.3d Float enhancements (AL)
\c@float@type=\count122
\float@exts=\toks23
\float@box=\box33
\@float@everytoks=\toks24
\@floatcapt=\box34
)
(/usr/local/texlive/2017/texmf-dist/tex/generic/ulem/ulem.sty
\UL@box=\box35
\UL@hyphenbox=\box36
\UL@skip=\skip72
\UL@hook=\toks25
\UL@height=\dimen136
\UL@pe=\count123
\UL@pixel=\dimen137
\ULC@box=\box37
Package: ulem 2012/05/18
\ULdepth=\dimen138
)
(/usr/local/texlive/2017/texmf-dist/tex/latex/soul/soul.sty
Package: soul 2003/11/17 v2.4 letterspacing/underlining (mf)
\SOUL@word=\toks26
\SOUL@lasttoken=\toks27
\SOUL@cmds=\toks28
\SOUL@buffer=\toks29
\SOUL@token=\toks30
\SOUL@spaceskip=\skip73
\SOUL@ttwidth=\dimen139
\SOUL@uldp=\dimen140
\SOUL@ulht=\dimen141
)
Package hyperref Info: Option `colorlinks' set `true' on input line 71.

(./fcc_Mannuwhitney eff_Ash.aux

LaTeX Warning: Label `fig:cluster_tau21_tau32' multiply defined.


LaTeX Warning: Label `fig:cluster_tau21_tau32' multiply defined.


LaTeX Warning: Label `fig:cluster_tau21_tau32' multiply defined.


LaTeX Warning: Label `fig:rawhit_0.25GeV_tau21' multiply defined.


LaTeX Warning: Label `fig:cluster_U_summary' multiply defined.

)
\openout1 = `"fcc_Mannuwhitney eff_Ash.aux"'.

LaTeX Font Info:    Checking defaults for OML/cmm/m/it on input line 114.
LaTeX Font Info:    ... okay on input line 114.
LaTeX Font Info:    Checking defaults for T1/cmr/m/n on input line 114.
LaTeX Font Info:    ... okay on input line 114.
LaTeX Font Info:    Checking defaults for OT1/cmr/m/n on input line 114.
LaTeX Font Info:    ... okay on input line 114.
LaTeX Font Info:    Checking defaults for OMS/cmsy/m/n on input line 114.
LaTeX Font Info:    ... okay on input line 114.
LaTeX Font Info:    Checking defaults for OMX/cmex/m/n on input line 114.
LaTeX Font Info:    ... okay on input line 114.
LaTeX Font Info:    Checking defaults for U/cmr/m/n on input line 114.
LaTeX Font Info:    ... okay on input line 114.
LaTeX Font Info:    Checking defaults for PD1/pdf/m/n on input line 114.
LaTeX Font Info:    ... okay on input line 114.
 (/usr/local/texlive/2017/texmf-dist/tex/context/base/mkii/supp-pdf.mkii
[Loading MPS to PDF converter (version 2006.09.02).]
\scratchcounter=\count124
\scratchdimen=\dimen142
\scratchbox=\box38
\nofMPsegments=\count125
\nofMParguments=\count126
\everyMPshowfont=\toks31
\MPscratchCnt=\count127
\MPscratchDim=\dimen143
\MPnumerator=\count128
\makeMPintoPDFobject=\count129
\everyMPtoPDFconversion=\toks32
)
*geometry* driver: auto-detecting
*geometry* detected driver: pdftex
*geometry* verbose mode - [ preamble ] result:
* driver: pdftex
* paper: custom
* layout: <same size as paper>
* layoutoffset:(h,v)=(0.0pt,0.0pt)
* hratio: 1:1
* vratio: 1:1
* modes: 
* h-part:(L,W,R)=(106.75394pt, 384.0pt, 106.75394pt)
* v-part:(T,H,B)=(141.52342pt, 562.0pt, 141.52342pt)
* \paperwidth=597.50787pt
* \paperheight=845.04684pt
* \textwidth=412.56496pt
* \textheight=625.96062pt
* \oddsidemargin=34.48395pt
* \evensidemargin=34.48395pt
* \topmargin=7.25343pt
* \headheight=50.0pt
* \headsep=12.0pt
* \topskip=11.0pt
* \footskip=12.0pt
* \marginparwidth=59.0pt
* \marginparsep=10.0pt
* \columnsep=10.0pt
* \skip\footins=24.0pt plus 2.0pt minus 12.0pt
* \hoffset=0.0pt
* \voffset=0.0pt
* \mag=1000
* \@twocolumnfalse
* \@twosidefalse
* \@mparswitchfalse
* \@reversemarginfalse
* (1in=72.27pt=25.4mm, 1cm=28.453pt)

ABD: EverySelectfont initializing macros
LaTeX Info: Redefining \selectfont on input line 114.
\AtBeginShipoutBox=\box39
Package hyperref Info: Link coloring ON on input line 114.

(/usr/local/texlive/2017/texmf-dist/tex/latex/hyperref/nameref.sty
Package: nameref 2016/05/21 v2.44 Cross-referencing by name of section

(/usr/local/texlive/2017/texmf-dist/tex/generic/oberdiek/gettitlestring.sty
Package: gettitlestring 2016/05/16 v1.5 Cleanup title references (HO)
)
\c@section@level=\count130
)
LaTeX Info: Redefining \ref on input line 114.
LaTeX Info: Redefining \pageref on input line 114.
LaTeX Info: Redefining \nameref on input line 114.

(./fcc_Mannuwhitney eff_Ash.out) (./fcc_Mannuwhitney eff_Ash.out)
\@outlinefile=\write4
\openout4 = `"fcc_Mannuwhitney eff_Ash.out"'.

\c@lstlisting=\count131
LaTeX Font Info:    Try loading font information for U+rsfs on input line 116.

(/usr/local/texlive/2017/texmf-dist/tex/latex/jknapltx/ursfs.fd
File: ursfs.fd 1998/03/24 rsfs font definition file (jk)
)
LaTeX Font Info:    Try loading font information for U+msa on input line 116.

(/usr/local/texlive/2017/texmf-dist/tex/latex/amsfonts/umsa.fd
File: umsa.fd 2013/01/14 v3.01 AMS symbols A
)
LaTeX Font Info:    Try loading font information for U+msb on input line 116.

(/usr/local/texlive/2017/texmf-dist/tex/latex/amsfonts/umsb.fd
File: umsb.fd 2013/01/14 v3.01 AMS symbols B
)
Package epstopdf Info: Source file: <figs/Dis_cluster_010_c2b1_5tev_04_Man.eps>

(epstopdf)                    date: 2018-04-24 08:18:56
(epstopdf)                    size: 11868 bytes
(epstopdf)             Output file: <figs/Dis_cluster_010_c2b1_5tev_04_Man-eps-
converted-to.pdf>
(epstopdf)                    date: 2018-04-24 08:58:43
(epstopdf)                    size: 9477 bytes
(epstopdf)             Command: <repstopdf --outfile=figs/Dis_cluster_010_c2b1_
5tev_04_Man-eps-converted-to.pdf figs/Dis_cluster_010_c2b1_5tev_04_Man.eps>
(epstopdf)             \includegraphics on input line 133.
Package epstopdf Info: Output file is already uptodate.

<figs/Dis_cluster_010_c2b1_5tev_04_Man-eps-converted-to.pdf, id=8, 569.12625pt 
x 543.02875pt>
File: figs/Dis_cluster_010_c2b1_5tev_04_Man-eps-converted-to.pdf Graphic file (
type pdf)

<use figs/Dis_cluster_010_c2b1_5tev_04_Man-eps-converted-to.pdf>
Package pdftex.def Info: figs/Dis_cluster_010_c2b1_5tev_04_Man-eps-converted-to
.pdf used on input line 133.
(pdftex.def)             Requested size: 90.76479pt x 86.59636pt.

Underfull \hbox (badness 10000) in paragraph at lines 133--133
[]\OT1/cmr/m/n/9 (a) 5TeV at
 []


Underfull \hbox (badness 10000) in paragraph at lines 133--133
\OT1/cmr/m/n/9 20$\OMS/cmsy/m/n/9 ^^B$\OT1/cmr/m/n/9 20(cm$\OMS/cmsy/m/n/9 ^^B$
\OT1/cmr/m/n/9 cm) in
 []

Package epstopdf Info: Source file: <figs/Dis_cluster_010_c2b1_10tev_04_Man.eps
>
(epstopdf)                    date: 2018-04-24 08:18:56
(epstopdf)                    size: 12074 bytes
(epstopdf)             Output file: <figs/Dis_cluster_010_c2b1_10tev_04_Man-eps
-converted-to.pdf>
(epstopdf)                    date: 2018-04-24 08:58:45
(epstopdf)                    size: 9501 bytes
(epstopdf)             Command: <repstopdf --outfile=figs/Dis_cluster_010_c2b1_
10tev_04_Man-eps-converted-to.pdf figs/Dis_cluster_010_c2b1_10tev_04_Man.eps>
(epstopdf)             \includegraphics on input line 136.
Package epstopdf Info: Output file is already uptodate.

<figs/Dis_cluster_010_c2b1_10tev_04_Man-eps-converted-to.pdf, id=9, 569.12625pt
 x 543.02875pt>
File: figs/Dis_cluster_010_c2b1_10tev_04_Man-eps-converted-to.pdf Graphic file 
(type pdf)

<use figs/Dis_cluster_010_c2b1_10tev_04_Man-eps-converted-to.pdf>
Package pdftex.def Info: figs/Dis_cluster_010_c2b1_10tev_04_Man-eps-converted-t
o.pdf used on input line 136.
(pdftex.def)             Requested size: 90.76479pt x 86.59636pt.

Underfull \hbox (badness 10000) in paragraph at lines 136--136
[]\OT1/cmr/m/n/9 (b) 10TeV at
 []


Underfull \hbox (badness 10000) in paragraph at lines 136--136
\OT1/cmr/m/n/9 20$\OMS/cmsy/m/n/9 ^^B$\OT1/cmr/m/n/9 20(cm$\OMS/cmsy/m/n/9 ^^B$
\OT1/cmr/m/n/9 cm) in
 []

Package epstopdf Info: Source file: <figs/Dis_cluster_010_c2b1_20tev_04_Man.eps
>
(epstopdf)                    date: 2018-04-24 08:18:56
(epstopdf)                    size: 12232 bytes
(epstopdf)             Output file: <figs/Dis_cluster_010_c2b1_20tev_04_Man-eps
-converted-to.pdf>
(epstopdf)                    date: 2018-04-24 08:58:46
(epstopdf)                    size: 9756 bytes
(epstopdf)             Command: <repstopdf --outfile=figs/Dis_cluster_010_c2b1_
20tev_04_Man-eps-converted-to.pdf figs/Dis_cluster_010_c2b1_20tev_04_Man.eps>
(epstopdf)             \includegraphics on input line 139.
Package epstopdf Info: Output file is already uptodate.

<figs/Dis_cluster_010_c2b1_20tev_04_Man-eps-converted-to.pdf, id=10, 569.12625p
t x 543.02875pt>
File: figs/Dis_cluster_010_c2b1_20tev_04_Man-eps-converted-to.pdf Graphic file 
(type pdf)

<use figs/Dis_cluster_010_c2b1_20tev_04_Man-eps-converted-to.pdf>
Package pdftex.def Info: figs/Dis_cluster_010_c2b1_20tev_04_Man-eps-converted-t
o.pdf used on input line 139.
(pdftex.def)             Requested size: 90.76479pt x 86.59636pt.

Underfull \hbox (badness 10000) in paragraph at lines 139--139
[]\OT1/cmr/m/n/9 (c) 20TeV at
 []


Underfull \hbox (badness 10000) in paragraph at lines 139--139
\OT1/cmr/m/n/9 20$\OMS/cmsy/m/n/9 ^^B$\OT1/cmr/m/n/9 20(cm$\OMS/cmsy/m/n/9 ^^B$
\OT1/cmr/m/n/9 cm) in
 []

Package epstopdf Info: Source file: <figs/Dis_cluster_010_c2b1_40tev_04_Man.eps
>
(epstopdf)                    date: 2018-04-24 08:18:56
(epstopdf)                    size: 12422 bytes
(epstopdf)             Output file: <figs/Dis_cluster_010_c2b1_40tev_04_Man-eps
-converted-to.pdf>
(epstopdf)                    date: 2018-04-24 08:58:47
(epstopdf)                    size: 9626 bytes
(epstopdf)             Command: <repstopdf --outfile=figs/Dis_cluster_010_c2b1_
40tev_04_Man-eps-converted-to.pdf figs/Dis_cluster_010_c2b1_40tev_04_Man.eps>
(epstopdf)             \includegraphics on input line 142.
Package epstopdf Info: Output file is already uptodate.

<figs/Dis_cluster_010_c2b1_40tev_04_Man-eps-converted-to.pdf, id=11, 569.12625p
t x 543.02875pt>
File: figs/Dis_cluster_010_c2b1_40tev_04_Man-eps-converted-to.pdf Graphic file 
(type pdf)

<use figs/Dis_cluster_010_c2b1_40tev_04_Man-eps-converted-to.pdf>
Package pdftex.def Info: figs/Dis_cluster_010_c2b1_40tev_04_Man-eps-converted-t
o.pdf used on input line 142.
(pdftex.def)             Requested size: 90.76479pt x 86.59636pt.

Underfull \hbox (badness 10000) in paragraph at lines 142--142
[]\OT1/cmr/m/n/9 (d) 40TeV at
 []


Underfull \hbox (badness 10000) in paragraph at lines 142--142
\OT1/cmr/m/n/9 20$\OMS/cmsy/m/n/9 ^^B$\OT1/cmr/m/n/9 20(cm$\OMS/cmsy/m/n/9 ^^B$
\OT1/cmr/m/n/9 cm) in
 []

Package epstopdf Info: Source file: <figs/Dis_cluster_009_c2b1_5tev_04_Man.eps>

(epstopdf)                    date: 2018-04-24 08:18:55
(epstopdf)                    size: 11872 bytes
(epstopdf)             Output file: <figs/Dis_cluster_009_c2b1_5tev_04_Man-eps-
converted-to.pdf>
(epstopdf)                    date: 2018-04-24 08:58:48
(epstopdf)                    size: 9524 bytes
(epstopdf)             Command: <repstopdf --outfile=figs/Dis_cluster_009_c2b1_
5tev_04_Man-eps-converted-to.pdf figs/Dis_cluster_009_c2b1_5tev_04_Man.eps>
(epstopdf)             \includegraphics on input line 145.
Package epstopdf Info: Output file is already uptodate.

<figs/Dis_cluster_009_c2b1_5tev_04_Man-eps-converted-to.pdf, id=12, 569.12625pt
 x 543.02875pt>
File: figs/Dis_cluster_009_c2b1_5tev_04_Man-eps-converted-to.pdf Graphic file (
type pdf)

<use figs/Dis_cluster_009_c2b1_5tev_04_Man-eps-converted-to.pdf>
Package pdftex.def Info: figs/Dis_cluster_009_c2b1_5tev_04_Man-eps-converted-to
.pdf used on input line 145.
(pdftex.def)             Requested size: 90.76479pt x 86.59636pt.

Underfull \hbox (badness 10000) in paragraph at lines 145--145
[]\OT1/cmr/m/n/9 (e) 5TeV at
 []


Underfull \hbox (badness 10000) in paragraph at lines 145--145
\OT1/cmr/m/n/9 5$\OMS/cmsy/m/n/9 ^^B$\OT1/cmr/m/n/9 5(cm$\OMS/cmsy/m/n/9 ^^B$\O
T1/cmr/m/n/9 cm) in
 []

Package epstopdf Info: Source file: <figs/Dis_cluster_009_c2b1_10tev_04_Man.eps
>
(epstopdf)                    date: 2018-04-24 08:18:55
(epstopdf)                    size: 12047 bytes
(epstopdf)             Output file: <figs/Dis_cluster_009_c2b1_10tev_04_Man-eps
-converted-to.pdf>
(epstopdf)                    date: 2018-04-24 08:58:50
(epstopdf)                    size: 9522 bytes
(epstopdf)             Command: <repstopdf --outfile=figs/Dis_cluster_009_c2b1_
10tev_04_Man-eps-converted-to.pdf figs/Dis_cluster_009_c2b1_10tev_04_Man.eps>
(epstopdf)             \includegraphics on input line 148.
Package epstopdf Info: Output file is already uptodate.

<figs/Dis_cluster_009_c2b1_10tev_04_Man-eps-converted-to.pdf, id=13, 569.12625p
t x 543.02875pt>
File: figs/Dis_cluster_009_c2b1_10tev_04_Man-eps-converted-to.pdf Graphic file 
(type pdf)

<use figs/Dis_cluster_009_c2b1_10tev_04_Man-eps-converted-to.pdf>
Package pdftex.def Info: figs/Dis_cluster_009_c2b1_10tev_04_Man-eps-converted-t
o.pdf used on input line 148.
(pdftex.def)             Requested size: 90.76479pt x 86.59636pt.

Underfull \hbox (badness 10000) in paragraph at lines 148--148
[]\OT1/cmr/m/n/9 (f) 10TeV at
 []


Underfull \hbox (badness 10000) in paragraph at lines 148--148
\OT1/cmr/m/n/9 5$\OMS/cmsy/m/n/9 ^^B$\OT1/cmr/m/n/9 5(cm$\OMS/cmsy/m/n/9 ^^B$\O
T1/cmr/m/n/9 cm) in
 []

Package epstopdf Info: Source file: <figs/Dis_cluster_009_c2b1_20tev_04_Man.eps
>
(epstopdf)                    date: 2018-04-24 08:18:55
(epstopdf)                    size: 12035 bytes
(epstopdf)             Output file: <figs/Dis_cluster_009_c2b1_20tev_04_Man-eps
-converted-to.pdf>
(epstopdf)                    date: 2018-04-24 08:58:51
(epstopdf)                    size: 9638 bytes
(epstopdf)             Command: <repstopdf --outfile=figs/Dis_cluster_009_c2b1_
20tev_04_Man-eps-converted-to.pdf figs/Dis_cluster_009_c2b1_20tev_04_Man.eps>
(epstopdf)             \includegraphics on input line 151.
Package epstopdf Info: Output file is already uptodate.

<figs/Dis_cluster_009_c2b1_20tev_04_Man-eps-converted-to.pdf, id=14, 569.12625p
t x 543.02875pt>
File: figs/Dis_cluster_009_c2b1_20tev_04_Man-eps-converted-to.pdf Graphic file 
(type pdf)

<use figs/Dis_cluster_009_c2b1_20tev_04_Man-eps-converted-to.pdf>
Package pdftex.def Info: figs/Dis_cluster_009_c2b1_20tev_04_Man-eps-converted-t
o.pdf used on input line 151.
(pdftex.def)             Requested size: 90.76479pt x 86.59636pt.

Underfull \hbox (badness 10000) in paragraph at lines 151--151
[]\OT1/cmr/m/n/9 (g) 20TeV at
 []


Underfull \hbox (badness 10000) in paragraph at lines 151--151
\OT1/cmr/m/n/9 5$\OMS/cmsy/m/n/9 ^^B$\OT1/cmr/m/n/9 5(cm$\OMS/cmsy/m/n/9 ^^B$\O
T1/cmr/m/n/9 cm) in
 []

Package epstopdf Info: Source file: <figs/Dis_cluster_009_c2b1_40tev_04_Man.eps
>
(epstopdf)                    date: 2018-04-24 08:18:55
(epstopdf)                    size: 12046 bytes
(epstopdf)             Output file: <figs/Dis_cluster_009_c2b1_40tev_04_Man-eps
-converted-to.pdf>
(epstopdf)                    date: 2018-04-24 08:58:51
(epstopdf)                    size: 9700 bytes
(epstopdf)             Command: <repstopdf --outfile=figs/Dis_cluster_009_c2b1_
40tev_04_Man-eps-converted-to.pdf figs/Dis_cluster_009_c2b1_40tev_04_Man.eps>
(epstopdf)             \includegraphics on input line 154.
Package epstopdf Info: Output file is already uptodate.

<figs/Dis_cluster_009_c2b1_40tev_04_Man-eps-converted-to.pdf, id=15, 569.12625p
t x 543.02875pt>
File: figs/Dis_cluster_009_c2b1_40tev_04_Man-eps-converted-to.pdf Graphic file 
(type pdf)

<use figs/Dis_cluster_009_c2b1_40tev_04_Man-eps-converted-to.pdf>
Package pdftex.def Info: figs/Dis_cluster_009_c2b1_40tev_04_Man-eps-converted-t
o.pdf used on input line 154.
(pdftex.def)             Requested size: 90.76479pt x 86.59636pt.

Underfull \hbox (badness 10000) in paragraph at lines 154--154
[]\OT1/cmr/m/n/9 (h) 40TeV at
 []


Underfull \hbox (badness 10000) in paragraph at lines 154--154
\OT1/cmr/m/n/9 5$\OMS/cmsy/m/n/9 ^^B$\OT1/cmr/m/n/9 5(cm$\OMS/cmsy/m/n/9 ^^B$\O
T1/cmr/m/n/9 cm) in
 []

Package epstopdf Info: Source file: <figs/Dis_cluster_012_c2b1_5tev_04_Man.eps>

(epstopdf)                    date: 2018-04-24 08:18:57
(epstopdf)                    size: 11875 bytes
(epstopdf)             Output file: <figs/Dis_cluster_012_c2b1_5tev_04_Man-eps-
converted-to.pdf>
(epstopdf)                    date: 2018-04-24 08:58:52
(epstopdf)                    size: 9521 bytes
(epstopdf)             Command: <repstopdf --outfile=figs/Dis_cluster_012_c2b1_
5tev_04_Man-eps-converted-to.pdf figs/Dis_cluster_012_c2b1_5tev_04_Man.eps>
(epstopdf)             \includegraphics on input line 157.
Package epstopdf Info: Output file is already uptodate.

<figs/Dis_cluster_012_c2b1_5tev_04_Man-eps-converted-to.pdf, id=16, 569.12625pt
 x 543.02875pt>
File: figs/Dis_cluster_012_c2b1_5tev_04_Man-eps-converted-to.pdf Graphic file (
type pdf)

<use figs/Dis_cluster_012_c2b1_5tev_04_Man-eps-converted-to.pdf>
Package pdftex.def Info: figs/Dis_cluster_012_c2b1_5tev_04_Man-eps-converted-to
.pdf used on input line 157.
(pdftex.def)             Requested size: 90.76479pt x 86.59636pt.

Underfull \hbox (badness 10000) in paragraph at lines 157--157
[]\OT1/cmr/m/n/9 (i) 5TeV at
 []


Underfull \hbox (badness 10000) in paragraph at lines 157--157
\OT1/cmr/m/n/9 1$\OMS/cmsy/m/n/9 ^^B$\OT1/cmr/m/n/9 1(cm$\OMS/cmsy/m/n/9 ^^B$\O
T1/cmr/m/n/9 cm) in
 []

Package epstopdf Info: Source file: <figs/Dis_cluster_012_c2b1_10tev_04_Man.eps
>
(epstopdf)                    date: 2018-04-24 08:18:57
(epstopdf)                    size: 12267 bytes
(epstopdf)             Output file: <figs/Dis_cluster_012_c2b1_10tev_04_Man-eps
-converted-to.pdf>
(epstopdf)                    date: 2018-04-24 08:58:53
(epstopdf)                    size: 9581 bytes
(epstopdf)             Command: <repstopdf --outfile=figs/Dis_cluster_012_c2b1_
10tev_04_Man-eps-converted-to.pdf figs/Dis_cluster_012_c2b1_10tev_04_Man.eps>
(epstopdf)             \includegraphics on input line 160.
Package epstopdf Info: Output file is already uptodate.

<figs/Dis_cluster_012_c2b1_10tev_04_Man-eps-converted-to.pdf, id=17, 569.12625p
t x 543.02875pt>
File: figs/Dis_cluster_012_c2b1_10tev_04_Man-eps-converted-to.pdf Graphic file 
(type pdf)

<use figs/Dis_cluster_012_c2b1_10tev_04_Man-eps-converted-to.pdf>
Package pdftex.def Info: figs/Dis_cluster_012_c2b1_10tev_04_Man-eps-converted-t
o.pdf used on input line 160.
(pdftex.def)             Requested size: 90.76479pt x 86.59636pt.

Underfull \hbox (badness 10000) in paragraph at lines 160--160
[]\OT1/cmr/m/n/9 (j) 10TeV at
 []


Underfull \hbox (badness 10000) in paragraph at lines 160--160
\OT1/cmr/m/n/9 1$\OMS/cmsy/m/n/9 ^^B$\OT1/cmr/m/n/9 1(cm$\OMS/cmsy/m/n/9 ^^B$\O
T1/cmr/m/n/9 cm) in
 []

Package epstopdf Info: Source file: <figs/Dis_cluster_012_c2b1_20tev_04_Man.eps
>
(epstopdf)                    date: 2018-04-24 08:18:57
(epstopdf)                    size: 12232 bytes
(epstopdf)             Output file: <figs/Dis_cluster_012_c2b1_20tev_04_Man-eps
-converted-to.pdf>
(epstopdf)                    date: 2018-04-24 08:58:54
(epstopdf)                    size: 9621 bytes
(epstopdf)             Command: <repstopdf --outfile=figs/Dis_cluster_012_c2b1_
20tev_04_Man-eps-converted-to.pdf figs/Dis_cluster_012_c2b1_20tev_04_Man.eps>
(epstopdf)             \includegraphics on input line 163.
Package epstopdf Info: Output file is already uptodate.

<figs/Dis_cluster_012_c2b1_20tev_04_Man-eps-converted-to.pdf, id=18, 569.12625p
t x 543.02875pt>
File: figs/Dis_cluster_012_c2b1_20tev_04_Man-eps-converted-to.pdf Graphic file 
(type pdf)

<use figs/Dis_cluster_012_c2b1_20tev_04_Man-eps-converted-to.pdf>
Package pdftex.def Info: figs/Dis_cluster_012_c2b1_20tev_04_Man-eps-converted-t
o.pdf used on input line 163.
(pdftex.def)             Requested size: 90.76479pt x 86.59636pt.

Underfull \hbox (badness 10000) in paragraph at lines 163--163
[]\OT1/cmr/m/n/9 (k) 20TeV at
 []


Underfull \hbox (badness 10000) in paragraph at lines 163--163
\OT1/cmr/m/n/9 1$\OMS/cmsy/m/n/9 ^^B$\OT1/cmr/m/n/9 1(cm$\OMS/cmsy/m/n/9 ^^B$\O
T1/cmr/m/n/9 cm) in
 []

Package epstopdf Info: Source file: <figs/Dis_cluster_012_c2b1_40tev_04_Man.eps
>
(epstopdf)                    date: 2018-04-24 08:18:57
(epstopdf)                    size: 12437 bytes
(epstopdf)             Output file: <figs/Dis_cluster_012_c2b1_40tev_04_Man-eps
-converted-to.pdf>
(epstopdf)                    date: 2018-04-24 08:58:55
(epstopdf)                    size: 9628 bytes
(epstopdf)             Command: <repstopdf --outfile=figs/Dis_cluster_012_c2b1_
40tev_04_Man-eps-converted-to.pdf figs/Dis_cluster_012_c2b1_40tev_04_Man.eps>
(epstopdf)             \includegraphics on input line 166.
Package epstopdf Info: Output file is already uptodate.

<figs/Dis_cluster_012_c2b1_40tev_04_Man-eps-converted-to.pdf, id=19, 569.12625p
t x 543.02875pt>
File: figs/Dis_cluster_012_c2b1_40tev_04_Man-eps-converted-to.pdf Graphic file 
(type pdf)

<use figs/Dis_cluster_012_c2b1_40tev_04_Man-eps-converted-to.pdf>
Package pdftex.def Info: figs/Dis_cluster_012_c2b1_40tev_04_Man-eps-converted-t
o.pdf used on input line 166.
(pdftex.def)             Requested size: 90.76479pt x 86.59636pt.

Underfull \hbox (badness 10000) in paragraph at lines 166--166
[]\OT1/cmr/m/n/9 (l) 40TeV at
 []


Underfull \hbox (badness 10000) in paragraph at lines 166--166
\OT1/cmr/m/n/9 1$\OMS/cmsy/m/n/9 ^^B$\OT1/cmr/m/n/9 1(cm$\OMS/cmsy/m/n/9 ^^B$\O
T1/cmr/m/n/9 cm) in
 []

Package epstopdf Info: Source file: <figs/cluster_c2b1_5tev_eff_1_New2.eps>
(epstopdf)                    date: 2018-05-04 23:33:32
(epstopdf)                    size: 12297 bytes
(epstopdf)             Output file: <figs/cluster_c2b1_5tev_eff_1_New2-eps-conv
erted-to.pdf>
(epstopdf)                    date: 2018-05-04 23:54:48
(epstopdf)                    size: 10950 bytes
(epstopdf)             Command: <repstopdf --outfile=figs/cluster_c2b1_5tev_eff
_1_New2-eps-converted-to.pdf figs/cluster_c2b1_5tev_eff_1_New2.eps>
(epstopdf)             \includegraphics on input line 176.
Package epstopdf Info: Output file is already uptodate.

<figs/cluster_c2b1_5tev_eff_1_New2-eps-converted-to.pdf, id=20, 569.12625pt x 3
96.48125pt>
File: figs/cluster_c2b1_5tev_eff_1_New2-eps-converted-to.pdf Graphic file (type
 pdf)
 <use figs/cluster_c2b1_5tev_eff_1_New2-eps-converted-to.pdf>
Package pdftex.def Info: figs/cluster_c2b1_5tev_eff_1_New2-eps-converted-to.pdf
 used on input line 176.
(pdftex.def)             Requested size: 177.3999pt x 123.58548pt.
Package epstopdf Info: Source file: <figs/cluster_c2b1_10tev_eff_1_New2.eps>
(epstopdf)                    date: 2018-05-04 23:33:33
(epstopdf)                    size: 11380 bytes
(epstopdf)             Output file: <figs/cluster_c2b1_10tev_eff_1_New2-eps-con
verted-to.pdf>
(epstopdf)                    date: 2018-05-04 23:54:49
(epstopdf)                    size: 10915 bytes
(epstopdf)             Command: <repstopdf --outfile=figs/cluster_c2b1_10tev_ef
f_1_New2-eps-converted-to.pdf figs/cluster_c2b1_10tev_eff_1_New2.eps>
(epstopdf)             \includegraphics on input line 179.
Package epstopdf Info: Output file is already uptodate.

<figs/cluster_c2b1_10tev_eff_1_New2-eps-converted-to.pdf, id=21, 569.12625pt x 
396.48125pt>
File: figs/cluster_c2b1_10tev_eff_1_New2-eps-converted-to.pdf Graphic file (typ
e pdf)
 <use figs/cluster_c2b1_10tev_eff_1_New2-eps-converted-to.pdf>
Package pdftex.def Info: figs/cluster_c2b1_10tev_eff_1_New2-eps-converted-to.pd
f used on input line 179.
(pdftex.def)             Requested size: 177.3999pt x 123.58548pt.
Package epstopdf Info: Source file: <figs/cluster_c2b1_20tev_eff_1_New2.eps>
(epstopdf)                    date: 2018-05-04 23:33:33
(epstopdf)                    size: 11423 bytes
(epstopdf)             Output file: <figs/cluster_c2b1_20tev_eff_1_New2-eps-con
verted-to.pdf>
(epstopdf)                    date: 2018-05-04 23:54:50
(epstopdf)                    size: 10927 bytes
(epstopdf)             Command: <repstopdf --outfile=figs/cluster_c2b1_20tev_ef
f_1_New2-eps-converted-to.pdf figs/cluster_c2b1_20tev_eff_1_New2.eps>
(epstopdf)             \includegraphics on input line 182.
Package epstopdf Info: Output file is already uptodate.

<figs/cluster_c2b1_20tev_eff_1_New2-eps-converted-to.pdf, id=22, 569.12625pt x 
396.48125pt>
File: figs/cluster_c2b1_20tev_eff_1_New2-eps-converted-to.pdf Graphic file (typ
e pdf)
 <use figs/cluster_c2b1_20tev_eff_1_New2-eps-converted-to.pdf>
Package pdftex.def Info: figs/cluster_c2b1_20tev_eff_1_New2-eps-converted-to.pd
f used on input line 182.
(pdftex.def)             Requested size: 177.3999pt x 123.58548pt.
Package epstopdf Info: Source file: <figs/cluster_c2b1_40tev_eff_1_New2.eps>
(epstopdf)                    date: 2018-05-04 23:33:33
(epstopdf)                    size: 11392 bytes
(epstopdf)             Output file: <figs/cluster_c2b1_40tev_eff_1_New2-eps-con
verted-to.pdf>
(epstopdf)                    date: 2018-05-04 23:54:51
(epstopdf)                    size: 10981 bytes
(epstopdf)             Command: <repstopdf --outfile=figs/cluster_c2b1_40tev_ef
f_1_New2-eps-converted-to.pdf figs/cluster_c2b1_40tev_eff_1_New2.eps>
(epstopdf)             \includegraphics on input line 185.
Package epstopdf Info: Output file is already uptodate.

<figs/cluster_c2b1_40tev_eff_1_New2-eps-converted-to.pdf, id=23, 569.12625pt x 
396.48125pt>
File: figs/cluster_c2b1_40tev_eff_1_New2-eps-converted-to.pdf Graphic file (typ
e pdf)
 <use figs/cluster_c2b1_40tev_eff_1_New2-eps-converted-to.pdf>
Package pdftex.def Info: figs/cluster_c2b1_40tev_eff_1_New2-eps-converted-to.pd
f used on input line 185.
(pdftex.def)             Requested size: 177.3999pt x 123.58548pt.
Package epstopdf Info: Source file: <figs/Dis_Rawhit_025GeV_010_tau21_5tev_04_M
an.eps>
(epstopdf)                    date: 2018-04-24 15:46:31
(epstopdf)                    size: 13424 bytes
(epstopdf)             Output file: <figs/Dis_Rawhit_025GeV_010_tau21_5tev_04_M
an-eps-converted-to.pdf>
(epstopdf)                    date: 2018-04-24 15:49:44
(epstopdf)                    size: 10977 bytes
(epstopdf)             Command: <repstopdf --outfile=figs/Dis_Rawhit_025GeV_010
_tau21_5tev_04_Man-eps-converted-to.pdf figs/Dis_Rawhit_025GeV_010_tau21_5tev_0
4_Man.eps>
(epstopdf)             \includegraphics on input line 202.
Package epstopdf Info: Output file is already uptodate.

<figs/Dis_Rawhit_025GeV_010_tau21_5tev_04_Man-eps-converted-to.pdf, id=24, 569.
12625pt x 543.02875pt>
File: figs/Dis_Rawhit_025GeV_010_tau21_5tev_04_Man-eps-converted-to.pdf Graphic
 file (type pdf)

<use figs/Dis_Rawhit_025GeV_010_tau21_5tev_04_Man-eps-converted-to.pdf>
Package pdftex.def Info: figs/Dis_Rawhit_025GeV_010_tau21_5tev_04_Man-eps-conve
rted-to.pdf used on input line 202.
(pdftex.def)             Requested size: 90.76479pt x 86.59636pt.

Underfull \hbox (badness 10000) in paragraph at lines 202--202
[]\OT1/cmr/m/n/9 (a) 5TeV at
 []


Underfull \hbox (badness 10000) in paragraph at lines 202--202
\OT1/cmr/m/n/9 20$\OMS/cmsy/m/n/9 ^^B$\OT1/cmr/m/n/9 20(cm$\OMS/cmsy/m/n/9 ^^B$
\OT1/cmr/m/n/9 cm) in
 []

Package epstopdf Info: Source file: <figs/Dis_Rawhit_025GeV_010_tau21_10tev_04_
Man.eps>
(epstopdf)                    date: 2018-04-24 15:46:31
(epstopdf)                    size: 12464 bytes
(epstopdf)             Output file: <figs/Dis_Rawhit_025GeV_010_tau21_10tev_04_
Man-eps-converted-to.pdf>
(epstopdf)                    date: 2018-04-24 15:49:45
(epstopdf)                    size: 10831 bytes
(epstopdf)             Command: <repstopdf --outfile=figs/Dis_Rawhit_025GeV_010
_tau21_10tev_04_Man-eps-converted-to.pdf figs/Dis_Rawhit_025GeV_010_tau21_10tev
_04_Man.eps>
(epstopdf)             \includegraphics on input line 205.
Package epstopdf Info: Output file is already uptodate.

<figs/Dis_Rawhit_025GeV_010_tau21_10tev_04_Man-eps-converted-to.pdf, id=25, 569
.12625pt x 543.02875pt>
File: figs/Dis_Rawhit_025GeV_010_tau21_10tev_04_Man-eps-converted-to.pdf Graphi
c file (type pdf)

<use figs/Dis_Rawhit_025GeV_010_tau21_10tev_04_Man-eps-converted-to.pdf>
Package pdftex.def Info: figs/Dis_Rawhit_025GeV_010_tau21_10tev_04_Man-eps-conv
erted-to.pdf used on input line 205.
(pdftex.def)             Requested size: 90.76479pt x 86.59636pt.

Underfull \hbox (badness 10000) in paragraph at lines 205--205
[]\OT1/cmr/m/n/9 (b) 10TeV at
 []


Underfull \hbox (badness 10000) in paragraph at lines 205--205
\OT1/cmr/m/n/9 20$\OMS/cmsy/m/n/9 ^^B$\OT1/cmr/m/n/9 20(cm$\OMS/cmsy/m/n/9 ^^B$
\OT1/cmr/m/n/9 cm) in
 []

Package epstopdf Info: Source file: <figs/Dis_Rawhit_025GeV_010_tau21_20tev_04_
Man.eps>
(epstopdf)                    date: 2018-04-24 15:46:32
(epstopdf)                    size: 12797 bytes
(epstopdf)             Output file: <figs/Dis_Rawhit_025GeV_010_tau21_20tev_04_
Man-eps-converted-to.pdf>
(epstopdf)                    date: 2018-04-24 15:49:45
(epstopdf)                    size: 10846 bytes
(epstopdf)             Command: <repstopdf --outfile=figs/Dis_Rawhit_025GeV_010
_tau21_20tev_04_Man-eps-converted-to.pdf figs/Dis_Rawhit_025GeV_010_tau21_20tev
_04_Man.eps>
(epstopdf)             \includegraphics on input line 208.
Package epstopdf Info: Output file is already uptodate.

<figs/Dis_Rawhit_025GeV_010_tau21_20tev_04_Man-eps-converted-to.pdf, id=26, 569
.12625pt x 543.02875pt>
File: figs/Dis_Rawhit_025GeV_010_tau21_20tev_04_Man-eps-converted-to.pdf Graphi
c file (type pdf)

<use figs/Dis_Rawhit_025GeV_010_tau21_20tev_04_Man-eps-converted-to.pdf>
Package pdftex.def Info: figs/Dis_Rawhit_025GeV_010_tau21_20tev_04_Man-eps-conv
erted-to.pdf used on input line 208.
(pdftex.def)             Requested size: 90.76479pt x 86.59636pt.

Underfull \hbox (badness 10000) in paragraph at lines 208--208
[]\OT1/cmr/m/n/9 (c) 20TeV at
 []


Underfull \hbox (badness 10000) in paragraph at lines 208--208
\OT1/cmr/m/n/9 20$\OMS/cmsy/m/n/9 ^^B$\OT1/cmr/m/n/9 20(cm$\OMS/cmsy/m/n/9 ^^B$
\OT1/cmr/m/n/9 cm) in
 []

Package epstopdf Info: Source file: <figs/Dis_Rawhit_025GeV_010_tau21_40tev_04_
Man.eps>
(epstopdf)                    date: 2018-04-24 15:46:32
(epstopdf)                    size: 12969 bytes
(epstopdf)             Output file: <figs/Dis_Rawhit_025GeV_010_tau21_40tev_04_
Man-eps-converted-to.pdf>
(epstopdf)                    date: 2018-04-24 15:49:46
(epstopdf)                    size: 10901 bytes
(epstopdf)             Command: <repstopdf --outfile=figs/Dis_Rawhit_025GeV_010
_tau21_40tev_04_Man-eps-converted-to.pdf figs/Dis_Rawhit_025GeV_010_tau21_40tev
_04_Man.eps>
(epstopdf)             \includegraphics on input line 211.
Package epstopdf Info: Output file is already uptodate.

<figs/Dis_Rawhit_025GeV_010_tau21_40tev_04_Man-eps-converted-to.pdf, id=27, 569
.12625pt x 543.02875pt>
File: figs/Dis_Rawhit_025GeV_010_tau21_40tev_04_Man-eps-converted-to.pdf Graphi
c file (type pdf)

<use figs/Dis_Rawhit_025GeV_010_tau21_40tev_04_Man-eps-converted-to.pdf>
Package pdftex.def Info: figs/Dis_Rawhit_025GeV_010_tau21_40tev_04_Man-eps-conv
erted-to.pdf used on input line 211.
(pdftex.def)             Requested size: 90.76479pt x 86.59636pt.

Underfull \hbox (badness 10000) in paragraph at lines 211--211
[]\OT1/cmr/m/n/9 (d) 40TeV at
 []


Underfull \hbox (badness 10000) in paragraph at lines 211--211
\OT1/cmr/m/n/9 20$\OMS/cmsy/m/n/9 ^^B$\OT1/cmr/m/n/9 20(cm$\OMS/cmsy/m/n/9 ^^B$
\OT1/cmr/m/n/9 cm) in
 []

Package epstopdf Info: Source file: <figs/Dis_Rawhit_025GeV_009_tau21_5tev_04_M
an.eps>
(epstopdf)                    date: 2018-04-24 15:46:30
(epstopdf)                    size: 12473 bytes
(epstopdf)             Output file: <figs/Dis_Rawhit_025GeV_009_tau21_5tev_04_M
an-eps-converted-to.pdf>
(epstopdf)                    date: 2018-04-24 15:49:47
(epstopdf)                    size: 10854 bytes
(epstopdf)             Command: <repstopdf --outfile=figs/Dis_Rawhit_025GeV_009
_tau21_5tev_04_Man-eps-converted-to.pdf figs/Dis_Rawhit_025GeV_009_tau21_5tev_0
4_Man.eps>
(epstopdf)             \includegraphics on input line 214.
Package epstopdf Info: Output file is already uptodate.

<figs/Dis_Rawhit_025GeV_009_tau21_5tev_04_Man-eps-converted-to.pdf, id=28, 569.
12625pt x 543.02875pt>
File: figs/Dis_Rawhit_025GeV_009_tau21_5tev_04_Man-eps-converted-to.pdf Graphic
 file (type pdf)

<use figs/Dis_Rawhit_025GeV_009_tau21_5tev_04_Man-eps-converted-to.pdf>
Package pdftex.def Info: figs/Dis_Rawhit_025GeV_009_tau21_5tev_04_Man-eps-conve
rted-to.pdf used on input line 214.
(pdftex.def)             Requested size: 90.76479pt x 86.59636pt.

Underfull \hbox (badness 10000) in paragraph at lines 214--214
[]\OT1/cmr/m/n/9 (e) 5TeV at
 []


Underfull \hbox (badness 10000) in paragraph at lines 214--214
\OT1/cmr/m/n/9 5$\OMS/cmsy/m/n/9 ^^B$\OT1/cmr/m/n/9 5(cm$\OMS/cmsy/m/n/9 ^^B$\O
T1/cmr/m/n/9 cm) in
 []

Package epstopdf Info: Source file: <figs/Dis_Rawhit_025GeV_009_tau21_10tev_04_
Man.eps>
(epstopdf)                    date: 2018-04-24 15:46:30
(epstopdf)                    size: 12439 bytes
(epstopdf)             Output file: <figs/Dis_Rawhit_025GeV_009_tau21_10tev_04_
Man-eps-converted-to.pdf>
(epstopdf)                    date: 2018-04-24 15:49:47
(epstopdf)                    size: 10839 bytes
(epstopdf)             Command: <repstopdf --outfile=figs/Dis_Rawhit_025GeV_009
_tau21_10tev_04_Man-eps-converted-to.pdf figs/Dis_Rawhit_025GeV_009_tau21_10tev
_04_Man.eps>
(epstopdf)             \includegraphics on input line 217.
Package epstopdf Info: Output file is already uptodate.

<figs/Dis_Rawhit_025GeV_009_tau21_10tev_04_Man-eps-converted-to.pdf, id=29, 569
.12625pt x 543.02875pt>
File: figs/Dis_Rawhit_025GeV_009_tau21_10tev_04_Man-eps-converted-to.pdf Graphi
c file (type pdf)

<use figs/Dis_Rawhit_025GeV_009_tau21_10tev_04_Man-eps-converted-to.pdf>
Package pdftex.def Info: figs/Dis_Rawhit_025GeV_009_tau21_10tev_04_Man-eps-conv
erted-to.pdf used on input line 217.
(pdftex.def)             Requested size: 90.76479pt x 86.59636pt.

Underfull \hbox (badness 10000) in paragraph at lines 217--217
[]\OT1/cmr/m/n/9 (f) 10TeV at
 []


Underfull \hbox (badness 10000) in paragraph at lines 217--217
\OT1/cmr/m/n/9 5$\OMS/cmsy/m/n/9 ^^B$\OT1/cmr/m/n/9 5(cm$\OMS/cmsy/m/n/9 ^^B$\O
T1/cmr/m/n/9 cm) in
 []

Package epstopdf Info: Source file: <figs/Dis_Rawhit_025GeV_009_tau21_20tev_04_
Man.eps>
(epstopdf)                    date: 2018-04-24 15:46:31
(epstopdf)                    size: 12941 bytes
(epstopdf)             Output file: <figs/Dis_Rawhit_025GeV_009_tau21_20tev_04_
Man-eps-converted-to.pdf>
(epstopdf)                    date: 2018-04-24 15:49:48
(epstopdf)                    size: 10900 bytes
(epstopdf)             Command: <repstopdf --outfile=figs/Dis_Rawhit_025GeV_009
_tau21_20tev_04_Man-eps-converted-to.pdf figs/Dis_Rawhit_025GeV_009_tau21_20tev
_04_Man.eps>
(epstopdf)             \includegraphics on input line 220.
Package epstopdf Info: Output file is already uptodate.

<figs/Dis_Rawhit_025GeV_009_tau21_20tev_04_Man-eps-converted-to.pdf, id=30, 569
.12625pt x 543.02875pt>
File: figs/Dis_Rawhit_025GeV_009_tau21_20tev_04_Man-eps-converted-to.pdf Graphi
c file (type pdf)

<use figs/Dis_Rawhit_025GeV_009_tau21_20tev_04_Man-eps-converted-to.pdf>
Package pdftex.def Info: figs/Dis_Rawhit_025GeV_009_tau21_20tev_04_Man-eps-conv
erted-to.pdf used on input line 220.
(pdftex.def)             Requested size: 90.76479pt x 86.59636pt.

Underfull \hbox (badness 10000) in paragraph at lines 220--220
[]\OT1/cmr/m/n/9 (g) 20TeV at
 []


Underfull \hbox (badness 10000) in paragraph at lines 220--220
\OT1/cmr/m/n/9 5$\OMS/cmsy/m/n/9 ^^B$\OT1/cmr/m/n/9 5(cm$\OMS/cmsy/m/n/9 ^^B$\O
T1/cmr/m/n/9 cm) in
 []

Package epstopdf Info: Source file: <figs/Dis_Rawhit_025GeV_009_tau21_40tev_04_
Man.eps>
(epstopdf)                    date: 2018-04-24 15:46:31
(epstopdf)                    size: 12347 bytes
(epstopdf)             Output file: <figs/Dis_Rawhit_025GeV_009_tau21_40tev_04_
Man-eps-converted-to.pdf>
(epstopdf)                    date: 2018-04-24 15:49:49
(epstopdf)                    size: 10772 bytes
(epstopdf)             Command: <repstopdf --outfile=figs/Dis_Rawhit_025GeV_009
_tau21_40tev_04_Man-eps-converted-to.pdf figs/Dis_Rawhit_025GeV_009_tau21_40tev
_04_Man.eps>
(epstopdf)             \includegraphics on input line 223.
Package epstopdf Info: Output file is already uptodate.

<figs/Dis_Rawhit_025GeV_009_tau21_40tev_04_Man-eps-converted-to.pdf, id=31, 569
.12625pt x 543.02875pt>
File: figs/Dis_Rawhit_025GeV_009_tau21_40tev_04_Man-eps-converted-to.pdf Graphi
c file (type pdf)

<use figs/Dis_Rawhit_025GeV_009_tau21_40tev_04_Man-eps-converted-to.pdf>
Package pdftex.def Info: figs/Dis_Rawhit_025GeV_009_tau21_40tev_04_Man-eps-conv
erted-to.pdf used on input line 223.
(pdftex.def)             Requested size: 90.76479pt x 86.59636pt.

Underfull \hbox (badness 10000) in paragraph at lines 223--223
[]\OT1/cmr/m/n/9 (h) 40TeV at
 []


Underfull \hbox (badness 10000) in paragraph at lines 223--223
\OT1/cmr/m/n/9 5$\OMS/cmsy/m/n/9 ^^B$\OT1/cmr/m/n/9 5(cm$\OMS/cmsy/m/n/9 ^^B$\O
T1/cmr/m/n/9 cm) in
 []

Package epstopdf Info: Source file: <figs/Dis_Rawhit_025GeV_012_tau21_5tev_04_M
an.eps>
(epstopdf)                    date: 2018-04-24 15:46:32
(epstopdf)                    size: 13596 bytes
(epstopdf)             Output file: <figs/Dis_Rawhit_025GeV_012_tau21_5tev_04_M
an-eps-converted-to.pdf>
(epstopdf)                    date: 2018-04-24 15:49:49
(epstopdf)                    size: 11009 bytes
(epstopdf)             Command: <repstopdf --outfile=figs/Dis_Rawhit_025GeV_012
_tau21_5tev_04_Man-eps-converted-to.pdf figs/Dis_Rawhit_025GeV_012_tau21_5tev_0
4_Man.eps>
(epstopdf)             \includegraphics on input line 226.
Package epstopdf Info: Output file is already uptodate.

<figs/Dis_Rawhit_025GeV_012_tau21_5tev_04_Man-eps-converted-to.pdf, id=32, 569.
12625pt x 543.02875pt>
File: figs/Dis_Rawhit_025GeV_012_tau21_5tev_04_Man-eps-converted-to.pdf Graphic
 file (type pdf)

<use figs/Dis_Rawhit_025GeV_012_tau21_5tev_04_Man-eps-converted-to.pdf>
Package pdftex.def Info: figs/Dis_Rawhit_025GeV_012_tau21_5tev_04_Man-eps-conve
rted-to.pdf used on input line 226.
(pdftex.def)             Requested size: 90.76479pt x 86.59636pt.

Underfull \hbox (badness 10000) in paragraph at lines 226--226
[]\OT1/cmr/m/n/9 (i) 5TeV at
 []


Underfull \hbox (badness 10000) in paragraph at lines 226--226
\OT1/cmr/m/n/9 1$\OMS/cmsy/m/n/9 ^^B$\OT1/cmr/m/n/9 1(cm$\OMS/cmsy/m/n/9 ^^B$\O
T1/cmr/m/n/9 cm) in
 []

Package epstopdf Info: Source file: <figs/Dis_Rawhit_025GeV_012_tau21_10tev_04_
Man.eps>
(epstopdf)                    date: 2018-04-24 15:46:32
(epstopdf)                    size: 13259 bytes
(epstopdf)             Output file: <figs/Dis_Rawhit_025GeV_012_tau21_10tev_04_
Man-eps-converted-to.pdf>
(epstopdf)                    date: 2018-04-24 15:49:50
(epstopdf)                    size: 10979 bytes
(epstopdf)             Command: <repstopdf --outfile=figs/Dis_Rawhit_025GeV_012
_tau21_10tev_04_Man-eps-converted-to.pdf figs/Dis_Rawhit_025GeV_012_tau21_10tev
_04_Man.eps>
(epstopdf)             \includegraphics on input line 229.
Package epstopdf Info: Output file is already uptodate.

<figs/Dis_Rawhit_025GeV_012_tau21_10tev_04_Man-eps-converted-to.pdf, id=33, 569
.12625pt x 543.02875pt>
File: figs/Dis_Rawhit_025GeV_012_tau21_10tev_04_Man-eps-converted-to.pdf Graphi
c file (type pdf)

<use figs/Dis_Rawhit_025GeV_012_tau21_10tev_04_Man-eps-converted-to.pdf>
Package pdftex.def Info: figs/Dis_Rawhit_025GeV_012_tau21_10tev_04_Man-eps-conv
erted-to.pdf used on input line 229.
(pdftex.def)             Requested size: 90.76479pt x 86.59636pt.

Underfull \hbox (badness 10000) in paragraph at lines 229--229
[]\OT1/cmr/m/n/9 (j) 10TeV at
 []


Underfull \hbox (badness 10000) in paragraph at lines 229--229
\OT1/cmr/m/n/9 1$\OMS/cmsy/m/n/9 ^^B$\OT1/cmr/m/n/9 1(cm$\OMS/cmsy/m/n/9 ^^B$\O
T1/cmr/m/n/9 cm) in
 []

Package epstopdf Info: Source file: <figs/Dis_Rawhit_025GeV_012_tau21_20tev_04_
Man.eps>
(epstopdf)                    date: 2018-04-24 15:46:33
(epstopdf)                    size: 12387 bytes
(epstopdf)             Output file: <figs/Dis_Rawhit_025GeV_012_tau21_20tev_04_
Man-eps-converted-to.pdf>
(epstopdf)                    date: 2018-04-24 15:49:51
(epstopdf)                    size: 10810 bytes
(epstopdf)             Command: <repstopdf --outfile=figs/Dis_Rawhit_025GeV_012
_tau21_20tev_04_Man-eps-converted-to.pdf figs/Dis_Rawhit_025GeV_012_tau21_20tev
_04_Man.eps>
(epstopdf)             \includegraphics on input line 232.
Package epstopdf Info: Output file is already uptodate.

<figs/Dis_Rawhit_025GeV_012_tau21_20tev_04_Man-eps-converted-to.pdf, id=34, 569
.12625pt x 543.02875pt>
File: figs/Dis_Rawhit_025GeV_012_tau21_20tev_04_Man-eps-converted-to.pdf Graphi
c file (type pdf)

<use figs/Dis_Rawhit_025GeV_012_tau21_20tev_04_Man-eps-converted-to.pdf>
Package pdftex.def Info: figs/Dis_Rawhit_025GeV_012_tau21_20tev_04_Man-eps-conv
erted-to.pdf used on input line 232.
(pdftex.def)             Requested size: 90.76479pt x 86.59636pt.

Underfull \hbox (badness 10000) in paragraph at lines 232--232
[]\OT1/cmr/m/n/9 (k) 20TeV at
 []


Underfull \hbox (badness 10000) in paragraph at lines 232--232
\OT1/cmr/m/n/9 1$\OMS/cmsy/m/n/9 ^^B$\OT1/cmr/m/n/9 1(cm$\OMS/cmsy/m/n/9 ^^B$\O
T1/cmr/m/n/9 cm) in
 []

Package epstopdf Info: Source file: <figs/Dis_Rawhit_025GeV_012_tau21_40tev_04_
Man.eps>
(epstopdf)                    date: 2018-04-24 15:46:33
(epstopdf)                    size: 12832 bytes
(epstopdf)             Output file: <figs/Dis_Rawhit_025GeV_012_tau21_40tev_04_
Man-eps-converted-to.pdf>
(epstopdf)                    date: 2018-04-24 15:49:51
(epstopdf)                    size: 10880 bytes
(epstopdf)             Command: <repstopdf --outfile=figs/Dis_Rawhit_025GeV_012
_tau21_40tev_04_Man-eps-converted-to.pdf figs/Dis_Rawhit_025GeV_012_tau21_40tev
_04_Man.eps>
(epstopdf)             \includegraphics on input line 235.
Package epstopdf Info: Output file is already uptodate.

<figs/Dis_Rawhit_025GeV_012_tau21_40tev_04_Man-eps-converted-to.pdf, id=35, 569
.12625pt x 543.02875pt>
File: figs/Dis_Rawhit_025GeV_012_tau21_40tev_04_Man-eps-converted-to.pdf Graphi
c file (type pdf)

<use figs/Dis_Rawhit_025GeV_012_tau21_40tev_04_Man-eps-converted-to.pdf>
Package pdftex.def Info: figs/Dis_Rawhit_025GeV_012_tau21_40tev_04_Man-eps-conv
erted-to.pdf used on input line 235.
(pdftex.def)             Requested size: 90.76479pt x 86.59636pt.

Underfull \hbox (badness 10000) in paragraph at lines 235--235
[]\OT1/cmr/m/n/9 (l) 40TeV at
 []


Underfull \hbox (badness 10000) in paragraph at lines 235--235
\OT1/cmr/m/n/9 1$\OMS/cmsy/m/n/9 ^^B$\OT1/cmr/m/n/9 1(cm$\OMS/cmsy/m/n/9 ^^B$\O
T1/cmr/m/n/9 cm) in
 []

Package epstopdf Info: Source file: <figs/Rawhit_025GgeV_tau21_5tev_eff_1_New2.
eps>
(epstopdf)                    date: 2018-05-07 08:02:19
(epstopdf)                    size: 12428 bytes
(epstopdf)             Output file: <figs/Rawhit_025GgeV_tau21_5tev_eff_1_New2-
eps-converted-to.pdf>
(epstopdf)                    date: 2018-05-07 08:07:00
(epstopdf)                    size: 11013 bytes
(epstopdf)             Command: <repstopdf --outfile=figs/Rawhit_025GgeV_tau21_
5tev_eff_1_New2-eps-converted-to.pdf figs/Rawhit_025GgeV_tau21_5tev_eff_1_New2.
eps>
(epstopdf)             \includegraphics on input line 245.
Package epstopdf Info: Output file is already uptodate.

<figs/Rawhit_025GgeV_tau21_5tev_eff_1_New2-eps-converted-to.pdf, id=36, 569.126
25pt x 396.48125pt>
File: figs/Rawhit_025GgeV_tau21_5tev_eff_1_New2-eps-converted-to.pdf Graphic fi
le (type pdf)

<use figs/Rawhit_025GgeV_tau21_5tev_eff_1_New2-eps-converted-to.pdf>
Package pdftex.def Info: figs/Rawhit_025GgeV_tau21_5tev_eff_1_New2-eps-converte
d-to.pdf used on input line 245.
(pdftex.def)             Requested size: 177.3999pt x 123.58548pt.
Package epstopdf Info: Source file: <figs/Rawhit_025GgeV_tau21_10tev_eff_1_New2
.eps>
(epstopdf)                    date: 2018-05-07 08:02:19
(epstopdf)                    size: 12293 bytes
(epstopdf)             Output file: <figs/Rawhit_025GgeV_tau21_10tev_eff_1_New2
-eps-converted-to.pdf>
(epstopdf)                    date: 2018-05-07 08:07:01
(epstopdf)                    size: 10968 bytes
(epstopdf)             Command: <repstopdf --outfile=figs/Rawhit_025GgeV_tau21_
10tev_eff_1_New2-eps-converted-to.pdf figs/Rawhit_025GgeV_tau21_10tev_eff_1_New
2.eps>
(epstopdf)             \includegraphics on input line 248.
Package epstopdf Info: Output file is already uptodate.

<figs/Rawhit_025GgeV_tau21_10tev_eff_1_New2-eps-converted-to.pdf, id=37, 569.12
625pt x 396.48125pt>
File: figs/Rawhit_025GgeV_tau21_10tev_eff_1_New2-eps-converted-to.pdf Graphic f
ile (type pdf)

<use figs/Rawhit_025GgeV_tau21_10tev_eff_1_New2-eps-converted-to.pdf>
Package pdftex.def Info: figs/Rawhit_025GgeV_tau21_10tev_eff_1_New2-eps-convert
ed-to.pdf used on input line 248.
(pdftex.def)             Requested size: 177.3999pt x 123.58548pt.
Package epstopdf Info: Source file: <figs/Rawhit_025GgeV_tau21_20tev_eff_1_New2
.eps>
(epstopdf)                    date: 2018-05-07 08:02:19
(epstopdf)                    size: 11854 bytes
(epstopdf)             Output file: <figs/Rawhit_025GgeV_tau21_20tev_eff_1_New2
-eps-converted-to.pdf>
(epstopdf)                    date: 2018-05-07 08:07:01
(epstopdf)                    size: 10872 bytes
(epstopdf)             Command: <repstopdf --outfile=figs/Rawhit_025GgeV_tau21_
20tev_eff_1_New2-eps-converted-to.pdf figs/Rawhit_025GgeV_tau21_20tev_eff_1_New
2.eps>
(epstopdf)             \includegraphics on input line 251.
Package epstopdf Info: Output file is already uptodate.

<figs/Rawhit_025GgeV_tau21_20tev_eff_1_New2-eps-converted-to.pdf, id=38, 569.12
625pt x 396.48125pt>
File: figs/Rawhit_025GgeV_tau21_20tev_eff_1_New2-eps-converted-to.pdf Graphic f
ile (type pdf)

<use figs/Rawhit_025GgeV_tau21_20tev_eff_1_New2-eps-converted-to.pdf>
Package pdftex.def Info: figs/Rawhit_025GgeV_tau21_20tev_eff_1_New2-eps-convert
ed-to.pdf used on input line 251.
(pdftex.def)             Requested size: 177.3999pt x 123.58548pt.
Package epstopdf Info: Source file: <figs/Rawhit_025GgeV_tau21_40tev_eff_1_New2
.eps>
(epstopdf)                    date: 2018-05-07 08:02:20
(epstopdf)                    size: 11959 bytes
(epstopdf)             Output file: <figs/Rawhit_025GgeV_tau21_40tev_eff_1_New2
-eps-converted-to.pdf>
(epstopdf)                    date: 2018-05-07 08:07:02
(epstopdf)                    size: 10915 bytes
(epstopdf)             Command: <repstopdf --outfile=figs/Rawhit_025GgeV_tau21_
40tev_eff_1_New2-eps-converted-to.pdf figs/Rawhit_025GgeV_tau21_40tev_eff_1_New
2.eps>
(epstopdf)             \includegraphics on input line 254.
Package epstopdf Info: Output file is already uptodate.

<figs/Rawhit_025GgeV_tau21_40tev_eff_1_New2-eps-converted-to.pdf, id=39, 569.12
625pt x 396.48125pt>
File: figs/Rawhit_025GgeV_tau21_40tev_eff_1_New2-eps-converted-to.pdf Graphic f
ile (type pdf)

<use figs/Rawhit_025GgeV_tau21_40tev_eff_1_New2-eps-converted-to.pdf>
Package pdftex.def Info: figs/Rawhit_025GgeV_tau21_40tev_eff_1_New2-eps-convert
ed-to.pdf used on input line 254.
(pdftex.def)             Requested size: 177.3999pt x 123.58548pt.
Package epstopdf Info: Source file: <figs/Dis_Rawhit_05GeV_010_tau32_5tev_04_Ma
n.eps>
(epstopdf)                    date: 2018-04-24 15:44:51
(epstopdf)                    size: 12529 bytes
(epstopdf)             Output file: <figs/Dis_Rawhit_05GeV_010_tau32_5tev_04_Ma
n-eps-converted-to.pdf>
(epstopdf)                    date: 2018-04-24 15:49:52
(epstopdf)                    size: 10107 bytes
(epstopdf)             Command: <repstopdf --outfile=figs/Dis_Rawhit_05GeV_010_
tau32_5tev_04_Man-eps-converted-to.pdf figs/Dis_Rawhit_05GeV_010_tau32_5tev_04_
Man.eps>
(epstopdf)             \includegraphics on input line 266.
Package epstopdf Info: Output file is already uptodate.

<figs/Dis_Rawhit_05GeV_010_tau32_5tev_04_Man-eps-converted-to.pdf, id=40, 569.1
2625pt x 543.02875pt>
File: figs/Dis_Rawhit_05GeV_010_tau32_5tev_04_Man-eps-converted-to.pdf Graphic 
file (type pdf)

<use figs/Dis_Rawhit_05GeV_010_tau32_5tev_04_Man-eps-converted-to.pdf>
Package pdftex.def Info: figs/Dis_Rawhit_05GeV_010_tau32_5tev_04_Man-eps-conver
ted-to.pdf used on input line 266.
(pdftex.def)             Requested size: 90.76479pt x 86.59636pt.

Underfull \hbox (badness 10000) in paragraph at lines 266--266
[]\OT1/cmr/m/n/9 (a) 5TeV at
 []


Underfull \hbox (badness 10000) in paragraph at lines 266--266
\OT1/cmr/m/n/9 20$\OMS/cmsy/m/n/9 ^^B$\OT1/cmr/m/n/9 20(cm$\OMS/cmsy/m/n/9 ^^B$
\OT1/cmr/m/n/9 cm) in
 []

Package epstopdf Info: Source file: <figs/Dis_Rawhit_05GeV_010_tau32_10tev_04_M
an.eps>
(epstopdf)                    date: 2018-04-24 15:44:51
(epstopdf)                    size: 12594 bytes
(epstopdf)             Output file: <figs/Dis_Rawhit_05GeV_010_tau32_10tev_04_M
an-eps-converted-to.pdf>
(epstopdf)                    date: 2018-04-24 15:49:53
(epstopdf)                    size: 10141 bytes
(epstopdf)             Command: <repstopdf --outfile=figs/Dis_Rawhit_05GeV_010_
tau32_10tev_04_Man-eps-converted-to.pdf figs/Dis_Rawhit_05GeV_010_tau32_10tev_0
4_Man.eps>
(epstopdf)             \includegraphics on input line 269.
Package epstopdf Info: Output file is already uptodate.

<figs/Dis_Rawhit_05GeV_010_tau32_10tev_04_Man-eps-converted-to.pdf, id=41, 569.
12625pt x 543.02875pt>
File: figs/Dis_Rawhit_05GeV_010_tau32_10tev_04_Man-eps-converted-to.pdf Graphic
 file (type pdf)

<use figs/Dis_Rawhit_05GeV_010_tau32_10tev_04_Man-eps-converted-to.pdf>
Package pdftex.def Info: figs/Dis_Rawhit_05GeV_010_tau32_10tev_04_Man-eps-conve
rted-to.pdf used on input line 269.
(pdftex.def)             Requested size: 90.76479pt x 86.59636pt.

Underfull \hbox (badness 10000) in paragraph at lines 269--269
[]\OT1/cmr/m/n/9 (b) 10TeV at
 []


Underfull \hbox (badness 10000) in paragraph at lines 269--269
\OT1/cmr/m/n/9 20$\OMS/cmsy/m/n/9 ^^B$\OT1/cmr/m/n/9 20(cm$\OMS/cmsy/m/n/9 ^^B$
\OT1/cmr/m/n/9 cm) in
 []

Package epstopdf Info: Source file: <figs/Dis_Rawhit_05GeV_010_tau32_20tev_04_M
an.eps>
(epstopdf)                    date: 2018-04-24 15:44:52
(epstopdf)                    size: 12546 bytes
(epstopdf)             Output file: <figs/Dis_Rawhit_05GeV_010_tau32_20tev_04_M
an-eps-converted-to.pdf>
(epstopdf)                    date: 2018-04-24 15:49:53
(epstopdf)                    size: 10106 bytes
(epstopdf)             Command: <repstopdf --outfile=figs/Dis_Rawhit_05GeV_010_
tau32_20tev_04_Man-eps-converted-to.pdf figs/Dis_Rawhit_05GeV_010_tau32_20tev_0
4_Man.eps>
(epstopdf)             \includegraphics on input line 272.
Package epstopdf Info: Output file is already uptodate.

<figs/Dis_Rawhit_05GeV_010_tau32_20tev_04_Man-eps-converted-to.pdf, id=42, 569.
12625pt x 543.02875pt>
File: figs/Dis_Rawhit_05GeV_010_tau32_20tev_04_Man-eps-converted-to.pdf Graphic
 file (type pdf)

<use figs/Dis_Rawhit_05GeV_010_tau32_20tev_04_Man-eps-converted-to.pdf>
Package pdftex.def Info: figs/Dis_Rawhit_05GeV_010_tau32_20tev_04_Man-eps-conve
rted-to.pdf used on input line 272.
(pdftex.def)             Requested size: 90.76479pt x 86.59636pt.

Underfull \hbox (badness 10000) in paragraph at lines 272--272
[]\OT1/cmr/m/n/9 (c) 20TeV at
 []


Underfull \hbox (badness 10000) in paragraph at lines 272--272
\OT1/cmr/m/n/9 20$\OMS/cmsy/m/n/9 ^^B$\OT1/cmr/m/n/9 20(cm$\OMS/cmsy/m/n/9 ^^B$
\OT1/cmr/m/n/9 cm) in
 []

Package epstopdf Info: Source file: <figs/Dis_Rawhit_05GeV_010_tau32_40tev_04_M
an.eps>
(epstopdf)                    date: 2018-04-24 15:44:52
(epstopdf)                    size: 12672 bytes
(epstopdf)             Output file: <figs/Dis_Rawhit_05GeV_010_tau32_40tev_04_M
an-eps-converted-to.pdf>
(epstopdf)                    date: 2018-04-24 15:49:54
(epstopdf)                    size: 10179 bytes
(epstopdf)             Command: <repstopdf --outfile=figs/Dis_Rawhit_05GeV_010_
tau32_40tev_04_Man-eps-converted-to.pdf figs/Dis_Rawhit_05GeV_010_tau32_40tev_0
4_Man.eps>
(epstopdf)             \includegraphics on input line 275.
Package epstopdf Info: Output file is already uptodate.

<figs/Dis_Rawhit_05GeV_010_tau32_40tev_04_Man-eps-converted-to.pdf, id=43, 569.
12625pt x 543.02875pt>
File: figs/Dis_Rawhit_05GeV_010_tau32_40tev_04_Man-eps-converted-to.pdf Graphic
 file (type pdf)

<use figs/Dis_Rawhit_05GeV_010_tau32_40tev_04_Man-eps-converted-to.pdf>
Package pdftex.def Info: figs/Dis_Rawhit_05GeV_010_tau32_40tev_04_Man-eps-conve
rted-to.pdf used on input line 275.
(pdftex.def)             Requested size: 90.76479pt x 86.59636pt.

Underfull \hbox (badness 10000) in paragraph at lines 275--275
[]\OT1/cmr/m/n/9 (d) 40TeV at
 []


Underfull \hbox (badness 10000) in paragraph at lines 275--275
\OT1/cmr/m/n/9 20$\OMS/cmsy/m/n/9 ^^B$\OT1/cmr/m/n/9 20(cm$\OMS/cmsy/m/n/9 ^^B$
\OT1/cmr/m/n/9 cm) in
 []

Package epstopdf Info: Source file: <figs/Dis_Rawhit_05GeV_009_tau32_5tev_04_Ma
n.eps>
(epstopdf)                    date: 2018-04-24 15:44:50
(epstopdf)                    size: 12426 bytes
(epstopdf)             Output file: <figs/Dis_Rawhit_05GeV_009_tau32_5tev_04_Ma
n-eps-converted-to.pdf>
(epstopdf)                    date: 2018-04-24 15:49:55
(epstopdf)                    size: 10108 bytes
(epstopdf)             Command: <repstopdf --outfile=figs/Dis_Rawhit_05GeV_009_
tau32_5tev_04_Man-eps-converted-to.pdf figs/Dis_Rawhit_05GeV_009_tau32_5tev_04_
Man.eps>
(epstopdf)             \includegraphics on input line 278.
Package epstopdf Info: Output file is already uptodate.

<figs/Dis_Rawhit_05GeV_009_tau32_5tev_04_Man-eps-converted-to.pdf, id=44, 569.1
2625pt x 543.02875pt>
File: figs/Dis_Rawhit_05GeV_009_tau32_5tev_04_Man-eps-converted-to.pdf Graphic 
file (type pdf)

<use figs/Dis_Rawhit_05GeV_009_tau32_5tev_04_Man-eps-converted-to.pdf>
Package pdftex.def Info: figs/Dis_Rawhit_05GeV_009_tau32_5tev_04_Man-eps-conver
ted-to.pdf used on input line 278.
(pdftex.def)             Requested size: 90.76479pt x 86.59636pt.

Underfull \hbox (badness 10000) in paragraph at lines 278--278
[]\OT1/cmr/m/n/9 (e) 5TeV at
 []


Underfull \hbox (badness 10000) in paragraph at lines 278--278
\OT1/cmr/m/n/9 5$\OMS/cmsy/m/n/9 ^^B$\OT1/cmr/m/n/9 5(cm$\OMS/cmsy/m/n/9 ^^B$\O
T1/cmr/m/n/9 cm) in
 []

Package epstopdf Info: Source file: <figs/Dis_Rawhit_05GeV_009_tau32_10tev_04_M
an.eps>
(epstopdf)                    date: 2018-04-24 15:44:50
(epstopdf)                    size: 12788 bytes
(epstopdf)             Output file: <figs/Dis_Rawhit_05GeV_009_tau32_10tev_04_M
an-eps-converted-to.pdf>
(epstopdf)                    date: 2018-04-24 15:49:56
(epstopdf)                    size: 10161 bytes
(epstopdf)             Command: <repstopdf --outfile=figs/Dis_Rawhit_05GeV_009_
tau32_10tev_04_Man-eps-converted-to.pdf figs/Dis_Rawhit_05GeV_009_tau32_10tev_0
4_Man.eps>
(epstopdf)             \includegraphics on input line 281.
Package epstopdf Info: Output file is already uptodate.

<figs/Dis_Rawhit_05GeV_009_tau32_10tev_04_Man-eps-converted-to.pdf, id=45, 569.
12625pt x 543.02875pt>
File: figs/Dis_Rawhit_05GeV_009_tau32_10tev_04_Man-eps-converted-to.pdf Graphic
 file (type pdf)

<use figs/Dis_Rawhit_05GeV_009_tau32_10tev_04_Man-eps-converted-to.pdf>
Package pdftex.def Info: figs/Dis_Rawhit_05GeV_009_tau32_10tev_04_Man-eps-conve
rted-to.pdf used on input line 281.
(pdftex.def)             Requested size: 90.76479pt x 86.59636pt.

Underfull \hbox (badness 10000) in paragraph at lines 281--281
[]\OT1/cmr/m/n/9 (f) 10TeV at
 []


Underfull \hbox (badness 10000) in paragraph at lines 281--281
\OT1/cmr/m/n/9 5$\OMS/cmsy/m/n/9 ^^B$\OT1/cmr/m/n/9 5(cm$\OMS/cmsy/m/n/9 ^^B$\O
T1/cmr/m/n/9 cm) in
 []

Package epstopdf Info: Source file: <figs/Dis_Rawhit_05GeV_009_tau32_20tev_04_M
an.eps>
(epstopdf)                    date: 2018-04-24 15:44:51
(epstopdf)                    size: 12130 bytes
(epstopdf)             Output file: <figs/Dis_Rawhit_05GeV_009_tau32_20tev_04_M
an-eps-converted-to.pdf>
(epstopdf)                    date: 2018-04-24 15:49:56
(epstopdf)                    size: 10037 bytes
(epstopdf)             Command: <repstopdf --outfile=figs/Dis_Rawhit_05GeV_009_
tau32_20tev_04_Man-eps-converted-to.pdf figs/Dis_Rawhit_05GeV_009_tau32_20tev_0
4_Man.eps>
(epstopdf)             \includegraphics on input line 284.
Package epstopdf Info: Output file is already uptodate.

<figs/Dis_Rawhit_05GeV_009_tau32_20tev_04_Man-eps-converted-to.pdf, id=46, 569.
12625pt x 543.02875pt>
File: figs/Dis_Rawhit_05GeV_009_tau32_20tev_04_Man-eps-converted-to.pdf Graphic
 file (type pdf)

<use figs/Dis_Rawhit_05GeV_009_tau32_20tev_04_Man-eps-converted-to.pdf>
Package pdftex.def Info: figs/Dis_Rawhit_05GeV_009_tau32_20tev_04_Man-eps-conve
rted-to.pdf used on input line 284.
(pdftex.def)             Requested size: 90.76479pt x 86.59636pt.

Underfull \hbox (badness 10000) in paragraph at lines 284--284
[]\OT1/cmr/m/n/9 (g) 20TeV at
 []


Underfull \hbox (badness 10000) in paragraph at lines 284--284
\OT1/cmr/m/n/9 5$\OMS/cmsy/m/n/9 ^^B$\OT1/cmr/m/n/9 5(cm$\OMS/cmsy/m/n/9 ^^B$\O
T1/cmr/m/n/9 cm) in
 []

Package epstopdf Info: Source file: <figs/Dis_Rawhit_05GeV_009_tau32_40tev_04_M
an.eps>
(epstopdf)                    date: 2018-04-24 15:44:51
(epstopdf)                    size: 12196 bytes
(epstopdf)             Output file: <figs/Dis_Rawhit_05GeV_009_tau32_40tev_04_M
an-eps-converted-to.pdf>
(epstopdf)                    date: 2018-04-24 15:49:57
(epstopdf)                    size: 10081 bytes
(epstopdf)             Command: <repstopdf --outfile=figs/Dis_Rawhit_05GeV_009_
tau32_40tev_04_Man-eps-converted-to.pdf figs/Dis_Rawhit_05GeV_009_tau32_40tev_0
4_Man.eps>
(epstopdf)             \includegraphics on input line 287.
Package epstopdf Info: Output file is already uptodate.

<figs/Dis_Rawhit_05GeV_009_tau32_40tev_04_Man-eps-converted-to.pdf, id=47, 569.
12625pt x 543.02875pt>
File: figs/Dis_Rawhit_05GeV_009_tau32_40tev_04_Man-eps-converted-to.pdf Graphic
 file (type pdf)

<use figs/Dis_Rawhit_05GeV_009_tau32_40tev_04_Man-eps-converted-to.pdf>
Package pdftex.def Info: figs/Dis_Rawhit_05GeV_009_tau32_40tev_04_Man-eps-conve
rted-to.pdf used on input line 287.
(pdftex.def)             Requested size: 90.76479pt x 86.59636pt.

Underfull \hbox (badness 10000) in paragraph at lines 287--287
[]\OT1/cmr/m/n/9 (h) 40TeV at
 []


Underfull \hbox (badness 10000) in paragraph at lines 287--287
\OT1/cmr/m/n/9 5$\OMS/cmsy/m/n/9 ^^B$\OT1/cmr/m/n/9 5(cm$\OMS/cmsy/m/n/9 ^^B$\O
T1/cmr/m/n/9 cm) in
 []

Package epstopdf Info: Source file: <figs/Dis_Rawhit_05GeV_012_tau32_5tev_04_Ma
n.eps>
(epstopdf)                    date: 2018-04-24 15:44:52
(epstopdf)                    size: 12241 bytes
(epstopdf)             Output file: <figs/Dis_Rawhit_05GeV_012_tau32_5tev_04_Ma
n-eps-converted-to.pdf>
(epstopdf)                    date: 2018-04-24 15:49:57
(epstopdf)                    size: 10103 bytes
(epstopdf)             Command: <repstopdf --outfile=figs/Dis_Rawhit_05GeV_012_
tau32_5tev_04_Man-eps-converted-to.pdf figs/Dis_Rawhit_05GeV_012_tau32_5tev_04_
Man.eps>
(epstopdf)             \includegraphics on input line 290.
Package epstopdf Info: Output file is already uptodate.

<figs/Dis_Rawhit_05GeV_012_tau32_5tev_04_Man-eps-converted-to.pdf, id=48, 569.1
2625pt x 543.02875pt>
File: figs/Dis_Rawhit_05GeV_012_tau32_5tev_04_Man-eps-converted-to.pdf Graphic 
file (type pdf)

<use figs/Dis_Rawhit_05GeV_012_tau32_5tev_04_Man-eps-converted-to.pdf>
Package pdftex.def Info: figs/Dis_Rawhit_05GeV_012_tau32_5tev_04_Man-eps-conver
ted-to.pdf used on input line 290.
(pdftex.def)             Requested size: 90.76479pt x 86.59636pt.

Underfull \hbox (badness 10000) in paragraph at lines 290--290
[]\OT1/cmr/m/n/9 (i) 5TeV at
 []


Underfull \hbox (badness 10000) in paragraph at lines 290--290
\OT1/cmr/m/n/9 1$\OMS/cmsy/m/n/9 ^^B$\OT1/cmr/m/n/9 1(cm$\OMS/cmsy/m/n/9 ^^B$\O
T1/cmr/m/n/9 cm) in
 []

Package epstopdf Info: Source file: <figs/Dis_Rawhit_05GeV_012_tau32_10tev_04_M
an.eps>
(epstopdf)                    date: 2018-04-24 15:44:52
(epstopdf)                    size: 12586 bytes
(epstopdf)             Output file: <figs/Dis_Rawhit_05GeV_012_tau32_10tev_04_M
an-eps-converted-to.pdf>
(epstopdf)                    date: 2018-04-24 15:49:58
(epstopdf)                    size: 10152 bytes
(epstopdf)             Command: <repstopdf --outfile=figs/Dis_Rawhit_05GeV_012_
tau32_10tev_04_Man-eps-converted-to.pdf figs/Dis_Rawhit_05GeV_012_tau32_10tev_0
4_Man.eps>
(epstopdf)             \includegraphics on input line 293.
Package epstopdf Info: Output file is already uptodate.

<figs/Dis_Rawhit_05GeV_012_tau32_10tev_04_Man-eps-converted-to.pdf, id=49, 569.
12625pt x 543.02875pt>
File: figs/Dis_Rawhit_05GeV_012_tau32_10tev_04_Man-eps-converted-to.pdf Graphic
 file (type pdf)

<use figs/Dis_Rawhit_05GeV_012_tau32_10tev_04_Man-eps-converted-to.pdf>
Package pdftex.def Info: figs/Dis_Rawhit_05GeV_012_tau32_10tev_04_Man-eps-conve
rted-to.pdf used on input line 293.
(pdftex.def)             Requested size: 90.76479pt x 86.59636pt.

Underfull \hbox (badness 10000) in paragraph at lines 293--293
[]\OT1/cmr/m/n/9 (j) 10TeV at
 []


Underfull \hbox (badness 10000) in paragraph at lines 293--293
\OT1/cmr/m/n/9 1$\OMS/cmsy/m/n/9 ^^B$\OT1/cmr/m/n/9 1(cm$\OMS/cmsy/m/n/9 ^^B$\O
T1/cmr/m/n/9 cm) in
 []

Package epstopdf Info: Source file: <figs/Dis_Rawhit_05GeV_012_tau32_20tev_04_M
an.eps>
(epstopdf)                    date: 2018-04-24 15:44:53
(epstopdf)                    size: 12574 bytes
(epstopdf)             Output file: <figs/Dis_Rawhit_05GeV_012_tau32_20tev_04_M
an-eps-converted-to.pdf>
(epstopdf)                    date: 2018-04-24 15:49:59
(epstopdf)                    size: 10148 bytes
(epstopdf)             Command: <repstopdf --outfile=figs/Dis_Rawhit_05GeV_012_
tau32_20tev_04_Man-eps-converted-to.pdf figs/Dis_Rawhit_05GeV_012_tau32_20tev_0
4_Man.eps>
(epstopdf)             \includegraphics on input line 296.
Package epstopdf Info: Output file is already uptodate.

<figs/Dis_Rawhit_05GeV_012_tau32_20tev_04_Man-eps-converted-to.pdf, id=50, 569.
12625pt x 543.02875pt>
File: figs/Dis_Rawhit_05GeV_012_tau32_20tev_04_Man-eps-converted-to.pdf Graphic
 file (type pdf)

<use figs/Dis_Rawhit_05GeV_012_tau32_20tev_04_Man-eps-converted-to.pdf>
Package pdftex.def Info: figs/Dis_Rawhit_05GeV_012_tau32_20tev_04_Man-eps-conve
rted-to.pdf used on input line 296.
(pdftex.def)             Requested size: 90.76479pt x 86.59636pt.

Underfull \hbox (badness 10000) in paragraph at lines 296--296
[]\OT1/cmr/m/n/9 (k) 20TeV at
 []


Underfull \hbox (badness 10000) in paragraph at lines 296--296
\OT1/cmr/m/n/9 1$\OMS/cmsy/m/n/9 ^^B$\OT1/cmr/m/n/9 1(cm$\OMS/cmsy/m/n/9 ^^B$\O
T1/cmr/m/n/9 cm) in
 []

Package epstopdf Info: Source file: <figs/Dis_Rawhit_05GeV_012_tau32_40tev_04_M
an.eps>
(epstopdf)                    date: 2018-04-24 15:44:53
(epstopdf)                    size: 12650 bytes
(epstopdf)             Output file: <figs/Dis_Rawhit_05GeV_012_tau32_40tev_04_M
an-eps-converted-to.pdf>
(epstopdf)                    date: 2018-04-24 15:49:59
(epstopdf)                    size: 10179 bytes
(epstopdf)             Command: <repstopdf --outfile=figs/Dis_Rawhit_05GeV_012_
tau32_40tev_04_Man-eps-converted-to.pdf figs/Dis_Rawhit_05GeV_012_tau32_40tev_0
4_Man.eps>
(epstopdf)             \includegraphics on input line 299.
Package epstopdf Info: Output file is already uptodate.

<figs/Dis_Rawhit_05GeV_012_tau32_40tev_04_Man-eps-converted-to.pdf, id=51, 569.
12625pt x 543.02875pt>
File: figs/Dis_Rawhit_05GeV_012_tau32_40tev_04_Man-eps-converted-to.pdf Graphic
 file (type pdf)

<use figs/Dis_Rawhit_05GeV_012_tau32_40tev_04_Man-eps-converted-to.pdf>
Package pdftex.def Info: figs/Dis_Rawhit_05GeV_012_tau32_40tev_04_Man-eps-conve
rted-to.pdf used on input line 299.
(pdftex.def)             Requested size: 90.76479pt x 86.59636pt.

Underfull \hbox (badness 10000) in paragraph at lines 299--299
[]\OT1/cmr/m/n/9 (l) 40TeV at
 []


Underfull \hbox (badness 10000) in paragraph at lines 299--299
\OT1/cmr/m/n/9 1$\OMS/cmsy/m/n/9 ^^B$\OT1/cmr/m/n/9 1(cm$\OMS/cmsy/m/n/9 ^^B$\O
T1/cmr/m/n/9 cm) in
 []

Package epstopdf Info: Source file: <figs/Rawhit_05GgeV_tau32_5tev_eff_1_New2.e
ps>
(epstopdf)                    date: 2018-05-07 08:04:31
(epstopdf)                    size: 12443 bytes
(epstopdf)             Output file: <figs/Rawhit_05GgeV_tau32_5tev_eff_1_New2-e
ps-converted-to.pdf>
(epstopdf)                    date: 2018-05-07 08:09:11
(epstopdf)                    size: 10946 bytes
(epstopdf)             Command: <repstopdf --outfile=figs/Rawhit_05GgeV_tau32_5
tev_eff_1_New2-eps-converted-to.pdf figs/Rawhit_05GgeV_tau32_5tev_eff_1_New2.ep
s>
(epstopdf)             \includegraphics on input line 309.
Package epstopdf Info: Output file is already uptodate.

<figs/Rawhit_05GgeV_tau32_5tev_eff_1_New2-eps-converted-to.pdf, id=52, 569.1262
5pt x 396.48125pt>
File: figs/Rawhit_05GgeV_tau32_5tev_eff_1_New2-eps-converted-to.pdf Graphic fil
e (type pdf)

<use figs/Rawhit_05GgeV_tau32_5tev_eff_1_New2-eps-converted-to.pdf>
Package pdftex.def Info: figs/Rawhit_05GgeV_tau32_5tev_eff_1_New2-eps-converted
-to.pdf used on input line 309.
(pdftex.def)             Requested size: 177.3999pt x 123.58548pt.
Package epstopdf Info: Source file: <figs/Rawhit_05GgeV_tau32_10tev_eff_1_New2.
eps>
(epstopdf)                    date: 2018-05-07 08:04:31
(epstopdf)                    size: 12397 bytes
(epstopdf)             Output file: <figs/Rawhit_05GgeV_tau32_10tev_eff_1_New2-
eps-converted-to.pdf>
(epstopdf)                    date: 2018-05-07 08:09:11
(epstopdf)                    size: 10899 bytes
(epstopdf)             Command: <repstopdf --outfile=figs/Rawhit_05GgeV_tau32_1
0tev_eff_1_New2-eps-converted-to.pdf figs/Rawhit_05GgeV_tau32_10tev_eff_1_New2.
eps>
(epstopdf)             \includegraphics on input line 312.
Package epstopdf Info: Output file is already uptodate.

<figs/Rawhit_05GgeV_tau32_10tev_eff_1_New2-eps-converted-to.pdf, id=53, 569.126
25pt x 396.48125pt>
File: figs/Rawhit_05GgeV_tau32_10tev_eff_1_New2-eps-converted-to.pdf Graphic fi
le (type pdf)

<use figs/Rawhit_05GgeV_tau32_10tev_eff_1_New2-eps-converted-to.pdf>
Package pdftex.def Info: figs/Rawhit_05GgeV_tau32_10tev_eff_1_New2-eps-converte
d-to.pdf used on input line 312.
(pdftex.def)             Requested size: 177.3999pt x 123.58548pt.
Package epstopdf Info: Source file: <figs/Rawhit_05GgeV_tau32_20tev_eff_1_New2.
eps>
(epstopdf)                    date: 2018-05-07 08:04:32
(epstopdf)                    size: 12256 bytes
(epstopdf)             Output file: <figs/Rawhit_05GgeV_tau32_20tev_eff_1_New2-
eps-converted-to.pdf>
(epstopdf)                    date: 2018-05-07 08:09:12
(epstopdf)                    size: 10827 bytes
(epstopdf)             Command: <repstopdf --outfile=figs/Rawhit_05GgeV_tau32_2
0tev_eff_1_New2-eps-converted-to.pdf figs/Rawhit_05GgeV_tau32_20tev_eff_1_New2.
eps>
(epstopdf)             \includegraphics on input line 315.
Package epstopdf Info: Output file is already uptodate.

<figs/Rawhit_05GgeV_tau32_20tev_eff_1_New2-eps-converted-to.pdf, id=54, 569.126
25pt x 396.48125pt>
File: figs/Rawhit_05GgeV_tau32_20tev_eff_1_New2-eps-converted-to.pdf Graphic fi
le (type pdf)

<use figs/Rawhit_05GgeV_tau32_20tev_eff_1_New2-eps-converted-to.pdf>
Package pdftex.def Info: figs/Rawhit_05GgeV_tau32_20tev_eff_1_New2-eps-converte
d-to.pdf used on input line 315.
(pdftex.def)             Requested size: 177.3999pt x 123.58548pt.
Package epstopdf Info: Source file: <figs/Rawhit_05GgeV_tau32_40tev_eff_1_New2.
eps>
(epstopdf)                    date: 2018-05-07 08:04:32
(epstopdf)                    size: 12272 bytes
(epstopdf)             Output file: <figs/Rawhit_05GgeV_tau32_40tev_eff_1_New2-
eps-converted-to.pdf>
(epstopdf)                    date: 2018-05-07 08:09:13
(epstopdf)                    size: 10898 bytes
(epstopdf)             Command: <repstopdf --outfile=figs/Rawhit_05GgeV_tau32_4
0tev_eff_1_New2-eps-converted-to.pdf figs/Rawhit_05GgeV_tau32_40tev_eff_1_New2.
eps>
(epstopdf)             \includegraphics on input line 318.
Package epstopdf Info: Output file is already uptodate.

<figs/Rawhit_05GgeV_tau32_40tev_eff_1_New2-eps-converted-to.pdf, id=55, 569.126
25pt x 396.48125pt>
File: figs/Rawhit_05GgeV_tau32_40tev_eff_1_New2-eps-converted-to.pdf Graphic fi
le (type pdf)

<use figs/Rawhit_05GgeV_tau32_40tev_eff_1_New2-eps-converted-to.pdf>
Package pdftex.def Info: figs/Rawhit_05GgeV_tau32_40tev_eff_1_New2-eps-converte
d-to.pdf used on input line 318.
(pdftex.def)             Requested size: 177.3999pt x 123.58548pt.
Package epstopdf Info: Source file: <figs/cluster_tau21_summary_U.eps>
(epstopdf)                    date: 2018-03-16 11:30:39
(epstopdf)                    size: 12046 bytes
(epstopdf)             Output file: <figs/cluster_tau21_summary_U-eps-converted
-to.pdf>
(epstopdf)                    date: 2018-03-16 11:43:25
(epstopdf)                    size: 9023 bytes
(epstopdf)             Command: <repstopdf --outfile=figs/cluster_tau21_summary
_U-eps-converted-to.pdf figs/cluster_tau21_summary_U.eps>
(epstopdf)             \includegraphics on input line 350.
Package epstopdf Info: Output file is already uptodate.

<figs/cluster_tau21_summary_U-eps-converted-to.pdf, id=56, 569.12625pt x 543.02
875pt>
File: figs/cluster_tau21_summary_U-eps-converted-to.pdf Graphic file (type pdf)

 <use figs/cluster_tau21_summary_U-eps-converted-to.pdf>
Package pdftex.def Info: figs/cluster_tau21_summary_U-eps-converted-to.pdf used
 on input line 350.
(pdftex.def)             Requested size: 177.3999pt x 169.26518pt.
Package epstopdf Info: Source file: <figs/cluster_tau32_summary_U.eps>
(epstopdf)                    date: 2018-03-16 11:30:39
(epstopdf)                    size: 11844 bytes
(epstopdf)             Output file: <figs/cluster_tau32_summary_U-eps-converted
-to.pdf>
(epstopdf)                    date: 2018-03-16 11:43:26
(epstopdf)                    size: 8681 bytes
(epstopdf)             Command: <repstopdf --outfile=figs/cluster_tau32_summary
_U-eps-converted-to.pdf figs/cluster_tau32_summary_U.eps>
(epstopdf)             \includegraphics on input line 353.
Package epstopdf Info: Output file is already uptodate.

<figs/cluster_tau32_summary_U-eps-converted-to.pdf, id=57, 569.12625pt x 543.02
875pt>
File: figs/cluster_tau32_summary_U-eps-converted-to.pdf Graphic file (type pdf)

 <use figs/cluster_tau32_summary_U-eps-converted-to.pdf>
Package pdftex.def Info: figs/cluster_tau32_summary_U-eps-converted-to.pdf used
 on input line 353.
(pdftex.def)             Requested size: 177.3999pt x 169.26518pt.
Package epstopdf Info: Source file: <figs/cluster_c2b1_summary_U.eps>
(epstopdf)                    date: 2018-03-16 11:30:39
(epstopdf)                    size: 12026 bytes
(epstopdf)             Output file: <figs/cluster_c2b1_summary_U-eps-converted-
to.pdf>
(epstopdf)                    date: 2018-03-16 11:43:27
(epstopdf)                    size: 9005 bytes
(epstopdf)             Command: <repstopdf --outfile=figs/cluster_c2b1_summary_
U-eps-converted-to.pdf figs/cluster_c2b1_summary_U.eps>
(epstopdf)             \includegraphics on input line 356.
Package epstopdf Info: Output file is already uptodate.

<figs/cluster_c2b1_summary_U-eps-converted-to.pdf, id=58, 569.12625pt x 543.028
75pt>
File: figs/cluster_c2b1_summary_U-eps-converted-to.pdf Graphic file (type pdf)
 <use figs/cluster_c2b1_summary_U-eps-converted-to.pdf>
Package pdftex.def Info: figs/cluster_c2b1_summary_U-eps-converted-to.pdf used 
on input line 356.
(pdftex.def)             Requested size: 177.3999pt x 169.26518pt.
Package epstopdf Info: Source file: <figs/Rawhit_05GeV_tau21_summary_U.eps>
(epstopdf)                    date: 2018-03-16 11:18:01
(epstopdf)                    size: 12060 bytes
(epstopdf)             Output file: <figs/Rawhit_05GeV_tau21_summary_U-eps-conv
erted-to.pdf>
(epstopdf)                    date: 2018-03-16 11:43:28
(epstopdf)                    size: 9035 bytes
(epstopdf)             Command: <repstopdf --outfile=figs/Rawhit_05GeV_tau21_su
mmary_U-eps-converted-to.pdf figs/Rawhit_05GeV_tau21_summary_U.eps>
(epstopdf)             \includegraphics on input line 368.
Package epstopdf Info: Output file is already uptodate.

<figs/Rawhit_05GeV_tau21_summary_U-eps-converted-to.pdf, id=59, 569.12625pt x 5
43.02875pt>
File: figs/Rawhit_05GeV_tau21_summary_U-eps-converted-to.pdf Graphic file (type
 pdf)
 <use figs/Rawhit_05GeV_tau21_summary_U-eps-converted-to.pdf>
Package pdftex.def Info: figs/Rawhit_05GeV_tau21_summary_U-eps-converted-to.pdf
 used on input line 368.
(pdftex.def)             Requested size: 177.3999pt x 169.26518pt.
Package epstopdf Info: Source file: <figs/Rawhit_05GeV_tau32_summary_U.eps>
(epstopdf)                    date: 2018-03-16 11:18:01
(epstopdf)                    size: 11850 bytes
(epstopdf)             Output file: <figs/Rawhit_05GeV_tau32_summary_U-eps-conv
erted-to.pdf>
(epstopdf)                    date: 2018-03-16 11:43:28
(epstopdf)                    size: 8693 bytes
(epstopdf)             Command: <repstopdf --outfile=figs/Rawhit_05GeV_tau32_su
mmary_U-eps-converted-to.pdf figs/Rawhit_05GeV_tau32_summary_U.eps>
(epstopdf)             \includegraphics on input line 371.
Package epstopdf Info: Output file is already uptodate.

<figs/Rawhit_05GeV_tau32_summary_U-eps-converted-to.pdf, id=60, 569.12625pt x 5
43.02875pt>
File: figs/Rawhit_05GeV_tau32_summary_U-eps-converted-to.pdf Graphic file (type
 pdf)
 <use figs/Rawhit_05GeV_tau32_summary_U-eps-converted-to.pdf>
Package pdftex.def Info: figs/Rawhit_05GeV_tau32_summary_U-eps-converted-to.pdf
 used on input line 371.
(pdftex.def)             Requested size: 177.3999pt x 169.26518pt.
Package epstopdf Info: Source file: <figs/Rawhit_05GeV_c2b1_summary_U.eps>
(epstopdf)                    date: 2018-03-16 11:53:27
(epstopdf)                    size: 12026 bytes
(epstopdf)             Output file: <figs/Rawhit_05GeV_c2b1_summary_U-eps-conve
rted-to.pdf>
(epstopdf)                    date: 2018-03-16 11:54:23
(epstopdf)                    size: 9008 bytes
(epstopdf)             Command: <repstopdf --outfile=figs/Rawhit_05GeV_c2b1_sum
mary_U-eps-converted-to.pdf figs/Rawhit_05GeV_c2b1_summary_U.eps>
(epstopdf)             \includegraphics on input line 374.
Package epstopdf Info: Output file is already uptodate.

<figs/Rawhit_05GeV_c2b1_summary_U-eps-converted-to.pdf, id=61, 569.12625pt x 54
3.02875pt>
File: figs/Rawhit_05GeV_c2b1_summary_U-eps-converted-to.pdf Graphic file (type 
pdf)
 <use figs/Rawhit_05GeV_c2b1_summary_U-eps-converted-to.pdf>
Package pdftex.def Info: figs/Rawhit_05GeV_c2b1_summary_U-eps-converted-to.pdf 
used on input line 374.
(pdftex.def)             Requested size: 177.3999pt x 169.26518pt.
Package epstopdf Info: Source file: <figs/Rawhit_025GeV_tau21_summary_U.eps>
(epstopdf)                    date: 2018-03-16 11:21:22
(epstopdf)                    size: 12049 bytes
(epstopdf)             Output file: <figs/Rawhit_025GeV_tau21_summary_U-eps-con
verted-to.pdf>
(epstopdf)                    date: 2018-03-16 11:43:29
(epstopdf)                    size: 9040 bytes
(epstopdf)             Command: <repstopdf --outfile=figs/Rawhit_025GeV_tau21_s
ummary_U-eps-converted-to.pdf figs/Rawhit_025GeV_tau21_summary_U.eps>
(epstopdf)             \includegraphics on input line 385.
Package epstopdf Info: Output file is already uptodate.

<figs/Rawhit_025GeV_tau21_summary_U-eps-converted-to.pdf, id=62, 569.12625pt x 
543.02875pt>
File: figs/Rawhit_025GeV_tau21_summary_U-eps-converted-to.pdf Graphic file (typ
e pdf)
 <use figs/Rawhit_025GeV_tau21_summary_U-eps-converted-to.pdf>
Package pdftex.def Info: figs/Rawhit_025GeV_tau21_summary_U-eps-converted-to.pd
f used on input line 385.
(pdftex.def)             Requested size: 177.3999pt x 169.26518pt.
Package epstopdf Info: Source file: <figs/Rawhit_025GeV_tau32_summary_U.eps>
(epstopdf)                    date: 2018-03-16 11:21:23
(epstopdf)                    size: 11847 bytes
(epstopdf)             Output file: <figs/Rawhit_025GeV_tau32_summary_U-eps-con
verted-to.pdf>
(epstopdf)                    date: 2018-03-16 11:43:30
(epstopdf)                    size: 8691 bytes
(epstopdf)             Command: <repstopdf --outfile=figs/Rawhit_025GeV_tau32_s
ummary_U-eps-converted-to.pdf figs/Rawhit_025GeV_tau32_summary_U.eps>
(epstopdf)             \includegraphics on input line 388.
Package epstopdf Info: Output file is already uptodate.

<figs/Rawhit_025GeV_tau32_summary_U-eps-converted-to.pdf, id=63, 569.12625pt x 
543.02875pt>
File: figs/Rawhit_025GeV_tau32_summary_U-eps-converted-to.pdf Graphic file (typ
e pdf)
 <use figs/Rawhit_025GeV_tau32_summary_U-eps-converted-to.pdf>
Package pdftex.def Info: figs/Rawhit_025GeV_tau32_summary_U-eps-converted-to.pd
f used on input line 388.
(pdftex.def)             Requested size: 177.3999pt x 169.26518pt.
Package epstopdf Info: Source file: <figs/Rawhit_025GeV_c2b1_summary_U.eps>
(epstopdf)                    date: 2018-03-16 11:21:23
(epstopdf)                    size: 12045 bytes
(epstopdf)             Output file: <figs/Rawhit_025GeV_c2b1_summary_U-eps-conv
erted-to.pdf>
(epstopdf)                    date: 2018-03-16 11:43:30
(epstopdf)                    size: 9016 bytes
(epstopdf)             Command: <repstopdf --outfile=figs/Rawhit_025GeV_c2b1_su
mmary_U-eps-converted-to.pdf figs/Rawhit_025GeV_c2b1_summary_U.eps>
(epstopdf)             \includegraphics on input line 391.
Package epstopdf Info: Output file is already uptodate.

<figs/Rawhit_025GeV_c2b1_summary_U-eps-converted-to.pdf, id=64, 569.12625pt x 5
43.02875pt>
File: figs/Rawhit_025GeV_c2b1_summary_U-eps-converted-to.pdf Graphic file (type
 pdf)
 <use figs/Rawhit_025GeV_c2b1_summary_U-eps-converted-to.pdf>
Package pdftex.def Info: figs/Rawhit_025GeV_c2b1_summary_U-eps-converted-to.pdf
 used on input line 391.
(pdftex.def)             Requested size: 177.3999pt x 169.26518pt.
Package atveryend Info: Empty hook `BeforeClearDocument' on input line 396.

[1

{/usr/local/texlive/2017/texmf-var/fonts/map/pdftex/updmap/pdftex.map}]
[2pdfTeX warning (ext4): destination with the same identifier (name{figure.1}) 
has been already used, duplicate ignored

\AtBegShi@Output ...ipout \box \AtBeginShipoutBox 
                                                  \fi \fi 
l.396 \end{document}
                     <./figs/Dis_cluster_010_c2b1_5tev_04_Man-eps-converted-to.
pdf> <./figs/Dis_cluster_010_c2b1_10tev_04_Man-eps-converted-to.pdf> <./figs/Di
s_cluster_010_c2b1_20tev_04_Man-eps-converted-to.pdf> <./figs/Dis_cluster_010_c
2b1_40tev_04_Man-eps-converted-to.pdf> <./figs/Dis_cluster_009_c2b1_5tev_04_Man
-eps-converted-to.pdf> <./figs/Dis_cluster_009_c2b1_10tev_04_Man-eps-converted-
to.pdf> <./figs/Dis_cluster_009_c2b1_20tev_04_Man-eps-converted-to.pdf> <./figs
/Dis_cluster_009_c2b1_40tev_04_Man-eps-converted-to.pdf> <./figs/Dis_cluster_01
2_c2b1_5tev_04_Man-eps-converted-to.pdf> <./figs/Dis_cluster_012_c2b1_10tev_04_
Man-eps-converted-to.pdf> <./figs/Dis_cluster_012_c2b1_20tev_04_Man-eps-convert
ed-to.pdf> <./figs/Dis_cluster_012_c2b1_40tev_04_Man-eps-converted-to.pdf>]
[3pdfTeX warning (ext4): destination with the same identifier (name{figure.2}) 
has been already used, duplicate ignored

\AtBegShi@Output ...ipout \box \AtBeginShipoutBox 
                                                  \fi \fi 
l.396 \end{document}
                     <./figs/cluster_c2b1_5tev_eff_1_New2-eps-converted-to.pdf>
 <./figs/cluster_c2b1_10tev_eff_1_New2-eps-converted-to.pdf> <./figs/cluster_c2
b1_20tev_eff_1_New2-eps-converted-to.pdf> <./figs/cluster_c2b1_40tev_eff_1_New2
-eps-converted-to.pdf>] [4pdfTeX warning (ext4): destination with the same iden
tifier (name{figure.3}) has been already used, duplicate ignored

\AtBegShi@Output ...ipout \box \AtBeginShipoutBox 
                                                  \fi \fi 
l.396 \end{document}
                     <./figs/Dis_Rawhit_025GeV_010_tau21_5tev_04_Man-eps-conver
ted-to.pdf> <./figs/Dis_Rawhit_025GeV_010_tau21_10tev_04_Man-eps-converted-to.p
df> <./figs/Dis_Rawhit_025GeV_010_tau21_20tev_04_Man-eps-converted-to.pdf> <./f
igs/Dis_Rawhit_025GeV_010_tau21_40tev_04_Man-eps-converted-to.pdf> <./figs/Dis_
Rawhit_025GeV_009_tau21_5tev_04_Man-eps-converted-to.pdf> <./figs/Dis_Rawhit_02
5GeV_009_tau21_10tev_04_Man-eps-converted-to.pdf> <./figs/Dis_Rawhit_025GeV_009
_tau21_20tev_04_Man-eps-converted-to.pdf> <./figs/Dis_Rawhit_025GeV_009_tau21_4
0tev_04_Man-eps-converted-to.pdf> <./figs/Dis_Rawhit_025GeV_012_tau21_5tev_04_M
an-eps-converted-to.pdf> <./figs/Dis_Rawhit_025GeV_012_tau21_10tev_04_Man-eps-c
onverted-to.pdf> <./figs/Dis_Rawhit_025GeV_012_tau21_20tev_04_Man-eps-converted
-to.pdf> <./figs/Dis_Rawhit_025GeV_012_tau21_40tev_04_Man-eps-converted-to.pdf>
] [5pdfTeX warning (ext4): destination with the same identifier (name{figure.4}
) has been already used, duplicate ignored

\AtBegShi@Output ...ipout \box \AtBeginShipoutBox 
                                                  \fi \fi 
l.396 \end{document}
                     <./figs/Rawhit_025GgeV_tau21_5tev_eff_1_New2-eps-converted
-to.pdf> <./figs/Rawhit_025GgeV_tau21_10tev_eff_1_New2-eps-converted-to.pdf> <.
/figs/Rawhit_025GgeV_tau21_20tev_eff_1_New2-eps-converted-to.pdf> <./figs/Rawhi
t_025GgeV_tau21_40tev_eff_1_New2-eps-converted-to.pdf>] [6pdfTeX warning (ext4)
: destination with the same identifier (name{figure.5}) has been already used, 
duplicate ignored

\AtBegShi@Output ...ipout \box \AtBeginShipoutBox 
                                                  \fi \fi 
l.396 \end{document}
                     <./figs/Dis_Rawhit_05GeV_010_tau32_5tev_04_Man-eps-convert
ed-to.pdf> <./figs/Dis_Rawhit_05GeV_010_tau32_10tev_04_Man-eps-converted-to.pdf
> <./figs/Dis_Rawhit_05GeV_010_tau32_20tev_04_Man-eps-converted-to.pdf> <./figs
/Dis_Rawhit_05GeV_010_tau32_40tev_04_Man-eps-converted-to.pdf> <./figs/Dis_Rawh
it_05GeV_009_tau32_5tev_04_Man-eps-converted-to.pdf> <./figs/Dis_Rawhit_05GeV_0
09_tau32_10tev_04_Man-eps-converted-to.pdf> <./figs/Dis_Rawhit_05GeV_009_tau32_
20tev_04_Man-eps-converted-to.pdf> <./figs/Dis_Rawhit_05GeV_009_tau32_40tev_04_
Man-eps-converted-to.pdf> <./figs/Dis_Rawhit_05GeV_012_tau32_5tev_04_Man-eps-co
nverted-to.pdf> <./figs/Dis_Rawhit_05GeV_012_tau32_10tev_04_Man-eps-converted-t
o.pdf> <./figs/Dis_Rawhit_05GeV_012_tau32_20tev_04_Man-eps-converted-to.pdf> <.
/figs/Dis_Rawhit_05GeV_012_tau32_40tev_04_Man-eps-converted-to.pdf>] [7pdfTeX w
arning (ext4): destination with the same identifier (name{figure.6}) has been a
lready used, duplicate ignored

\AtBegShi@Output ...ipout \box \AtBeginShipoutBox 
                                                  \fi \fi 
l.396 \end{document}
                     <./figs/Rawhit_05GgeV_tau32_5tev_eff_1_New2-eps-converted-
to.pdf> <./figs/Rawhit_05GgeV_tau32_10tev_eff_1_New2-eps-converted-to.pdf> <./f
igs/Rawhit_05GgeV_tau32_20tev_eff_1_New2-eps-converted-to.pdf> <./figs/Rawhit_0
5GgeV_tau32_40tev_eff_1_New2-eps-converted-to.pdf>] [8pdfTeX warning (ext4): de
stination with the same identifier (name{figure.7}) has been already used, dupl
icate ignored

\AtBegShi@Output ...ipout \box \AtBeginShipoutBox 
                                                  \fi \fi 
l.396 \end{document}
                     <./figs/cluster_tau21_summary_U-eps-converted-to.pdf> <./f
igs/cluster_tau32_summary_U-eps-converted-to.pdf> <./figs/cluster_c2b1_summary_
U-eps-converted-to.pdf>] [9pdfTeX warning (ext4): destination with the same ide
ntifier (name{figure.8}) has been already used, duplicate ignored

\AtBegShi@Output ...ipout \box \AtBeginShipoutBox 
                                                  \fi \fi 
l.396 \end{document}
                     <./figs/Rawhit_05GeV_tau21_summary_U-eps-converted-to.pdf>
 <./figs/Rawhit_05GeV_tau32_summary_U-eps-converted-to.pdf> <./figs/Rawhit_05Ge
V_c2b1_summary_U-eps-converted-to.pdf>] [10pdfTeX warning (ext4): destination w
ith the same identifier (name{figure.9}) has been already used, duplicate ignor
ed

\AtBegShi@Output ...ipout \box \AtBeginShipoutBox 
                                                  \fi \fi 
l.396 \end{document}
                     <./figs/Rawhit_025GeV_tau21_summary_U-eps-converted-to.pdf
> <./figs/Rawhit_025GeV_tau32_summary_U-eps-converted-to.pdf> <./figs/Rawhit_02
5GeV_c2b1_summary_U-eps-converted-to.pdf>]
Package atveryend Info: Empty hook `AfterLastShipout' on input line 396.
 (./fcc_Mannuwhitney eff_Ash.aux)
Package atveryend Info: Executing hook `AtVeryEndDocument' on input line 396.
Package atveryend Info: Executing hook `AtEndAfterFileList' on input line 396.
Package rerunfilecheck Info: File `"fcc_Mannuwhitney eff_Ash".out' has not chan
ged.
(rerunfilecheck)             Checksum: A7B14D89E6FE71ED2C3C32A4F4185103;125.


LaTeX Warning: There were multiply-defined labels.

Package atveryend Info: Empty hook `AtVeryVeryEnd' on input line 396.
 ) 
Here is how much of TeX's memory you used:
 8567 strings out of 492995
 137671 string characters out of 6132704
 250530 words of memory out of 5000000
 11851 multiletter control sequences out of 15000+600000
 12718 words of font info for 51 fonts, out of 8000000 for 9000
 1141 hyphenation exceptions out of 8191
 34i,7n,32p,796b,325s stack positions out of 5000i,500n,10000p,200000b,80000s
</usr/local/texlive/2017/texmf-dist/fonts/type1/public/amsfonts/cm/cmbx10.pfb
></usr/local/texlive/2017/texmf-dist/fonts/type1/public/amsfonts/cm/cmmi9.pfb><
/usr/local/texlive/2017/texmf-dist/fonts/type1/public/amsfonts/cm/cmr10.pfb></u
sr/local/texlive/2017/texmf-dist/fonts/type1/public/amsfonts/cm/cmr6.pfb></usr/
local/texlive/2017/texmf-dist/fonts/type1/public/amsfonts/cm/cmr9.pfb></usr/loc
al/texlive/2017/texmf-dist/fonts/type1/public/amsfonts/cm/cmsy9.pfb>
Output written on "fcc_Mannuwhitney eff_Ash.pdf" (10 pages, 431757 bytes).
PDF statistics:
 939 PDF objects out of 1000 (max. 8388607)
 695 compressed objects within 7 object streams
 78 named destinations out of 1000 (max. 500000)
 294 words of extra memory for PDF output out of 10000 (max. 10000000)

