This is pdfTeX, Version 3.14159265-2.6-1.40.18 (TeX Live 2017) (preloaded format=pdflatex 2017.6.27)  26 JUL 2018 14:10
entering extended mode
 restricted \write18 enabled.
 file:line:error style messages enabled.
 %&-line parsing enabled.
**"fcc_Mannuwhitney eff_New_mass_cut_50.tex"
(./fcc_Mannuwhitney eff_New_mass_cut_50.tex
LaTeX2e <2017-04-15>
Babel <3.10> and hyphenation patterns for 84 language(s) loaded.
(./elsarticle.cls
Document Class: elsarticle 2009/09/17, 1.2.0: Elsevier Ltd
\@bls=\dimen102
(/usr/local/texlive/2017/texmf-dist/tex/latex/base/article.cls
Document Class: article 2014/09/29 v1.4h Standard LaTeX document class
(/usr/local/texlive/2017/texmf-dist/tex/latex/base/size11.clo
File: size11.clo 2014/09/29 v1.4h Standard LaTeX file (size option)
)
\c@part=\count79
\c@section=\count80
\c@subsection=\count81
\c@subsubsection=\count82
\c@paragraph=\count83
\c@subparagraph=\count84
\c@figure=\count85
\c@table=\count86
\abovecaptionskip=\skip41
\belowcaptionskip=\skip42
\bibindent=\dimen103
)
(/usr/local/texlive/2017/texmf-dist/tex/latex/graphics/graphicx.sty
Package: graphicx 2014/10/28 v1.0g Enhanced LaTeX Graphics (DPC,SPQR)

(/usr/local/texlive/2017/texmf-dist/tex/latex/graphics/keyval.sty
Package: keyval 2014/10/28 v1.15 key=value parser (DPC)
\KV@toks@=\toks14
)
(/usr/local/texlive/2017/texmf-dist/tex/latex/graphics/graphics.sty
Package: graphics 2017/04/14 v1.1b Standard LaTeX Graphics (DPC,SPQR)

(/usr/local/texlive/2017/texmf-dist/tex/latex/graphics/trig.sty
Package: trig 2016/01/03 v1.10 sin cos tan (DPC)
)
(/usr/local/texlive/2017/texmf-dist/tex/latex/graphics-cfg/graphics.cfg
File: graphics.cfg 2016/06/04 v1.11 sample graphics configuration
)
Package graphics Info: Driver file: pdftex.def on input line 99.

(/usr/local/texlive/2017/texmf-dist/tex/latex/graphics-def/pdftex.def
File: pdftex.def 2017/01/12 v0.06k Graphics/color for pdfTeX

(/usr/local/texlive/2017/texmf-dist/tex/generic/oberdiek/infwarerr.sty
Package: infwarerr 2016/05/16 v1.4 Providing info/warning/error messages (HO)
)
(/usr/local/texlive/2017/texmf-dist/tex/generic/oberdiek/ltxcmds.sty
Package: ltxcmds 2016/05/16 v1.23 LaTeX kernel commands for general use (HO)
)
\Gread@gobject=\count87
))
\Gin@req@height=\dimen104
\Gin@req@width=\dimen105
)
(/usr/local/texlive/2017/texmf-dist/tex/latex/psnfss/pifont.sty
Package: pifont 2005/04/12 PSNFSS-v9.2a Pi font support (SPQR) 
LaTeX Font Info:    Try loading font information for U+pzd on input line 63.

(/usr/local/texlive/2017/texmf-dist/tex/latex/psnfss/upzd.fd
File: upzd.fd 2001/06/04 font definitions for U/pzd.
)
LaTeX Font Info:    Try loading font information for U+psy on input line 64.

(/usr/local/texlive/2017/texmf-dist/tex/latex/psnfss/upsy.fd
File: upsy.fd 2001/06/04 font definitions for U/psy.
))
\c@tnote=\count88
\c@fnote=\count89
\c@cnote=\count90
\c@ead=\count91
\c@author=\count92
\@eadauthor=\toks15
\c@affn=\count93
\absbox=\box26
\keybox=\box27
\Columnwidth=\dimen106
\space@left=\dimen107
\els@boxa=\box28
\els@boxb=\box29
\leftMargin=\dimen108
\@enLab=\toks16
\@sep=\skip43
\@@sep=\skip44

(./fcc_Mannuwhitney eff_New_mass_cut_50.spl)
(/usr/local/texlive/2017/texmf-dist/tex/latex/natbib/natbib.sty
Package: natbib 2010/09/13 8.31b (PWD, AO)
\bibhang=\skip45
\bibsep=\skip46
LaTeX Info: Redefining \cite on input line 694.
\c@NAT@ctr=\count94
)
\splwrite=\write3
\openout3 = `"fcc_Mannuwhitney eff_New_mass_cut_50.spl"'.


(/usr/local/texlive/2017/texmf-dist/tex/latex/geometry/geometry.sty
Package: geometry 2010/09/12 v5.6 Page Geometry

(/usr/local/texlive/2017/texmf-dist/tex/generic/oberdiek/ifpdf.sty
Package: ifpdf 2017/03/15 v3.2 Provides the ifpdf switch
)
(/usr/local/texlive/2017/texmf-dist/tex/generic/oberdiek/ifvtex.sty
Package: ifvtex 2016/05/16 v1.6 Detect VTeX and its facilities (HO)
Package ifvtex Info: VTeX not detected.
)
(/usr/local/texlive/2017/texmf-dist/tex/generic/ifxetex/ifxetex.sty
Package: ifxetex 2010/09/12 v0.6 Provides ifxetex conditional
)
\Gm@cnth=\count95
\Gm@cntv=\count96
\c@Gm@tempcnt=\count97
\Gm@bindingoffset=\dimen109
\Gm@wd@mp=\dimen110
\Gm@odd@mp=\dimen111
\Gm@even@mp=\dimen112
\Gm@layoutwidth=\dimen113
\Gm@layoutheight=\dimen114
\Gm@layouthoffset=\dimen115
\Gm@layoutvoffset=\dimen116
\Gm@dimlist=\toks17
))
(/usr/local/texlive/2017/texmf-dist/tex/latex/graphics/epsfig.sty
Package: epsfig 1999/02/16 v1.7a (e)psfig emulation (SPQR)
\epsfxsize=\dimen117
\epsfysize=\dimen118
)
(/usr/local/texlive/2017/texmf-dist/tex/latex/comment/comment.sty
\CommentStream=\write4

Excluding comment 'comment')
(/usr/local/texlive/2017/texmf-dist/tex/latex/tools/array.sty
Package: array 2016/10/06 v2.4d Tabular extension package (FMi)
\col@sep=\dimen119
\extrarowheight=\dimen120
\NC@list=\toks18
\extratabsurround=\skip47
\backup@length=\skip48
)
(/usr/local/texlive/2017/texmf-dist/tex/latex/tools/tabularx.sty
Package: tabularx 2016/02/03 v2.11 `tabularx' package (DPC)
\TX@col@width=\dimen121
\TX@old@table=\dimen122
\TX@old@col=\dimen123
\TX@target=\dimen124
\TX@delta=\dimen125
\TX@cols=\count98
\TX@ftn=\toks19
)
(/usr/local/texlive/2017/texmf-dist/tex/latex/jknapltx/mathrsfs.sty
Package: mathrsfs 1996/01/01 Math RSFS package v1.0 (jk)
\symrsfs=\mathgroup4
)
(/usr/local/texlive/2017/texmf-dist/tex/latex/graphics/rotating.sty
Package: rotating 2016/08/11 v2.16d rotated objects in LaTeX

(/usr/local/texlive/2017/texmf-dist/tex/latex/base/ifthen.sty
Package: ifthen 2014/09/29 v1.1c Standard LaTeX ifthen package (DPC)
)
\c@r@tfl@t=\count99
\rotFPtop=\skip49
\rotFPbot=\skip50
\rot@float@box=\box30
\rot@mess@toks=\toks20
)
(/usr/local/texlive/2017/texmf-dist/tex/latex/amsfonts/amsfonts.sty
Package: amsfonts 2013/01/14 v3.01 Basic AMSFonts support
\@emptytoks=\toks21
\symAMSa=\mathgroup5
\symAMSb=\mathgroup6
LaTeX Font Info:    Overwriting math alphabet `\mathfrak' in version `bold'
(Font)                  U/euf/m/n --> U/euf/b/n on input line 106.
)
(/usr/local/texlive/2017/texmf-dist/tex/latex/ms/ragged2e.sty
Package: ragged2e 2009/05/21 v2.1 ragged2e Package (MS)

(/usr/local/texlive/2017/texmf-dist/tex/latex/ms/everysel.sty
Package: everysel 2011/10/28 v1.2 EverySelectfont Package (MS)
)
\CenteringLeftskip=\skip51
\RaggedLeftLeftskip=\skip52
\RaggedRightLeftskip=\skip53
\CenteringRightskip=\skip54
\RaggedLeftRightskip=\skip55
\RaggedRightRightskip=\skip56
\CenteringParfillskip=\skip57
\RaggedLeftParfillskip=\skip58
\RaggedRightParfillskip=\skip59
\JustifyingParfillskip=\skip60
\CenteringParindent=\skip61
\RaggedLeftParindent=\skip62
\RaggedRightParindent=\skip63
\JustifyingParindent=\skip64
)
(/usr/local/texlive/2017/texmf-dist/tex/latex/url/url.sty
\Urlmuskip=\muskip10
Package: url 2013/09/16  ver 3.4  Verb mode for urls, etc.
)
(/usr/local/texlive/2017/texmf-dist/tex/latex/hyperref/hyperref.sty
Package: hyperref 2017/03/14 v6.85a Hypertext links for LaTeX

(/usr/local/texlive/2017/texmf-dist/tex/generic/oberdiek/hobsub-hyperref.sty
Package: hobsub-hyperref 2016/05/16 v1.14 Bundle oberdiek, subset hyperref (HO)


(/usr/local/texlive/2017/texmf-dist/tex/generic/oberdiek/hobsub-generic.sty
Package: hobsub-generic 2016/05/16 v1.14 Bundle oberdiek, subset generic (HO)
Package: hobsub 2016/05/16 v1.14 Construct package bundles (HO)
Package hobsub Info: Skipping package `infwarerr' (already loaded).
Package hobsub Info: Skipping package `ltxcmds' (already loaded).
Package: ifluatex 2016/05/16 v1.4 Provides the ifluatex switch (HO)
Package ifluatex Info: LuaTeX not detected.
Package hobsub Info: Skipping package `ifvtex' (already loaded).
Package: intcalc 2016/05/16 v1.2 Expandable calculations with integers (HO)
Package hobsub Info: Skipping package `ifpdf' (already loaded).
Package: etexcmds 2016/05/16 v1.6 Avoid name clashes with e-TeX commands (HO)
Package etexcmds Info: Could not find \expanded.
(etexcmds)             That can mean that you are not using pdfTeX 1.50 or
(etexcmds)             that some package has redefined \expanded.
(etexcmds)             In the latter case, load this package earlier.
Package: kvsetkeys 2016/05/16 v1.17 Key value parser (HO)
Package: kvdefinekeys 2016/05/16 v1.4 Define keys (HO)
Package: pdftexcmds 2017/03/19 v0.25 Utility functions of pdfTeX for LuaTeX (HO
)
Package pdftexcmds Info: LuaTeX not detected.
Package pdftexcmds Info: \pdf@primitive is available.
Package pdftexcmds Info: \pdf@ifprimitive is available.
Package pdftexcmds Info: \pdfdraftmode found.
Package: pdfescape 2016/05/16 v1.14 Implements pdfTeX's escape features (HO)
Package: bigintcalc 2016/05/16 v1.4 Expandable calculations on big integers (HO
)
Package: bitset 2016/05/16 v1.2 Handle bit-vector datatype (HO)
Package: uniquecounter 2016/05/16 v1.3 Provide unlimited unique counter (HO)
)
Package hobsub Info: Skipping package `hobsub' (already loaded).
Package: letltxmacro 2016/05/16 v1.5 Let assignment for LaTeX macros (HO)
Package: hopatch 2016/05/16 v1.3 Wrapper for package hooks (HO)
Package: xcolor-patch 2016/05/16 xcolor patch
Package: atveryend 2016/05/16 v1.9 Hooks at the very end of document (HO)
Package atveryend Info: \enddocument detected (standard20110627).
Package: atbegshi 2016/06/09 v1.18 At begin shipout hook (HO)
Package: refcount 2016/05/16 v3.5 Data extraction from label references (HO)
Package: hycolor 2016/05/16 v1.8 Color options for hyperref/bookmark (HO)
)
(/usr/local/texlive/2017/texmf-dist/tex/latex/oberdiek/auxhook.sty
Package: auxhook 2016/05/16 v1.4 Hooks for auxiliary files (HO)
)
(/usr/local/texlive/2017/texmf-dist/tex/latex/oberdiek/kvoptions.sty
Package: kvoptions 2016/05/16 v3.12 Key value format for package options (HO)
)
\@linkdim=\dimen126
\Hy@linkcounter=\count100
\Hy@pagecounter=\count101

(/usr/local/texlive/2017/texmf-dist/tex/latex/hyperref/pd1enc.def
File: pd1enc.def 2017/03/14 v6.85a Hyperref: PDFDocEncoding definition (HO)
)
\Hy@SavedSpaceFactor=\count102

(/usr/local/texlive/2017/texmf-dist/tex/latex/latexconfig/hyperref.cfg
File: hyperref.cfg 2002/06/06 v1.2 hyperref configuration of TeXLive
)
Package hyperref Info: Option `final' set `true' on input line 4374.
Package hyperref Info: Hyper figures OFF on input line 4498.
Package hyperref Info: Link nesting OFF on input line 4503.
Package hyperref Info: Hyper index ON on input line 4506.
Package hyperref Info: Plain pages OFF on input line 4513.
Package hyperref Info: Backreferencing OFF on input line 4518.
Package hyperref Info: Implicit mode ON; LaTeX internals redefined.
Package hyperref Info: Bookmarks ON on input line 4751.
\c@Hy@tempcnt=\count103
LaTeX Info: Redefining \url on input line 5104.
\XeTeXLinkMargin=\dimen127
\Fld@menulength=\count104
\Field@Width=\dimen128
\Fld@charsize=\dimen129
Package hyperref Info: Hyper figures OFF on input line 6358.
Package hyperref Info: Link nesting OFF on input line 6363.
Package hyperref Info: Hyper index ON on input line 6366.
Package hyperref Info: backreferencing OFF on input line 6373.
Package hyperref Info: Link coloring OFF on input line 6378.
Package hyperref Info: Link coloring with OCG OFF on input line 6383.
Package hyperref Info: PDF/A mode OFF on input line 6388.
LaTeX Info: Redefining \ref on input line 6428.
LaTeX Info: Redefining \pageref on input line 6432.
\Hy@abspage=\count105
\c@Item=\count106
\c@Hfootnote=\count107
)

Package hyperref Message: Driver (autodetected): hpdftex.

(/usr/local/texlive/2017/texmf-dist/tex/latex/hyperref/hpdftex.def
File: hpdftex.def 2017/03/14 v6.85a Hyperref driver for pdfTeX
\Fld@listcount=\count108
\c@bookmark@seq@number=\count109

(/usr/local/texlive/2017/texmf-dist/tex/latex/oberdiek/rerunfilecheck.sty
Package: rerunfilecheck 2016/05/16 v1.8 Rerun checks for auxiliary files (HO)
Package uniquecounter Info: New unique counter `rerunfilecheck' on input line 2
82.
)
\Hy@SectionHShift=\skip65
)
(/usr/local/texlive/2017/texmf-dist/tex/latex/listings/listings.sty
\lst@mode=\count110
\lst@gtempboxa=\box31
\lst@token=\toks22
\lst@length=\count111
\lst@currlwidth=\dimen130
\lst@column=\count112
\lst@pos=\count113
\lst@lostspace=\dimen131
\lst@width=\dimen132
\lst@newlines=\count114
\lst@lineno=\count115
\lst@maxwidth=\dimen133

(/usr/local/texlive/2017/texmf-dist/tex/latex/listings/lstmisc.sty
File: lstmisc.sty 2015/06/04 1.6 (Carsten Heinz)
\c@lstnumber=\count116
\lst@skipnumbers=\count117
\lst@framebox=\box32
)
(/usr/local/texlive/2017/texmf-dist/tex/latex/listings/listings.cfg
File: listings.cfg 2015/06/04 1.6 listings configuration
))
Package: listings 2015/06/04 1.6 (Carsten Heinz)

(/usr/local/texlive/2017/texmf-dist/tex/latex/subfigure/subfigure.sty
Package: subfigure 2002/03/15 v2.1.5 subfigure package
\subfigtopskip=\skip66
\subfigcapskip=\skip67
\subfigcaptopadj=\dimen134
\subfigbottomskip=\skip68
\subfigcapmargin=\dimen135
\subfiglabelskip=\skip69
\c@subfigure=\count118
\c@lofdepth=\count119
\c@subtable=\count120
\c@lotdepth=\count121

****************************************
* Local config file subfigure.cfg used *
****************************************
(/usr/local/texlive/2017/texmf-dist/tex/latex/subfigure/subfigure.cfg)
\subfig@top=\skip70
\subfig@bottom=\skip71
)
(/usr/local/texlive/2017/texmf-dist/tex/latex/oberdiek/epstopdf.sty
Package: epstopdf 2016/05/15 v2.6 Conversion with epstopdf on the fly (HO)

(/usr/local/texlive/2017/texmf-dist/tex/latex/oberdiek/epstopdf-base.sty
Package: epstopdf-base 2016/05/15 v2.6 Base part for package epstopdf

(/usr/local/texlive/2017/texmf-dist/tex/latex/oberdiek/grfext.sty
Package: grfext 2016/05/16 v1.2 Manage graphics extensions (HO)
)
Package epstopdf-base Info: Redefining graphics rule for `.eps' on input line 4
38.
Package grfext Info: Graphics extension search list:
(grfext)             [.png,.pdf,.jpg,.mps,.jpeg,.jbig2,.jb2,.PNG,.PDF,.JPG,.JPE
G,.JBIG2,.JB2,.eps]
(grfext)             \AppendGraphicsExtensions on input line 456.

(/usr/local/texlive/2017/texmf-dist/tex/latex/latexconfig/epstopdf-sys.cfg
File: epstopdf-sys.cfg 2010/07/13 v1.3 Configuration of (r)epstopdf for TeX Liv
e
)))
(/usr/local/texlive/2017/texmf-dist/tex/latex/graphics/color.sty
Package: color 2016/07/10 v1.1e Standard LaTeX Color (DPC)

(/usr/local/texlive/2017/texmf-dist/tex/latex/graphics-cfg/color.cfg
File: color.cfg 2016/01/02 v1.6 sample color configuration
)
Package color Info: Driver file: pdftex.def on input line 147.
)
(/usr/local/texlive/2017/texmf-dist/tex/latex/float/float.sty
Package: float 2001/11/08 v1.3d Float enhancements (AL)
\c@float@type=\count122
\float@exts=\toks23
\float@box=\box33
\@float@everytoks=\toks24
\@floatcapt=\box34
)
(/usr/local/texlive/2017/texmf-dist/tex/generic/ulem/ulem.sty
\UL@box=\box35
\UL@hyphenbox=\box36
\UL@skip=\skip72
\UL@hook=\toks25
\UL@height=\dimen136
\UL@pe=\count123
\UL@pixel=\dimen137
\ULC@box=\box37
Package: ulem 2012/05/18
\ULdepth=\dimen138
)
(/usr/local/texlive/2017/texmf-dist/tex/latex/soul/soul.sty
Package: soul 2003/11/17 v2.4 letterspacing/underlining (mf)
\SOUL@word=\toks26
\SOUL@lasttoken=\toks27
\SOUL@cmds=\toks28
\SOUL@buffer=\toks29
\SOUL@token=\toks30
\SOUL@spaceskip=\skip73
\SOUL@ttwidth=\dimen139
\SOUL@uldp=\dimen140
\SOUL@ulht=\dimen141
)
Package hyperref Info: Option `colorlinks' set `true' on input line 72.

(./fcc_Mannuwhitney eff_New_mass_cut_50.aux)
\openout1 = `"fcc_Mannuwhitney eff_New_mass_cut_50.aux"'.

LaTeX Font Info:    Checking defaults for OML/cmm/m/it on input line 115.
LaTeX Font Info:    ... okay on input line 115.
LaTeX Font Info:    Checking defaults for T1/cmr/m/n on input line 115.
LaTeX Font Info:    ... okay on input line 115.
LaTeX Font Info:    Checking defaults for OT1/cmr/m/n on input line 115.
LaTeX Font Info:    ... okay on input line 115.
LaTeX Font Info:    Checking defaults for OMS/cmsy/m/n on input line 115.
LaTeX Font Info:    ... okay on input line 115.
LaTeX Font Info:    Checking defaults for OMX/cmex/m/n on input line 115.
LaTeX Font Info:    ... okay on input line 115.
LaTeX Font Info:    Checking defaults for U/cmr/m/n on input line 115.
LaTeX Font Info:    ... okay on input line 115.
LaTeX Font Info:    Checking defaults for PD1/pdf/m/n on input line 115.
LaTeX Font Info:    ... okay on input line 115.

(/usr/local/texlive/2017/texmf-dist/tex/context/base/mkii/supp-pdf.mkii
[Loading MPS to PDF converter (version 2006.09.02).]
\scratchcounter=\count124
\scratchdimen=\dimen142
\scratchbox=\box38
\nofMPsegments=\count125
\nofMParguments=\count126
\everyMPshowfont=\toks31
\MPscratchCnt=\count127
\MPscratchDim=\dimen143
\MPnumerator=\count128
\makeMPintoPDFobject=\count129
\everyMPtoPDFconversion=\toks32
)
*geometry* driver: auto-detecting
*geometry* detected driver: pdftex
*geometry* verbose mode - [ preamble ] result:
* driver: pdftex
* paper: custom
* layout: <same size as paper>
* layoutoffset:(h,v)=(0.0pt,0.0pt)
* hratio: 1:1
* vratio: 1:1
* modes: 
* h-part:(L,W,R)=(106.75394pt, 384.0pt, 106.75394pt)
* v-part:(T,H,B)=(141.52342pt, 562.0pt, 141.52342pt)
* \paperwidth=597.50787pt
* \paperheight=845.04684pt
* \textwidth=412.56496pt
* \textheight=625.96062pt
* \oddsidemargin=34.48395pt
* \evensidemargin=34.48395pt
* \topmargin=7.25343pt
* \headheight=50.0pt
* \headsep=12.0pt
* \topskip=11.0pt
* \footskip=12.0pt
* \marginparwidth=59.0pt
* \marginparsep=10.0pt
* \columnsep=10.0pt
* \skip\footins=24.0pt plus 2.0pt minus 12.0pt
* \hoffset=0.0pt
* \voffset=0.0pt
* \mag=1000
* \@twocolumnfalse
* \@twosidefalse
* \@mparswitchfalse
* \@reversemarginfalse
* (1in=72.27pt=25.4mm, 1cm=28.453pt)

ABD: EverySelectfont initializing macros
LaTeX Info: Redefining \selectfont on input line 115.
\AtBeginShipoutBox=\box39
Package hyperref Info: Link coloring ON on input line 115.

(/usr/local/texlive/2017/texmf-dist/tex/latex/hyperref/nameref.sty
Package: nameref 2016/05/21 v2.44 Cross-referencing by name of section

(/usr/local/texlive/2017/texmf-dist/tex/generic/oberdiek/gettitlestring.sty
Package: gettitlestring 2016/05/16 v1.5 Cleanup title references (HO)
)
\c@section@level=\count130
)
LaTeX Info: Redefining \ref on input line 115.
LaTeX Info: Redefining \pageref on input line 115.
LaTeX Info: Redefining \nameref on input line 115.

(./fcc_Mannuwhitney eff_New_mass_cut_50.out)
(./fcc_Mannuwhitney eff_New_mass_cut_50.out)
\@outlinefile=\write5
\openout5 = `"fcc_Mannuwhitney eff_New_mass_cut_50.out"'.

\c@lstlisting=\count131
LaTeX Font Info:    Try loading font information for U+rsfs on input line 117.

(/usr/local/texlive/2017/texmf-dist/tex/latex/jknapltx/ursfs.fd
File: ursfs.fd 1998/03/24 rsfs font definition file (jk)
)
LaTeX Font Info:    Try loading font information for U+msa on input line 117.

(/usr/local/texlive/2017/texmf-dist/tex/latex/amsfonts/umsa.fd
File: umsa.fd 2013/01/14 v3.01 AMS symbols A
)
LaTeX Font Info:    Try loading font information for U+msb on input line 117.

(/usr/local/texlive/2017/texmf-dist/tex/latex/amsfonts/umsb.fd
File: umsb.fd 2013/01/14 v3.01 AMS symbols B
)
Package epstopdf Info: Source file: <figs/Dis_Rawhit_05GeV_010_c2b1_5tev_04_aft
er_cut_Man_50.eps>
(epstopdf)                    date: 2018-07-26 13:22:38
(epstopdf)                    size: 12079 bytes
(epstopdf)             Output file: <figs/Dis_Rawhit_05GeV_010_c2b1_5tev_04_aft
er_cut_Man_50-eps-converted-to.pdf>
(epstopdf)                    date: 2018-07-26 14:01:17
(epstopdf)                    size: 10116 bytes
(epstopdf)             Command: <repstopdf --outfile=figs/Dis_Rawhit_05GeV_010_
c2b1_5tev_04_after_cut_Man_50-eps-converted-to.pdf figs/Dis_Rawhit_05GeV_010_c2
b1_5tev_04_after_cut_Man_50.eps>
(epstopdf)             \includegraphics on input line 135.
Package epstopdf Info: Output file is already uptodate.

<figs/Dis_Rawhit_05GeV_010_c2b1_5tev_04_after_cut_Man_50-eps-converted-to.pdf, 
id=8, 569.12625pt x 543.02875pt>
File: figs/Dis_Rawhit_05GeV_010_c2b1_5tev_04_after_cut_Man_50-eps-converted-to.
pdf Graphic file (type pdf)

<use figs/Dis_Rawhit_05GeV_010_c2b1_5tev_04_after_cut_Man_50-eps-converted-to.p
df>
Package pdftex.def Info: figs/Dis_Rawhit_05GeV_010_c2b1_5tev_04_after_cut_Man_5
0-eps-converted-to.pdf used on input line 135.
(pdftex.def)             Requested size: 90.76479pt x 86.59636pt.

Underfull \hbox (badness 10000) in paragraph at lines 135--135
[]\OT1/cmr/m/n/9 (a) 5TeV at
 []


Underfull \hbox (badness 10000) in paragraph at lines 135--135
\OT1/cmr/m/n/9 20$\OMS/cmsy/m/n/9 ^^B$\OT1/cmr/m/n/9 20(cm$\OMS/cmsy/m/n/9 ^^B$
\OT1/cmr/m/n/9 cm) in
 []

Package epstopdf Info: Source file: <figs/Dis_Rawhit_05GeV_010_c2b1_10tev_04_af
ter_cut_Man_50.eps>
(epstopdf)                    date: 2018-07-26 13:22:38
(epstopdf)                    size: 12268 bytes
(epstopdf)             Output file: <figs/Dis_Rawhit_05GeV_010_c2b1_10tev_04_af
ter_cut_Man_50-eps-converted-to.pdf>
(epstopdf)                    date: 2018-07-26 14:01:18
(epstopdf)                    size: 10286 bytes
(epstopdf)             Command: <repstopdf --outfile=figs/Dis_Rawhit_05GeV_010_
c2b1_10tev_04_after_cut_Man_50-eps-converted-to.pdf figs/Dis_Rawhit_05GeV_010_c
2b1_10tev_04_after_cut_Man_50.eps>
(epstopdf)             \includegraphics on input line 138.
Package epstopdf Info: Output file is already uptodate.

<figs/Dis_Rawhit_05GeV_010_c2b1_10tev_04_after_cut_Man_50-eps-converted-to.pdf,
 id=9, 569.12625pt x 543.02875pt>
File: figs/Dis_Rawhit_05GeV_010_c2b1_10tev_04_after_cut_Man_50-eps-converted-to
.pdf Graphic file (type pdf)

<use figs/Dis_Rawhit_05GeV_010_c2b1_10tev_04_after_cut_Man_50-eps-converted-to.
pdf>
Package pdftex.def Info: figs/Dis_Rawhit_05GeV_010_c2b1_10tev_04_after_cut_Man_
50-eps-converted-to.pdf used on input line 138.
(pdftex.def)             Requested size: 90.76479pt x 86.59636pt.

Underfull \hbox (badness 10000) in paragraph at lines 138--138
[]\OT1/cmr/m/n/9 (b) 10TeV at
 []


Underfull \hbox (badness 10000) in paragraph at lines 138--138
\OT1/cmr/m/n/9 20$\OMS/cmsy/m/n/9 ^^B$\OT1/cmr/m/n/9 20(cm$\OMS/cmsy/m/n/9 ^^B$
\OT1/cmr/m/n/9 cm) in
 []

Package epstopdf Info: Source file: <figs/Dis_Rawhit_05GeV_010_c2b1_20tev_04_af
ter_cut_Man_50.eps>
(epstopdf)                    date: 2018-07-26 13:22:38
(epstopdf)                    size: 11620 bytes
(epstopdf)             Output file: <figs/Dis_Rawhit_05GeV_010_c2b1_20tev_04_af
ter_cut_Man_50-eps-converted-to.pdf>
(epstopdf)                    date: 2018-07-26 14:01:20
(epstopdf)                    size: 10152 bytes
(epstopdf)             Command: <repstopdf --outfile=figs/Dis_Rawhit_05GeV_010_
c2b1_20tev_04_after_cut_Man_50-eps-converted-to.pdf figs/Dis_Rawhit_05GeV_010_c
2b1_20tev_04_after_cut_Man_50.eps>
(epstopdf)             \includegraphics on input line 141.
Package epstopdf Info: Output file is already uptodate.

<figs/Dis_Rawhit_05GeV_010_c2b1_20tev_04_after_cut_Man_50-eps-converted-to.pdf,
 id=10, 569.12625pt x 543.02875pt>
File: figs/Dis_Rawhit_05GeV_010_c2b1_20tev_04_after_cut_Man_50-eps-converted-to
.pdf Graphic file (type pdf)

<use figs/Dis_Rawhit_05GeV_010_c2b1_20tev_04_after_cut_Man_50-eps-converted-to.
pdf>
Package pdftex.def Info: figs/Dis_Rawhit_05GeV_010_c2b1_20tev_04_after_cut_Man_
50-eps-converted-to.pdf used on input line 141.
(pdftex.def)             Requested size: 90.76479pt x 86.59636pt.

Underfull \hbox (badness 10000) in paragraph at lines 141--141
[]\OT1/cmr/m/n/9 (c) 20TeV at
 []


Underfull \hbox (badness 10000) in paragraph at lines 141--141
\OT1/cmr/m/n/9 20$\OMS/cmsy/m/n/9 ^^B$\OT1/cmr/m/n/9 20(cm$\OMS/cmsy/m/n/9 ^^B$
\OT1/cmr/m/n/9 cm) in
 []

Package epstopdf Info: Source file: <figs/Dis_Rawhit_05GeV_010_c2b1_40tev_04_af
ter_cut_Man_50.eps>
(epstopdf)                    date: 2018-07-26 13:22:38
(epstopdf)                    size: 12299 bytes
(epstopdf)             Output file: <figs/Dis_Rawhit_05GeV_010_c2b1_40tev_04_af
ter_cut_Man_50-eps-converted-to.pdf>
(epstopdf)                    date: 2018-07-26 14:01:20
(epstopdf)                    size: 10129 bytes
(epstopdf)             Command: <repstopdf --outfile=figs/Dis_Rawhit_05GeV_010_
c2b1_40tev_04_after_cut_Man_50-eps-converted-to.pdf figs/Dis_Rawhit_05GeV_010_c
2b1_40tev_04_after_cut_Man_50.eps>
(epstopdf)             \includegraphics on input line 144.
Package epstopdf Info: Output file is already uptodate.

<figs/Dis_Rawhit_05GeV_010_c2b1_40tev_04_after_cut_Man_50-eps-converted-to.pdf,
 id=11, 569.12625pt x 543.02875pt>
File: figs/Dis_Rawhit_05GeV_010_c2b1_40tev_04_after_cut_Man_50-eps-converted-to
.pdf Graphic file (type pdf)

<use figs/Dis_Rawhit_05GeV_010_c2b1_40tev_04_after_cut_Man_50-eps-converted-to.
pdf>
Package pdftex.def Info: figs/Dis_Rawhit_05GeV_010_c2b1_40tev_04_after_cut_Man_
50-eps-converted-to.pdf used on input line 144.
(pdftex.def)             Requested size: 90.76479pt x 86.59636pt.

Underfull \hbox (badness 10000) in paragraph at lines 144--144
[]\OT1/cmr/m/n/9 (d) 40TeV at
 []


Underfull \hbox (badness 10000) in paragraph at lines 144--144
\OT1/cmr/m/n/9 20$\OMS/cmsy/m/n/9 ^^B$\OT1/cmr/m/n/9 20(cm$\OMS/cmsy/m/n/9 ^^B$
\OT1/cmr/m/n/9 cm) in
 []

Package epstopdf Info: Source file: <figs/Dis_Rawhit_05GeV_009_c2b1_5tev_04_aft
er_cut_Man_50.eps>
(epstopdf)                    date: 2018-07-26 13:22:37
(epstopdf)                    size: 11781 bytes
(epstopdf)             Output file: <figs/Dis_Rawhit_05GeV_009_c2b1_5tev_04_aft
er_cut_Man_50-eps-converted-to.pdf>
(epstopdf)                    date: 2018-07-26 14:01:22
(epstopdf)                    size: 10148 bytes
(epstopdf)             Command: <repstopdf --outfile=figs/Dis_Rawhit_05GeV_009_
c2b1_5tev_04_after_cut_Man_50-eps-converted-to.pdf figs/Dis_Rawhit_05GeV_009_c2
b1_5tev_04_after_cut_Man_50.eps>
(epstopdf)             \includegraphics on input line 147.
Package epstopdf Info: Output file is already uptodate.

<figs/Dis_Rawhit_05GeV_009_c2b1_5tev_04_after_cut_Man_50-eps-converted-to.pdf, 
id=12, 569.12625pt x 543.02875pt>
File: figs/Dis_Rawhit_05GeV_009_c2b1_5tev_04_after_cut_Man_50-eps-converted-to.
pdf Graphic file (type pdf)

<use figs/Dis_Rawhit_05GeV_009_c2b1_5tev_04_after_cut_Man_50-eps-converted-to.p
df>
Package pdftex.def Info: figs/Dis_Rawhit_05GeV_009_c2b1_5tev_04_after_cut_Man_5
0-eps-converted-to.pdf used on input line 147.
(pdftex.def)             Requested size: 90.76479pt x 86.59636pt.

Underfull \hbox (badness 10000) in paragraph at lines 147--147
[]\OT1/cmr/m/n/9 (e) 5TeV at
 []


Underfull \hbox (badness 10000) in paragraph at lines 147--147
\OT1/cmr/m/n/9 5$\OMS/cmsy/m/n/9 ^^B$\OT1/cmr/m/n/9 5(cm$\OMS/cmsy/m/n/9 ^^B$\O
T1/cmr/m/n/9 cm) in
 []

Package epstopdf Info: Source file: <figs/Dis_Rawhit_05GeV_009_c2b1_10tev_04_af
ter_cut_Man_50.eps>
(epstopdf)                    date: 2018-07-26 13:22:37
(epstopdf)                    size: 12310 bytes
(epstopdf)             Output file: <figs/Dis_Rawhit_05GeV_009_c2b1_10tev_04_af
ter_cut_Man_50-eps-converted-to.pdf>
(epstopdf)                    date: 2018-07-26 14:01:23
(epstopdf)                    size: 10164 bytes
(epstopdf)             Command: <repstopdf --outfile=figs/Dis_Rawhit_05GeV_009_
c2b1_10tev_04_after_cut_Man_50-eps-converted-to.pdf figs/Dis_Rawhit_05GeV_009_c
2b1_10tev_04_after_cut_Man_50.eps>
(epstopdf)             \includegraphics on input line 150.
Package epstopdf Info: Output file is already uptodate.

<figs/Dis_Rawhit_05GeV_009_c2b1_10tev_04_after_cut_Man_50-eps-converted-to.pdf,
 id=13, 569.12625pt x 543.02875pt>
File: figs/Dis_Rawhit_05GeV_009_c2b1_10tev_04_after_cut_Man_50-eps-converted-to
.pdf Graphic file (type pdf)

<use figs/Dis_Rawhit_05GeV_009_c2b1_10tev_04_after_cut_Man_50-eps-converted-to.
pdf>
Package pdftex.def Info: figs/Dis_Rawhit_05GeV_009_c2b1_10tev_04_after_cut_Man_
50-eps-converted-to.pdf used on input line 150.
(pdftex.def)             Requested size: 90.76479pt x 86.59636pt.

Underfull \hbox (badness 10000) in paragraph at lines 150--150
[]\OT1/cmr/m/n/9 (f) 10TeV at
 []


Underfull \hbox (badness 10000) in paragraph at lines 150--150
\OT1/cmr/m/n/9 5$\OMS/cmsy/m/n/9 ^^B$\OT1/cmr/m/n/9 5(cm$\OMS/cmsy/m/n/9 ^^B$\O
T1/cmr/m/n/9 cm) in
 []

Package epstopdf Info: Source file: <figs/Dis_Rawhit_05GeV_009_c2b1_20tev_04_af
ter_cut_Man_50.eps>
(epstopdf)                    date: 2018-07-26 13:22:37
(epstopdf)                    size: 11668 bytes
(epstopdf)             Output file: <figs/Dis_Rawhit_05GeV_009_c2b1_20tev_04_af
ter_cut_Man_50-eps-converted-to.pdf>
(epstopdf)                    date: 2018-07-26 14:01:24
(epstopdf)                    size: 10052 bytes
(epstopdf)             Command: <repstopdf --outfile=figs/Dis_Rawhit_05GeV_009_
c2b1_20tev_04_after_cut_Man_50-eps-converted-to.pdf figs/Dis_Rawhit_05GeV_009_c
2b1_20tev_04_after_cut_Man_50.eps>
(epstopdf)             \includegraphics on input line 153.
Package epstopdf Info: Output file is already uptodate.

<figs/Dis_Rawhit_05GeV_009_c2b1_20tev_04_after_cut_Man_50-eps-converted-to.pdf,
 id=14, 569.12625pt x 543.02875pt>
File: figs/Dis_Rawhit_05GeV_009_c2b1_20tev_04_after_cut_Man_50-eps-converted-to
.pdf Graphic file (type pdf)

<use figs/Dis_Rawhit_05GeV_009_c2b1_20tev_04_after_cut_Man_50-eps-converted-to.
pdf>
Package pdftex.def Info: figs/Dis_Rawhit_05GeV_009_c2b1_20tev_04_after_cut_Man_
50-eps-converted-to.pdf used on input line 153.
(pdftex.def)             Requested size: 90.76479pt x 86.59636pt.

Underfull \hbox (badness 10000) in paragraph at lines 153--153
[]\OT1/cmr/m/n/9 (g) 20TeV at
 []


Underfull \hbox (badness 10000) in paragraph at lines 153--153
\OT1/cmr/m/n/9 5$\OMS/cmsy/m/n/9 ^^B$\OT1/cmr/m/n/9 5(cm$\OMS/cmsy/m/n/9 ^^B$\O
T1/cmr/m/n/9 cm) in
 []

Package epstopdf Info: Source file: <figs/Dis_Rawhit_05GeV_009_c2b1_40tev_04_af
ter_cut_Man_50.eps>
(epstopdf)                    date: 2018-07-26 13:22:37
(epstopdf)                    size: 11676 bytes
(epstopdf)             Output file: <figs/Dis_Rawhit_05GeV_009_c2b1_40tev_04_af
ter_cut_Man_50-eps-converted-to.pdf>
(epstopdf)                    date: 2018-07-26 14:01:25
(epstopdf)                    size: 10046 bytes
(epstopdf)             Command: <repstopdf --outfile=figs/Dis_Rawhit_05GeV_009_
c2b1_40tev_04_after_cut_Man_50-eps-converted-to.pdf figs/Dis_Rawhit_05GeV_009_c
2b1_40tev_04_after_cut_Man_50.eps>
(epstopdf)             \includegraphics on input line 156.
Package epstopdf Info: Output file is already uptodate.

<figs/Dis_Rawhit_05GeV_009_c2b1_40tev_04_after_cut_Man_50-eps-converted-to.pdf,
 id=15, 569.12625pt x 543.02875pt>
File: figs/Dis_Rawhit_05GeV_009_c2b1_40tev_04_after_cut_Man_50-eps-converted-to
.pdf Graphic file (type pdf)

<use figs/Dis_Rawhit_05GeV_009_c2b1_40tev_04_after_cut_Man_50-eps-converted-to.
pdf>
Package pdftex.def Info: figs/Dis_Rawhit_05GeV_009_c2b1_40tev_04_after_cut_Man_
50-eps-converted-to.pdf used on input line 156.
(pdftex.def)             Requested size: 90.76479pt x 86.59636pt.

Underfull \hbox (badness 10000) in paragraph at lines 156--156
[]\OT1/cmr/m/n/9 (h) 40TeV at
 []


Underfull \hbox (badness 10000) in paragraph at lines 156--156
\OT1/cmr/m/n/9 5$\OMS/cmsy/m/n/9 ^^B$\OT1/cmr/m/n/9 5(cm$\OMS/cmsy/m/n/9 ^^B$\O
T1/cmr/m/n/9 cm) in
 []

Package epstopdf Info: Source file: <figs/Dis_Rawhit_05GeV_012_c2b1_5tev_04_aft
er_cut_Man_50.eps>
(epstopdf)                    date: 2018-07-26 13:22:38
(epstopdf)                    size: 12755 bytes
(epstopdf)             Output file: <figs/Dis_Rawhit_05GeV_012_c2b1_5tev_04_aft
er_cut_Man_50-eps-converted-to.pdf>
(epstopdf)                    date: 2018-07-26 14:01:26
(epstopdf)                    size: 10499 bytes
(epstopdf)             Command: <repstopdf --outfile=figs/Dis_Rawhit_05GeV_012_
c2b1_5tev_04_after_cut_Man_50-eps-converted-to.pdf figs/Dis_Rawhit_05GeV_012_c2
b1_5tev_04_after_cut_Man_50.eps>
(epstopdf)             \includegraphics on input line 159.
Package epstopdf Info: Output file is already uptodate.

<figs/Dis_Rawhit_05GeV_012_c2b1_5tev_04_after_cut_Man_50-eps-converted-to.pdf, 
id=16, 569.12625pt x 543.02875pt>
File: figs/Dis_Rawhit_05GeV_012_c2b1_5tev_04_after_cut_Man_50-eps-converted-to.
pdf Graphic file (type pdf)

<use figs/Dis_Rawhit_05GeV_012_c2b1_5tev_04_after_cut_Man_50-eps-converted-to.p
df>
Package pdftex.def Info: figs/Dis_Rawhit_05GeV_012_c2b1_5tev_04_after_cut_Man_5
0-eps-converted-to.pdf used on input line 159.
(pdftex.def)             Requested size: 90.76479pt x 86.59636pt.

Underfull \hbox (badness 10000) in paragraph at lines 159--159
[]\OT1/cmr/m/n/9 (i) 5TeV at
 []


Underfull \hbox (badness 10000) in paragraph at lines 159--159
\OT1/cmr/m/n/9 1$\OMS/cmsy/m/n/9 ^^B$\OT1/cmr/m/n/9 1(cm$\OMS/cmsy/m/n/9 ^^B$\O
T1/cmr/m/n/9 cm) in
 []

Package epstopdf Info: Source file: <figs/Dis_Rawhit_05GeV_012_c2b1_10tev_04_af
ter_cut_Man_50.eps>
(epstopdf)                    date: 2018-07-26 13:22:38
(epstopdf)                    size: 11908 bytes
(epstopdf)             Output file: <figs/Dis_Rawhit_05GeV_012_c2b1_10tev_04_af
ter_cut_Man_50-eps-converted-to.pdf>
(epstopdf)                    date: 2018-07-26 14:01:28
(epstopdf)                    size: 10121 bytes
(epstopdf)             Command: <repstopdf --outfile=figs/Dis_Rawhit_05GeV_012_
c2b1_10tev_04_after_cut_Man_50-eps-converted-to.pdf figs/Dis_Rawhit_05GeV_012_c
2b1_10tev_04_after_cut_Man_50.eps>
(epstopdf)             \includegraphics on input line 162.
Package epstopdf Info: Output file is already uptodate.

<figs/Dis_Rawhit_05GeV_012_c2b1_10tev_04_after_cut_Man_50-eps-converted-to.pdf,
 id=17, 569.12625pt x 543.02875pt>
File: figs/Dis_Rawhit_05GeV_012_c2b1_10tev_04_after_cut_Man_50-eps-converted-to
.pdf Graphic file (type pdf)

<use figs/Dis_Rawhit_05GeV_012_c2b1_10tev_04_after_cut_Man_50-eps-converted-to.
pdf>
Package pdftex.def Info: figs/Dis_Rawhit_05GeV_012_c2b1_10tev_04_after_cut_Man_
50-eps-converted-to.pdf used on input line 162.
(pdftex.def)             Requested size: 90.76479pt x 86.59636pt.

Underfull \hbox (badness 10000) in paragraph at lines 162--162
[]\OT1/cmr/m/n/9 (j) 10TeV at
 []


Underfull \hbox (badness 10000) in paragraph at lines 162--162
\OT1/cmr/m/n/9 1$\OMS/cmsy/m/n/9 ^^B$\OT1/cmr/m/n/9 1(cm$\OMS/cmsy/m/n/9 ^^B$\O
T1/cmr/m/n/9 cm) in
 []

Package epstopdf Info: Source file: <figs/Dis_Rawhit_05GeV_012_c2b1_20tev_04_af
ter_cut_Man_50.eps>
(epstopdf)                    date: 2018-07-26 13:22:39
(epstopdf)                    size: 12244 bytes
(epstopdf)             Output file: <figs/Dis_Rawhit_05GeV_012_c2b1_20tev_04_af
ter_cut_Man_50-eps-converted-to.pdf>
(epstopdf)                    date: 2018-07-26 14:01:29
(epstopdf)                    size: 10168 bytes
(epstopdf)             Command: <repstopdf --outfile=figs/Dis_Rawhit_05GeV_012_
c2b1_20tev_04_after_cut_Man_50-eps-converted-to.pdf figs/Dis_Rawhit_05GeV_012_c
2b1_20tev_04_after_cut_Man_50.eps>
(epstopdf)             \includegraphics on input line 165.
Package epstopdf Info: Output file is already uptodate.

<figs/Dis_Rawhit_05GeV_012_c2b1_20tev_04_after_cut_Man_50-eps-converted-to.pdf,
 id=18, 569.12625pt x 543.02875pt>
File: figs/Dis_Rawhit_05GeV_012_c2b1_20tev_04_after_cut_Man_50-eps-converted-to
.pdf Graphic file (type pdf)

<use figs/Dis_Rawhit_05GeV_012_c2b1_20tev_04_after_cut_Man_50-eps-converted-to.
pdf>
Package pdftex.def Info: figs/Dis_Rawhit_05GeV_012_c2b1_20tev_04_after_cut_Man_
50-eps-converted-to.pdf used on input line 165.
(pdftex.def)             Requested size: 90.76479pt x 86.59636pt.

Underfull \hbox (badness 10000) in paragraph at lines 165--165
[]\OT1/cmr/m/n/9 (k) 20TeV at
 []


Underfull \hbox (badness 10000) in paragraph at lines 165--165
\OT1/cmr/m/n/9 1$\OMS/cmsy/m/n/9 ^^B$\OT1/cmr/m/n/9 1(cm$\OMS/cmsy/m/n/9 ^^B$\O
T1/cmr/m/n/9 cm) in
 []

Package epstopdf Info: Source file: <figs/Dis_Rawhit_05GeV_012_c2b1_40tev_04_af
ter_cut_Man_50.eps>
(epstopdf)                    date: 2018-07-26 13:22:39
(epstopdf)                    size: 11653 bytes
(epstopdf)             Output file: <figs/Dis_Rawhit_05GeV_012_c2b1_40tev_04_af
ter_cut_Man_50-eps-converted-to.pdf>
(epstopdf)                    date: 2018-07-26 14:01:30
(epstopdf)                    size: 10030 bytes
(epstopdf)             Command: <repstopdf --outfile=figs/Dis_Rawhit_05GeV_012_
c2b1_40tev_04_after_cut_Man_50-eps-converted-to.pdf figs/Dis_Rawhit_05GeV_012_c
2b1_40tev_04_after_cut_Man_50.eps>
(epstopdf)             \includegraphics on input line 168.
Package epstopdf Info: Output file is already uptodate.

<figs/Dis_Rawhit_05GeV_012_c2b1_40tev_04_after_cut_Man_50-eps-converted-to.pdf,
 id=19, 569.12625pt x 543.02875pt>
File: figs/Dis_Rawhit_05GeV_012_c2b1_40tev_04_after_cut_Man_50-eps-converted-to
.pdf Graphic file (type pdf)

<use figs/Dis_Rawhit_05GeV_012_c2b1_40tev_04_after_cut_Man_50-eps-converted-to.
pdf>
Package pdftex.def Info: figs/Dis_Rawhit_05GeV_012_c2b1_40tev_04_after_cut_Man_
50-eps-converted-to.pdf used on input line 168.
(pdftex.def)             Requested size: 90.76479pt x 86.59636pt.

Underfull \hbox (badness 10000) in paragraph at lines 168--168
[]\OT1/cmr/m/n/9 (l) 40TeV at
 []


Underfull \hbox (badness 10000) in paragraph at lines 168--168
\OT1/cmr/m/n/9 1$\OMS/cmsy/m/n/9 ^^B$\OT1/cmr/m/n/9 1(cm$\OMS/cmsy/m/n/9 ^^B$\O
T1/cmr/m/n/9 cm) in
 []

Package epstopdf Info: Source file: <figs/Rawhit_05GeV_c2b1_5tev_eff_1_New2_aft
er_cut_50bins.eps>
(epstopdf)                    date: 2018-07-26 12:58:16
(epstopdf)                    size: 12314 bytes
(epstopdf)             Output file: <figs/Rawhit_05GeV_c2b1_5tev_eff_1_New2_aft
er_cut_50bins-eps-converted-to.pdf>
(epstopdf)                    date: 2018-07-26 14:01:31
(epstopdf)                    size: 11382 bytes
(epstopdf)             Command: <repstopdf --outfile=figs/Rawhit_05GeV_c2b1_5te
v_eff_1_New2_after_cut_50bins-eps-converted-to.pdf figs/Rawhit_05GeV_c2b1_5tev_
eff_1_New2_after_cut_50bins.eps>
(epstopdf)             \includegraphics on input line 177.
Package epstopdf Info: Output file is already uptodate.

<figs/Rawhit_05GeV_c2b1_5tev_eff_1_New2_after_cut_50bins-eps-converted-to.pdf, 
id=20, 569.12625pt x 395.4775pt>
File: figs/Rawhit_05GeV_c2b1_5tev_eff_1_New2_after_cut_50bins-eps-converted-to.
pdf Graphic file (type pdf)

<use figs/Rawhit_05GeV_c2b1_5tev_eff_1_New2_after_cut_50bins-eps-converted-to.p
df>
Package pdftex.def Info: figs/Rawhit_05GeV_c2b1_5tev_eff_1_New2_after_cut_50bin
s-eps-converted-to.pdf used on input line 177.
(pdftex.def)             Requested size: 177.3999pt x 123.27261pt.
Package epstopdf Info: Source file: <figs/Rawhit_05GeV_c2b1_10tev_eff_1_New2_af
ter_cut_50bins.eps>
(epstopdf)                    date: 2018-07-26 12:58:17
(epstopdf)                    size: 12271 bytes
(epstopdf)             Output file: <figs/Rawhit_05GeV_c2b1_10tev_eff_1_New2_af
ter_cut_50bins-eps-converted-to.pdf>
(epstopdf)                    date: 2018-07-26 14:01:33
(epstopdf)                    size: 11342 bytes
(epstopdf)             Command: <repstopdf --outfile=figs/Rawhit_05GeV_c2b1_10t
ev_eff_1_New2_after_cut_50bins-eps-converted-to.pdf figs/Rawhit_05GeV_c2b1_10te
v_eff_1_New2_after_cut_50bins.eps>
(epstopdf)             \includegraphics on input line 180.
Package epstopdf Info: Output file is already uptodate.

<figs/Rawhit_05GeV_c2b1_10tev_eff_1_New2_after_cut_50bins-eps-converted-to.pdf,
 id=21, 569.12625pt x 395.4775pt>
File: figs/Rawhit_05GeV_c2b1_10tev_eff_1_New2_after_cut_50bins-eps-converted-to
.pdf Graphic file (type pdf)

<use figs/Rawhit_05GeV_c2b1_10tev_eff_1_New2_after_cut_50bins-eps-converted-to.
pdf>
Package pdftex.def Info: figs/Rawhit_05GeV_c2b1_10tev_eff_1_New2_after_cut_50bi
ns-eps-converted-to.pdf used on input line 180.
(pdftex.def)             Requested size: 177.3999pt x 123.27261pt.
Package epstopdf Info: Source file: <figs/Rawhit_05GeV_c2b1_20tev_eff_1_New2_af
ter_cut_50bins.eps>
(epstopdf)                    date: 2018-07-26 12:58:17
(epstopdf)                    size: 12165 bytes
(epstopdf)             Output file: <figs/Rawhit_05GeV_c2b1_20tev_eff_1_New2_af
ter_cut_50bins-eps-converted-to.pdf>
(epstopdf)                    date: 2018-07-26 14:01:34
(epstopdf)                    size: 11337 bytes
(epstopdf)             Command: <repstopdf --outfile=figs/Rawhit_05GeV_c2b1_20t
ev_eff_1_New2_after_cut_50bins-eps-converted-to.pdf figs/Rawhit_05GeV_c2b1_20te
v_eff_1_New2_after_cut_50bins.eps>
(epstopdf)             \includegraphics on input line 183.
Package epstopdf Info: Output file is already uptodate.

<figs/Rawhit_05GeV_c2b1_20tev_eff_1_New2_after_cut_50bins-eps-converted-to.pdf,
 id=22, 569.12625pt x 395.4775pt>
File: figs/Rawhit_05GeV_c2b1_20tev_eff_1_New2_after_cut_50bins-eps-converted-to
.pdf Graphic file (type pdf)

<use figs/Rawhit_05GeV_c2b1_20tev_eff_1_New2_after_cut_50bins-eps-converted-to.
pdf>
Package pdftex.def Info: figs/Rawhit_05GeV_c2b1_20tev_eff_1_New2_after_cut_50bi
ns-eps-converted-to.pdf used on input line 183.
(pdftex.def)             Requested size: 177.3999pt x 123.27261pt.
Package epstopdf Info: Source file: <figs/Rawhit_05GeV_c2b1_40tev_eff_1_New2_af
ter_cut_50bins.eps>
(epstopdf)                    date: 2018-07-26 12:58:17
(epstopdf)                    size: 12156 bytes
(epstopdf)             Output file: <figs/Rawhit_05GeV_c2b1_40tev_eff_1_New2_af
ter_cut_50bins-eps-converted-to.pdf>
(epstopdf)                    date: 2018-07-26 14:01:35
(epstopdf)                    size: 11381 bytes
(epstopdf)             Command: <repstopdf --outfile=figs/Rawhit_05GeV_c2b1_40t
ev_eff_1_New2_after_cut_50bins-eps-converted-to.pdf figs/Rawhit_05GeV_c2b1_40te
v_eff_1_New2_after_cut_50bins.eps>
(epstopdf)             \includegraphics on input line 186.
Package epstopdf Info: Output file is already uptodate.

<figs/Rawhit_05GeV_c2b1_40tev_eff_1_New2_after_cut_50bins-eps-converted-to.pdf,
 id=23, 569.12625pt x 395.4775pt>
File: figs/Rawhit_05GeV_c2b1_40tev_eff_1_New2_after_cut_50bins-eps-converted-to
.pdf Graphic file (type pdf)

<use figs/Rawhit_05GeV_c2b1_40tev_eff_1_New2_after_cut_50bins-eps-converted-to.
pdf>
Package pdftex.def Info: figs/Rawhit_05GeV_c2b1_40tev_eff_1_New2_after_cut_50bi
ns-eps-converted-to.pdf used on input line 186.
(pdftex.def)             Requested size: 177.3999pt x 123.27261pt.
Package epstopdf Info: Source file: <figs/Dis_Rawhit_05GeV_010_tau21_5tev_04_af
ter_cut_Man_50.eps>
(epstopdf)                    date: 2018-07-26 13:22:33
(epstopdf)                    size: 12632 bytes
(epstopdf)             Output file: <figs/Dis_Rawhit_05GeV_010_tau21_5tev_04_af
ter_cut_Man_50-eps-converted-to.pdf>
(epstopdf)                    date: 2018-07-26 14:01:36
(epstopdf)                    size: 10936 bytes
(epstopdf)             Command: <repstopdf --outfile=figs/Dis_Rawhit_05GeV_010_
tau21_5tev_04_after_cut_Man_50-eps-converted-to.pdf figs/Dis_Rawhit_05GeV_010_t
au21_5tev_04_after_cut_Man_50.eps>
(epstopdf)             \includegraphics on input line 199.
Package epstopdf Info: Output file is already uptodate.

<figs/Dis_Rawhit_05GeV_010_tau21_5tev_04_after_cut_Man_50-eps-converted-to.pdf,
 id=24, 569.12625pt x 543.02875pt>
File: figs/Dis_Rawhit_05GeV_010_tau21_5tev_04_after_cut_Man_50-eps-converted-to
.pdf Graphic file (type pdf)

<use figs/Dis_Rawhit_05GeV_010_tau21_5tev_04_after_cut_Man_50-eps-converted-to.
pdf>
Package pdftex.def Info: figs/Dis_Rawhit_05GeV_010_tau21_5tev_04_after_cut_Man_
50-eps-converted-to.pdf used on input line 199.
(pdftex.def)             Requested size: 90.76479pt x 86.59636pt.

Underfull \hbox (badness 10000) in paragraph at lines 199--199
[]\OT1/cmr/m/n/9 (a) 5TeV at
 []


Underfull \hbox (badness 10000) in paragraph at lines 199--199
\OT1/cmr/m/n/9 20$\OMS/cmsy/m/n/9 ^^B$\OT1/cmr/m/n/9 20(cm$\OMS/cmsy/m/n/9 ^^B$
\OT1/cmr/m/n/9 cm) in
 []

Package epstopdf Info: Source file: <figs/Dis_Rawhit_05GeV_010_tau21_10tev_04_a
fter_cut_Man_50.eps>
(epstopdf)                    date: 2018-07-26 13:22:33
(epstopdf)                    size: 13152 bytes
(epstopdf)             Output file: <figs/Dis_Rawhit_05GeV_010_tau21_10tev_04_a
fter_cut_Man_50-eps-converted-to.pdf>
(epstopdf)                    date: 2018-07-26 14:01:37
(epstopdf)                    size: 11051 bytes
(epstopdf)             Command: <repstopdf --outfile=figs/Dis_Rawhit_05GeV_010_
tau21_10tev_04_after_cut_Man_50-eps-converted-to.pdf figs/Dis_Rawhit_05GeV_010_
tau21_10tev_04_after_cut_Man_50.eps>
(epstopdf)             \includegraphics on input line 202.
Package epstopdf Info: Output file is already uptodate.

<figs/Dis_Rawhit_05GeV_010_tau21_10tev_04_after_cut_Man_50-eps-converted-to.pdf
, id=25, 569.12625pt x 543.02875pt>
File: figs/Dis_Rawhit_05GeV_010_tau21_10tev_04_after_cut_Man_50-eps-converted-t
o.pdf Graphic file (type pdf)

<use figs/Dis_Rawhit_05GeV_010_tau21_10tev_04_after_cut_Man_50-eps-converted-to
.pdf>
Package pdftex.def Info: figs/Dis_Rawhit_05GeV_010_tau21_10tev_04_after_cut_Man
_50-eps-converted-to.pdf used on input line 202.
(pdftex.def)             Requested size: 90.76479pt x 86.59636pt.

Underfull \hbox (badness 10000) in paragraph at lines 202--202
[]\OT1/cmr/m/n/9 (b) 10TeV at
 []


Underfull \hbox (badness 10000) in paragraph at lines 202--202
\OT1/cmr/m/n/9 20$\OMS/cmsy/m/n/9 ^^B$\OT1/cmr/m/n/9 20(cm$\OMS/cmsy/m/n/9 ^^B$
\OT1/cmr/m/n/9 cm) in
 []

Package epstopdf Info: Source file: <figs/Dis_Rawhit_05GeV_010_tau21_20tev_04_a
fter_cut_Man_50.eps>
(epstopdf)                    date: 2018-07-26 13:22:34
(epstopdf)                    size: 13215 bytes
(epstopdf)             Output file: <figs/Dis_Rawhit_05GeV_010_tau21_20tev_04_a
fter_cut_Man_50-eps-converted-to.pdf>
(epstopdf)                    date: 2018-07-26 14:01:38
(epstopdf)                    size: 10944 bytes
(epstopdf)             Command: <repstopdf --outfile=figs/Dis_Rawhit_05GeV_010_
tau21_20tev_04_after_cut_Man_50-eps-converted-to.pdf figs/Dis_Rawhit_05GeV_010_
tau21_20tev_04_after_cut_Man_50.eps>
(epstopdf)             \includegraphics on input line 205.
Package epstopdf Info: Output file is already uptodate.

<figs/Dis_Rawhit_05GeV_010_tau21_20tev_04_after_cut_Man_50-eps-converted-to.pdf
, id=26, 569.12625pt x 543.02875pt>
File: figs/Dis_Rawhit_05GeV_010_tau21_20tev_04_after_cut_Man_50-eps-converted-t
o.pdf Graphic file (type pdf)

<use figs/Dis_Rawhit_05GeV_010_tau21_20tev_04_after_cut_Man_50-eps-converted-to
.pdf>
Package pdftex.def Info: figs/Dis_Rawhit_05GeV_010_tau21_20tev_04_after_cut_Man
_50-eps-converted-to.pdf used on input line 205.
(pdftex.def)             Requested size: 90.76479pt x 86.59636pt.

Underfull \hbox (badness 10000) in paragraph at lines 205--205
[]\OT1/cmr/m/n/9 (c) 20TeV at
 []


Underfull \hbox (badness 10000) in paragraph at lines 205--205
\OT1/cmr/m/n/9 20$\OMS/cmsy/m/n/9 ^^B$\OT1/cmr/m/n/9 20(cm$\OMS/cmsy/m/n/9 ^^B$
\OT1/cmr/m/n/9 cm) in
 []

Package epstopdf Info: Source file: <figs/Dis_Rawhit_05GeV_010_tau21_40tev_04_a
fter_cut_Man_50.eps>
(epstopdf)                    date: 2018-07-26 13:22:34
(epstopdf)                    size: 12800 bytes
(epstopdf)             Output file: <figs/Dis_Rawhit_05GeV_010_tau21_40tev_04_a
fter_cut_Man_50-eps-converted-to.pdf>
(epstopdf)                    date: 2018-07-26 14:01:39
(epstopdf)                    size: 10909 bytes
(epstopdf)             Command: <repstopdf --outfile=figs/Dis_Rawhit_05GeV_010_
tau21_40tev_04_after_cut_Man_50-eps-converted-to.pdf figs/Dis_Rawhit_05GeV_010_
tau21_40tev_04_after_cut_Man_50.eps>
(epstopdf)             \includegraphics on input line 208.
Package epstopdf Info: Output file is already uptodate.

<figs/Dis_Rawhit_05GeV_010_tau21_40tev_04_after_cut_Man_50-eps-converted-to.pdf
, id=27, 569.12625pt x 543.02875pt>
File: figs/Dis_Rawhit_05GeV_010_tau21_40tev_04_after_cut_Man_50-eps-converted-t
o.pdf Graphic file (type pdf)

<use figs/Dis_Rawhit_05GeV_010_tau21_40tev_04_after_cut_Man_50-eps-converted-to
.pdf>
Package pdftex.def Info: figs/Dis_Rawhit_05GeV_010_tau21_40tev_04_after_cut_Man
_50-eps-converted-to.pdf used on input line 208.
(pdftex.def)             Requested size: 90.76479pt x 86.59636pt.

Underfull \hbox (badness 10000) in paragraph at lines 208--208
[]\OT1/cmr/m/n/9 (d) 40TeV at
 []


Underfull \hbox (badness 10000) in paragraph at lines 208--208
\OT1/cmr/m/n/9 20$\OMS/cmsy/m/n/9 ^^B$\OT1/cmr/m/n/9 20(cm$\OMS/cmsy/m/n/9 ^^B$
\OT1/cmr/m/n/9 cm) in
 []

Package epstopdf Info: Source file: <figs/Dis_Rawhit_05GeV_009_tau21_5tev_04_af
ter_cut_Man_50.eps>
(epstopdf)                    date: 2018-07-26 13:22:32
(epstopdf)                    size: 13582 bytes
(epstopdf)             Output file: <figs/Dis_Rawhit_05GeV_009_tau21_5tev_04_af
ter_cut_Man_50-eps-converted-to.pdf>
(epstopdf)                    date: 2018-07-26 14:01:40
(epstopdf)                    size: 11142 bytes
(epstopdf)             Command: <repstopdf --outfile=figs/Dis_Rawhit_05GeV_009_
tau21_5tev_04_after_cut_Man_50-eps-converted-to.pdf figs/Dis_Rawhit_05GeV_009_t
au21_5tev_04_after_cut_Man_50.eps>
(epstopdf)             \includegraphics on input line 211.
Package epstopdf Info: Output file is already uptodate.

<figs/Dis_Rawhit_05GeV_009_tau21_5tev_04_after_cut_Man_50-eps-converted-to.pdf,
 id=28, 569.12625pt x 543.02875pt>
File: figs/Dis_Rawhit_05GeV_009_tau21_5tev_04_after_cut_Man_50-eps-converted-to
.pdf Graphic file (type pdf)

<use figs/Dis_Rawhit_05GeV_009_tau21_5tev_04_after_cut_Man_50-eps-converted-to.
pdf>
Package pdftex.def Info: figs/Dis_Rawhit_05GeV_009_tau21_5tev_04_after_cut_Man_
50-eps-converted-to.pdf used on input line 211.
(pdftex.def)             Requested size: 90.76479pt x 86.59636pt.

Underfull \hbox (badness 10000) in paragraph at lines 211--211
[]\OT1/cmr/m/n/9 (e) 5TeV at
 []


Underfull \hbox (badness 10000) in paragraph at lines 211--211
\OT1/cmr/m/n/9 5$\OMS/cmsy/m/n/9 ^^B$\OT1/cmr/m/n/9 5(cm$\OMS/cmsy/m/n/9 ^^B$\O
T1/cmr/m/n/9 cm) in
 []

Package epstopdf Info: Source file: <figs/Dis_Rawhit_05GeV_009_tau21_10tev_04_a
fter_cut_Man_50.eps>
(epstopdf)                    date: 2018-07-26 13:22:32
(epstopdf)                    size: 13002 bytes
(epstopdf)             Output file: <figs/Dis_Rawhit_05GeV_009_tau21_10tev_04_a
fter_cut_Man_50-eps-converted-to.pdf>
(epstopdf)                    date: 2018-07-26 14:01:41
(epstopdf)                    size: 11030 bytes
(epstopdf)             Command: <repstopdf --outfile=figs/Dis_Rawhit_05GeV_009_
tau21_10tev_04_after_cut_Man_50-eps-converted-to.pdf figs/Dis_Rawhit_05GeV_009_
tau21_10tev_04_after_cut_Man_50.eps>
(epstopdf)             \includegraphics on input line 214.
Package epstopdf Info: Output file is already uptodate.

<figs/Dis_Rawhit_05GeV_009_tau21_10tev_04_after_cut_Man_50-eps-converted-to.pdf
, id=29, 569.12625pt x 543.02875pt>
File: figs/Dis_Rawhit_05GeV_009_tau21_10tev_04_after_cut_Man_50-eps-converted-t
o.pdf Graphic file (type pdf)

<use figs/Dis_Rawhit_05GeV_009_tau21_10tev_04_after_cut_Man_50-eps-converted-to
.pdf>
Package pdftex.def Info: figs/Dis_Rawhit_05GeV_009_tau21_10tev_04_after_cut_Man
_50-eps-converted-to.pdf used on input line 214.
(pdftex.def)             Requested size: 90.76479pt x 86.59636pt.

Underfull \hbox (badness 10000) in paragraph at lines 214--214
[]\OT1/cmr/m/n/9 (f) 10TeV at
 []


Underfull \hbox (badness 10000) in paragraph at lines 214--214
\OT1/cmr/m/n/9 5$\OMS/cmsy/m/n/9 ^^B$\OT1/cmr/m/n/9 5(cm$\OMS/cmsy/m/n/9 ^^B$\O
T1/cmr/m/n/9 cm) in
 []

Package epstopdf Info: Source file: <figs/Dis_Rawhit_05GeV_009_tau21_20tev_04_a
fter_cut_Man_50.eps>
(epstopdf)                    date: 2018-07-26 13:22:33
(epstopdf)                    size: 13413 bytes
(epstopdf)             Output file: <figs/Dis_Rawhit_05GeV_009_tau21_20tev_04_a
fter_cut_Man_50-eps-converted-to.pdf>
(epstopdf)                    date: 2018-07-26 14:01:42
(epstopdf)                    size: 11047 bytes
(epstopdf)             Command: <repstopdf --outfile=figs/Dis_Rawhit_05GeV_009_
tau21_20tev_04_after_cut_Man_50-eps-converted-to.pdf figs/Dis_Rawhit_05GeV_009_
tau21_20tev_04_after_cut_Man_50.eps>
(epstopdf)             \includegraphics on input line 217.
Package epstopdf Info: Output file is already uptodate.

<figs/Dis_Rawhit_05GeV_009_tau21_20tev_04_after_cut_Man_50-eps-converted-to.pdf
, id=30, 569.12625pt x 543.02875pt>
File: figs/Dis_Rawhit_05GeV_009_tau21_20tev_04_after_cut_Man_50-eps-converted-t
o.pdf Graphic file (type pdf)

<use figs/Dis_Rawhit_05GeV_009_tau21_20tev_04_after_cut_Man_50-eps-converted-to
.pdf>
Package pdftex.def Info: figs/Dis_Rawhit_05GeV_009_tau21_20tev_04_after_cut_Man
_50-eps-converted-to.pdf used on input line 217.
(pdftex.def)             Requested size: 90.76479pt x 86.59636pt.

Underfull \hbox (badness 10000) in paragraph at lines 217--217
[]\OT1/cmr/m/n/9 (g) 20TeV at
 []


Underfull \hbox (badness 10000) in paragraph at lines 217--217
\OT1/cmr/m/n/9 5$\OMS/cmsy/m/n/9 ^^B$\OT1/cmr/m/n/9 5(cm$\OMS/cmsy/m/n/9 ^^B$\O
T1/cmr/m/n/9 cm) in
 []

Package epstopdf Info: Source file: <figs/Dis_Rawhit_05GeV_009_tau21_40tev_04_a
fter_cut_Man_50.eps>
(epstopdf)                    date: 2018-07-26 13:22:33
(epstopdf)                    size: 12718 bytes
(epstopdf)             Output file: <figs/Dis_Rawhit_05GeV_009_tau21_40tev_04_a
fter_cut_Man_50-eps-converted-to.pdf>
(epstopdf)                    date: 2018-07-26 14:01:43
(epstopdf)                    size: 10836 bytes
(epstopdf)             Command: <repstopdf --outfile=figs/Dis_Rawhit_05GeV_009_
tau21_40tev_04_after_cut_Man_50-eps-converted-to.pdf figs/Dis_Rawhit_05GeV_009_
tau21_40tev_04_after_cut_Man_50.eps>
(epstopdf)             \includegraphics on input line 220.
Package epstopdf Info: Output file is already uptodate.

<figs/Dis_Rawhit_05GeV_009_tau21_40tev_04_after_cut_Man_50-eps-converted-to.pdf
, id=31, 569.12625pt x 543.02875pt>
File: figs/Dis_Rawhit_05GeV_009_tau21_40tev_04_after_cut_Man_50-eps-converted-t
o.pdf Graphic file (type pdf)

<use figs/Dis_Rawhit_05GeV_009_tau21_40tev_04_after_cut_Man_50-eps-converted-to
.pdf>
Package pdftex.def Info: figs/Dis_Rawhit_05GeV_009_tau21_40tev_04_after_cut_Man
_50-eps-converted-to.pdf used on input line 220.
(pdftex.def)             Requested size: 90.76479pt x 86.59636pt.

Underfull \hbox (badness 10000) in paragraph at lines 220--220
[]\OT1/cmr/m/n/9 (h) 40TeV at
 []


Underfull \hbox (badness 10000) in paragraph at lines 220--220
\OT1/cmr/m/n/9 5$\OMS/cmsy/m/n/9 ^^B$\OT1/cmr/m/n/9 5(cm$\OMS/cmsy/m/n/9 ^^B$\O
T1/cmr/m/n/9 cm) in
 []

Package epstopdf Info: Source file: <figs/Dis_Rawhit_05GeV_012_tau21_5tev_04_af
ter_cut_Man_50.eps>
(epstopdf)                    date: 2018-07-26 13:22:34
(epstopdf)                    size: 13134 bytes
(epstopdf)             Output file: <figs/Dis_Rawhit_05GeV_012_tau21_5tev_04_af
ter_cut_Man_50-eps-converted-to.pdf>
(epstopdf)                    date: 2018-07-26 14:01:43
(epstopdf)                    size: 11052 bytes
(epstopdf)             Command: <repstopdf --outfile=figs/Dis_Rawhit_05GeV_012_
tau21_5tev_04_after_cut_Man_50-eps-converted-to.pdf figs/Dis_Rawhit_05GeV_012_t
au21_5tev_04_after_cut_Man_50.eps>
(epstopdf)             \includegraphics on input line 223.
Package epstopdf Info: Output file is already uptodate.

<figs/Dis_Rawhit_05GeV_012_tau21_5tev_04_after_cut_Man_50-eps-converted-to.pdf,
 id=32, 569.12625pt x 543.02875pt>
File: figs/Dis_Rawhit_05GeV_012_tau21_5tev_04_after_cut_Man_50-eps-converted-to
.pdf Graphic file (type pdf)

<use figs/Dis_Rawhit_05GeV_012_tau21_5tev_04_after_cut_Man_50-eps-converted-to.
pdf>
Package pdftex.def Info: figs/Dis_Rawhit_05GeV_012_tau21_5tev_04_after_cut_Man_
50-eps-converted-to.pdf used on input line 223.
(pdftex.def)             Requested size: 90.76479pt x 86.59636pt.

Underfull \hbox (badness 10000) in paragraph at lines 223--223
[]\OT1/cmr/m/n/9 (i) 5TeV at
 []


Underfull \hbox (badness 10000) in paragraph at lines 223--223
\OT1/cmr/m/n/9 1$\OMS/cmsy/m/n/9 ^^B$\OT1/cmr/m/n/9 1(cm$\OMS/cmsy/m/n/9 ^^B$\O
T1/cmr/m/n/9 cm) in
 []

Package epstopdf Info: Source file: <figs/Dis_Rawhit_05GeV_012_tau21_10tev_04_a
fter_cut_Man_50.eps>
(epstopdf)                    date: 2018-07-26 13:22:34
(epstopdf)                    size: 13534 bytes
(epstopdf)             Output file: <figs/Dis_Rawhit_05GeV_012_tau21_10tev_04_a
fter_cut_Man_50-eps-converted-to.pdf>
(epstopdf)                    date: 2018-07-26 14:01:44
(epstopdf)                    size: 11113 bytes
(epstopdf)             Command: <repstopdf --outfile=figs/Dis_Rawhit_05GeV_012_
tau21_10tev_04_after_cut_Man_50-eps-converted-to.pdf figs/Dis_Rawhit_05GeV_012_
tau21_10tev_04_after_cut_Man_50.eps>
(epstopdf)             \includegraphics on input line 226.
Package epstopdf Info: Output file is already uptodate.

<figs/Dis_Rawhit_05GeV_012_tau21_10tev_04_after_cut_Man_50-eps-converted-to.pdf
, id=33, 569.12625pt x 543.02875pt>
File: figs/Dis_Rawhit_05GeV_012_tau21_10tev_04_after_cut_Man_50-eps-converted-t
o.pdf Graphic file (type pdf)

<use figs/Dis_Rawhit_05GeV_012_tau21_10tev_04_after_cut_Man_50-eps-converted-to
.pdf>
Package pdftex.def Info: figs/Dis_Rawhit_05GeV_012_tau21_10tev_04_after_cut_Man
_50-eps-converted-to.pdf used on input line 226.
(pdftex.def)             Requested size: 90.76479pt x 86.59636pt.

Underfull \hbox (badness 10000) in paragraph at lines 226--226
[]\OT1/cmr/m/n/9 (j) 10TeV at
 []


Underfull \hbox (badness 10000) in paragraph at lines 226--226
\OT1/cmr/m/n/9 1$\OMS/cmsy/m/n/9 ^^B$\OT1/cmr/m/n/9 1(cm$\OMS/cmsy/m/n/9 ^^B$\O
T1/cmr/m/n/9 cm) in
 []

Package epstopdf Info: Source file: <figs/Dis_Rawhit_05GeV_012_tau21_20tev_04_a
fter_cut_Man_50.eps>
(epstopdf)                    date: 2018-07-26 13:22:34
(epstopdf)                    size: 12768 bytes
(epstopdf)             Output file: <figs/Dis_Rawhit_05GeV_012_tau21_20tev_04_a
fter_cut_Man_50-eps-converted-to.pdf>
(epstopdf)                    date: 2018-07-26 14:01:45
(epstopdf)                    size: 10965 bytes
(epstopdf)             Command: <repstopdf --outfile=figs/Dis_Rawhit_05GeV_012_
tau21_20tev_04_after_cut_Man_50-eps-converted-to.pdf figs/Dis_Rawhit_05GeV_012_
tau21_20tev_04_after_cut_Man_50.eps>
(epstopdf)             \includegraphics on input line 229.
Package epstopdf Info: Output file is already uptodate.

<figs/Dis_Rawhit_05GeV_012_tau21_20tev_04_after_cut_Man_50-eps-converted-to.pdf
, id=34, 569.12625pt x 543.02875pt>
File: figs/Dis_Rawhit_05GeV_012_tau21_20tev_04_after_cut_Man_50-eps-converted-t
o.pdf Graphic file (type pdf)

<use figs/Dis_Rawhit_05GeV_012_tau21_20tev_04_after_cut_Man_50-eps-converted-to
.pdf>
Package pdftex.def Info: figs/Dis_Rawhit_05GeV_012_tau21_20tev_04_after_cut_Man
_50-eps-converted-to.pdf used on input line 229.
(pdftex.def)             Requested size: 90.76479pt x 86.59636pt.

Underfull \hbox (badness 10000) in paragraph at lines 229--229
[]\OT1/cmr/m/n/9 (k) 20TeV at
 []


Underfull \hbox (badness 10000) in paragraph at lines 229--229
\OT1/cmr/m/n/9 1$\OMS/cmsy/m/n/9 ^^B$\OT1/cmr/m/n/9 1(cm$\OMS/cmsy/m/n/9 ^^B$\O
T1/cmr/m/n/9 cm) in
 []

Package epstopdf Info: Source file: <figs/Dis_Rawhit_05GeV_012_tau21_40tev_04_a
fter_cut_Man_50.eps>
(epstopdf)                    date: 2018-07-26 13:22:34
(epstopdf)                    size: 13220 bytes
(epstopdf)             Output file: <figs/Dis_Rawhit_05GeV_012_tau21_40tev_04_a
fter_cut_Man_50-eps-converted-to.pdf>
(epstopdf)                    date: 2018-07-26 14:01:46
(epstopdf)                    size: 10992 bytes
(epstopdf)             Command: <repstopdf --outfile=figs/Dis_Rawhit_05GeV_012_
tau21_40tev_04_after_cut_Man_50-eps-converted-to.pdf figs/Dis_Rawhit_05GeV_012_
tau21_40tev_04_after_cut_Man_50.eps>
(epstopdf)             \includegraphics on input line 232.
Package epstopdf Info: Output file is already uptodate.

<figs/Dis_Rawhit_05GeV_012_tau21_40tev_04_after_cut_Man_50-eps-converted-to.pdf
, id=35, 569.12625pt x 543.02875pt>
File: figs/Dis_Rawhit_05GeV_012_tau21_40tev_04_after_cut_Man_50-eps-converted-t
o.pdf Graphic file (type pdf)

<use figs/Dis_Rawhit_05GeV_012_tau21_40tev_04_after_cut_Man_50-eps-converted-to
.pdf>
Package pdftex.def Info: figs/Dis_Rawhit_05GeV_012_tau21_40tev_04_after_cut_Man
_50-eps-converted-to.pdf used on input line 232.
(pdftex.def)             Requested size: 90.76479pt x 86.59636pt.

Underfull \hbox (badness 10000) in paragraph at lines 232--232
[]\OT1/cmr/m/n/9 (l) 40TeV at
 []


Underfull \hbox (badness 10000) in paragraph at lines 232--232
\OT1/cmr/m/n/9 1$\OMS/cmsy/m/n/9 ^^B$\OT1/cmr/m/n/9 1(cm$\OMS/cmsy/m/n/9 ^^B$\O
T1/cmr/m/n/9 cm) in
 []

Package epstopdf Info: Source file: <figs/Rawhit_05GeV_tau21_5tev_eff_1_New2_af
ter_cut_50bins.eps>
(epstopdf)                    date: 2018-07-26 12:58:14
(epstopdf)                    size: 12803 bytes
(epstopdf)             Output file: <figs/Rawhit_05GeV_tau21_5tev_eff_1_New2_af
ter_cut_50bins-eps-converted-to.pdf>
(epstopdf)                    date: 2018-07-26 14:01:47
(epstopdf)                    size: 11676 bytes
(epstopdf)             Command: <repstopdf --outfile=figs/Rawhit_05GeV_tau21_5t
ev_eff_1_New2_after_cut_50bins-eps-converted-to.pdf figs/Rawhit_05GeV_tau21_5te
v_eff_1_New2_after_cut_50bins.eps>
(epstopdf)             \includegraphics on input line 240.
Package epstopdf Info: Output file is already uptodate.

<figs/Rawhit_05GeV_tau21_5tev_eff_1_New2_after_cut_50bins-eps-converted-to.pdf,
 id=36, 569.12625pt x 395.4775pt>
File: figs/Rawhit_05GeV_tau21_5tev_eff_1_New2_after_cut_50bins-eps-converted-to
.pdf Graphic file (type pdf)

<use figs/Rawhit_05GeV_tau21_5tev_eff_1_New2_after_cut_50bins-eps-converted-to.
pdf>
Package pdftex.def Info: figs/Rawhit_05GeV_tau21_5tev_eff_1_New2_after_cut_50bi
ns-eps-converted-to.pdf used on input line 240.
(pdftex.def)             Requested size: 177.3999pt x 123.27261pt.
Package epstopdf Info: Source file: <figs/Rawhit_05GeV_tau21_10tev_eff_1_New2_a
fter_cut_50bins.eps>
(epstopdf)                    date: 2018-07-26 12:58:14
(epstopdf)                    size: 12697 bytes
(epstopdf)             Output file: <figs/Rawhit_05GeV_tau21_10tev_eff_1_New2_a
fter_cut_50bins-eps-converted-to.pdf>
(epstopdf)                    date: 2018-07-26 14:01:48
(epstopdf)                    size: 11619 bytes
(epstopdf)             Command: <repstopdf --outfile=figs/Rawhit_05GeV_tau21_10
tev_eff_1_New2_after_cut_50bins-eps-converted-to.pdf figs/Rawhit_05GeV_tau21_10
tev_eff_1_New2_after_cut_50bins.eps>
(epstopdf)             \includegraphics on input line 243.
Package epstopdf Info: Output file is already uptodate.

<figs/Rawhit_05GeV_tau21_10tev_eff_1_New2_after_cut_50bins-eps-converted-to.pdf
, id=37, 569.12625pt x 395.4775pt>
File: figs/Rawhit_05GeV_tau21_10tev_eff_1_New2_after_cut_50bins-eps-converted-t
o.pdf Graphic file (type pdf)

<use figs/Rawhit_05GeV_tau21_10tev_eff_1_New2_after_cut_50bins-eps-converted-to
.pdf>
Package pdftex.def Info: figs/Rawhit_05GeV_tau21_10tev_eff_1_New2_after_cut_50b
ins-eps-converted-to.pdf used on input line 243.
(pdftex.def)             Requested size: 177.3999pt x 123.27261pt.
Package epstopdf Info: Source file: <figs/Rawhit_05GeV_tau21_20tev_eff_1_New2_a
fter_cut_50bins.eps>
(epstopdf)                    date: 2018-07-26 12:58:15
(epstopdf)                    size: 12491 bytes
(epstopdf)             Output file: <figs/Rawhit_05GeV_tau21_20tev_eff_1_New2_a
fter_cut_50bins-eps-converted-to.pdf>
(epstopdf)                    date: 2018-07-26 14:01:49
(epstopdf)                    size: 11512 bytes
(epstopdf)             Command: <repstopdf --outfile=figs/Rawhit_05GeV_tau21_20
tev_eff_1_New2_after_cut_50bins-eps-converted-to.pdf figs/Rawhit_05GeV_tau21_20
tev_eff_1_New2_after_cut_50bins.eps>
(epstopdf)             \includegraphics on input line 246.
Package epstopdf Info: Output file is already uptodate.

<figs/Rawhit_05GeV_tau21_20tev_eff_1_New2_after_cut_50bins-eps-converted-to.pdf
, id=38, 569.12625pt x 395.4775pt>
File: figs/Rawhit_05GeV_tau21_20tev_eff_1_New2_after_cut_50bins-eps-converted-t
o.pdf Graphic file (type pdf)

<use figs/Rawhit_05GeV_tau21_20tev_eff_1_New2_after_cut_50bins-eps-converted-to
.pdf>
Package pdftex.def Info: figs/Rawhit_05GeV_tau21_20tev_eff_1_New2_after_cut_50b
ins-eps-converted-to.pdf used on input line 246.
(pdftex.def)             Requested size: 177.3999pt x 123.27261pt.
Package epstopdf Info: Source file: <figs/Rawhit_05GeV_tau21_40tev_eff_1_New2_a
fter_cut_50bins.eps>
(epstopdf)                    date: 2018-07-26 12:58:15
(epstopdf)                    size: 12343 bytes
(epstopdf)             Output file: <figs/Rawhit_05GeV_tau21_40tev_eff_1_New2_a
fter_cut_50bins-eps-converted-to.pdf>
(epstopdf)                    date: 2018-07-26 14:01:49
(epstopdf)                    size: 11500 bytes
(epstopdf)             Command: <repstopdf --outfile=figs/Rawhit_05GeV_tau21_40
tev_eff_1_New2_after_cut_50bins-eps-converted-to.pdf figs/Rawhit_05GeV_tau21_40
tev_eff_1_New2_after_cut_50bins.eps>
(epstopdf)             \includegraphics on input line 249.
Package epstopdf Info: Output file is already uptodate.

<figs/Rawhit_05GeV_tau21_40tev_eff_1_New2_after_cut_50bins-eps-converted-to.pdf
, id=39, 569.12625pt x 395.4775pt>
File: figs/Rawhit_05GeV_tau21_40tev_eff_1_New2_after_cut_50bins-eps-converted-t
o.pdf Graphic file (type pdf)

<use figs/Rawhit_05GeV_tau21_40tev_eff_1_New2_after_cut_50bins-eps-converted-to
.pdf>
Package pdftex.def Info: figs/Rawhit_05GeV_tau21_40tev_eff_1_New2_after_cut_50b
ins-eps-converted-to.pdf used on input line 249.
(pdftex.def)             Requested size: 177.3999pt x 123.27261pt.
Package epstopdf Info: Source file: <figs/Dis_Rawhit_05GeV_010_tau32_5tev_04_af
ter_cut_Man_50.eps>
(epstopdf)                    date: 2018-07-26 13:22:35
(epstopdf)                    size: 13061 bytes
(epstopdf)             Output file: <figs/Dis_Rawhit_05GeV_010_tau32_5tev_04_af
ter_cut_Man_50-eps-converted-to.pdf>
(epstopdf)                    date: 2018-07-26 14:01:50
(epstopdf)                    size: 10799 bytes
(epstopdf)             Command: <repstopdf --outfile=figs/Dis_Rawhit_05GeV_010_
tau32_5tev_04_after_cut_Man_50-eps-converted-to.pdf figs/Dis_Rawhit_05GeV_010_t
au32_5tev_04_after_cut_Man_50.eps>
(epstopdf)             \includegraphics on input line 263.
Package epstopdf Info: Output file is already uptodate.

<figs/Dis_Rawhit_05GeV_010_tau32_5tev_04_after_cut_Man_50-eps-converted-to.pdf,
 id=40, 569.12625pt x 543.02875pt>
File: figs/Dis_Rawhit_05GeV_010_tau32_5tev_04_after_cut_Man_50-eps-converted-to
.pdf Graphic file (type pdf)

<use figs/Dis_Rawhit_05GeV_010_tau32_5tev_04_after_cut_Man_50-eps-converted-to.
pdf>
Package pdftex.def Info: figs/Dis_Rawhit_05GeV_010_tau32_5tev_04_after_cut_Man_
50-eps-converted-to.pdf used on input line 263.
(pdftex.def)             Requested size: 90.76479pt x 86.59636pt.

Underfull \hbox (badness 10000) in paragraph at lines 263--263
[]\OT1/cmr/m/n/9 (a) 5TeV at
 []


Underfull \hbox (badness 10000) in paragraph at lines 263--263
\OT1/cmr/m/n/9 20$\OMS/cmsy/m/n/9 ^^B$\OT1/cmr/m/n/9 20(cm$\OMS/cmsy/m/n/9 ^^B$
\OT1/cmr/m/n/9 cm) in
 []

Package epstopdf Info: Source file: <figs/Dis_Rawhit_05GeV_010_tau32_10tev_04_a
fter_cut_Man_50.eps>
(epstopdf)                    date: 2018-07-26 13:22:36
(epstopdf)                    size: 13016 bytes
(epstopdf)             Output file: <figs/Dis_Rawhit_05GeV_010_tau32_10tev_04_a
fter_cut_Man_50-eps-converted-to.pdf>
(epstopdf)                    date: 2018-07-26 14:01:51
(epstopdf)                    size: 10772 bytes
(epstopdf)             Command: <repstopdf --outfile=figs/Dis_Rawhit_05GeV_010_
tau32_10tev_04_after_cut_Man_50-eps-converted-to.pdf figs/Dis_Rawhit_05GeV_010_
tau32_10tev_04_after_cut_Man_50.eps>
(epstopdf)             \includegraphics on input line 266.
Package epstopdf Info: Output file is already uptodate.

<figs/Dis_Rawhit_05GeV_010_tau32_10tev_04_after_cut_Man_50-eps-converted-to.pdf
, id=41, 569.12625pt x 543.02875pt>
File: figs/Dis_Rawhit_05GeV_010_tau32_10tev_04_after_cut_Man_50-eps-converted-t
o.pdf Graphic file (type pdf)

<use figs/Dis_Rawhit_05GeV_010_tau32_10tev_04_after_cut_Man_50-eps-converted-to
.pdf>
Package pdftex.def Info: figs/Dis_Rawhit_05GeV_010_tau32_10tev_04_after_cut_Man
_50-eps-converted-to.pdf used on input line 266.
(pdftex.def)             Requested size: 90.76479pt x 86.59636pt.

Underfull \hbox (badness 10000) in paragraph at lines 266--266
[]\OT1/cmr/m/n/9 (b) 10TeV at
 []


Underfull \hbox (badness 10000) in paragraph at lines 266--266
\OT1/cmr/m/n/9 20$\OMS/cmsy/m/n/9 ^^B$\OT1/cmr/m/n/9 20(cm$\OMS/cmsy/m/n/9 ^^B$
\OT1/cmr/m/n/9 cm) in
 []

Package epstopdf Info: Source file: <figs/Dis_Rawhit_05GeV_010_tau32_20tev_04_a
fter_cut_Man_50.eps>
(epstopdf)                    date: 2018-07-26 13:22:36
(epstopdf)                    size: 13255 bytes
(epstopdf)             Output file: <figs/Dis_Rawhit_05GeV_010_tau32_20tev_04_a
fter_cut_Man_50-eps-converted-to.pdf>
(epstopdf)                    date: 2018-07-26 14:01:52
(epstopdf)                    size: 10789 bytes
(epstopdf)             Command: <repstopdf --outfile=figs/Dis_Rawhit_05GeV_010_
tau32_20tev_04_after_cut_Man_50-eps-converted-to.pdf figs/Dis_Rawhit_05GeV_010_
tau32_20tev_04_after_cut_Man_50.eps>
(epstopdf)             \includegraphics on input line 269.
Package epstopdf Info: Output file is already uptodate.

<figs/Dis_Rawhit_05GeV_010_tau32_20tev_04_after_cut_Man_50-eps-converted-to.pdf
, id=42, 569.12625pt x 543.02875pt>
File: figs/Dis_Rawhit_05GeV_010_tau32_20tev_04_after_cut_Man_50-eps-converted-t
o.pdf Graphic file (type pdf)

<use figs/Dis_Rawhit_05GeV_010_tau32_20tev_04_after_cut_Man_50-eps-converted-to
.pdf>
Package pdftex.def Info: figs/Dis_Rawhit_05GeV_010_tau32_20tev_04_after_cut_Man
_50-eps-converted-to.pdf used on input line 269.
(pdftex.def)             Requested size: 90.76479pt x 86.59636pt.

Underfull \hbox (badness 10000) in paragraph at lines 269--269
[]\OT1/cmr/m/n/9 (c) 20TeV at
 []


Underfull \hbox (badness 10000) in paragraph at lines 269--269
\OT1/cmr/m/n/9 20$\OMS/cmsy/m/n/9 ^^B$\OT1/cmr/m/n/9 20(cm$\OMS/cmsy/m/n/9 ^^B$
\OT1/cmr/m/n/9 cm) in
 []

Package epstopdf Info: Source file: <figs/Dis_Rawhit_05GeV_010_tau32_40tev_04_a
fter_cut_Man_50.eps>
(epstopdf)                    date: 2018-07-26 13:22:36
(epstopdf)                    size: 13348 bytes
(epstopdf)             Output file: <figs/Dis_Rawhit_05GeV_010_tau32_40tev_04_a
fter_cut_Man_50-eps-converted-to.pdf>
(epstopdf)                    date: 2018-07-26 14:01:53
(epstopdf)                    size: 10856 bytes
(epstopdf)             Command: <repstopdf --outfile=figs/Dis_Rawhit_05GeV_010_
tau32_40tev_04_after_cut_Man_50-eps-converted-to.pdf figs/Dis_Rawhit_05GeV_010_
tau32_40tev_04_after_cut_Man_50.eps>
(epstopdf)             \includegraphics on input line 272.
Package epstopdf Info: Output file is already uptodate.

<figs/Dis_Rawhit_05GeV_010_tau32_40tev_04_after_cut_Man_50-eps-converted-to.pdf
, id=43, 569.12625pt x 543.02875pt>
File: figs/Dis_Rawhit_05GeV_010_tau32_40tev_04_after_cut_Man_50-eps-converted-t
o.pdf Graphic file (type pdf)

<use figs/Dis_Rawhit_05GeV_010_tau32_40tev_04_after_cut_Man_50-eps-converted-to
.pdf>
Package pdftex.def Info: figs/Dis_Rawhit_05GeV_010_tau32_40tev_04_after_cut_Man
_50-eps-converted-to.pdf used on input line 272.
(pdftex.def)             Requested size: 90.76479pt x 86.59636pt.

Underfull \hbox (badness 10000) in paragraph at lines 272--272
[]\OT1/cmr/m/n/9 (d) 40TeV at
 []


Underfull \hbox (badness 10000) in paragraph at lines 272--272
\OT1/cmr/m/n/9 20$\OMS/cmsy/m/n/9 ^^B$\OT1/cmr/m/n/9 20(cm$\OMS/cmsy/m/n/9 ^^B$
\OT1/cmr/m/n/9 cm) in
 []

Package epstopdf Info: Source file: <figs/Dis_Rawhit_05GeV_009_tau32_5tev_04_af
ter_cut_Man_50.eps>
(epstopdf)                    date: 2018-07-26 13:22:35
(epstopdf)                    size: 12918 bytes
(epstopdf)             Output file: <figs/Dis_Rawhit_05GeV_009_tau32_5tev_04_af
ter_cut_Man_50-eps-converted-to.pdf>
(epstopdf)                    date: 2018-07-26 14:01:54
(epstopdf)                    size: 10787 bytes
(epstopdf)             Command: <repstopdf --outfile=figs/Dis_Rawhit_05GeV_009_
tau32_5tev_04_after_cut_Man_50-eps-converted-to.pdf figs/Dis_Rawhit_05GeV_009_t
au32_5tev_04_after_cut_Man_50.eps>
(epstopdf)             \includegraphics on input line 275.
Package epstopdf Info: Output file is already uptodate.

<figs/Dis_Rawhit_05GeV_009_tau32_5tev_04_after_cut_Man_50-eps-converted-to.pdf,
 id=44, 569.12625pt x 543.02875pt>
File: figs/Dis_Rawhit_05GeV_009_tau32_5tev_04_after_cut_Man_50-eps-converted-to
.pdf Graphic file (type pdf)

<use figs/Dis_Rawhit_05GeV_009_tau32_5tev_04_after_cut_Man_50-eps-converted-to.
pdf>
Package pdftex.def Info: figs/Dis_Rawhit_05GeV_009_tau32_5tev_04_after_cut_Man_
50-eps-converted-to.pdf used on input line 275.
(pdftex.def)             Requested size: 90.76479pt x 86.59636pt.

Underfull \hbox (badness 10000) in paragraph at lines 275--275
[]\OT1/cmr/m/n/9 (e) 5TeV at
 []


Underfull \hbox (badness 10000) in paragraph at lines 275--275
\OT1/cmr/m/n/9 5$\OMS/cmsy/m/n/9 ^^B$\OT1/cmr/m/n/9 5(cm$\OMS/cmsy/m/n/9 ^^B$\O
T1/cmr/m/n/9 cm) in
 []

Package epstopdf Info: Source file: <figs/Dis_Rawhit_05GeV_009_tau32_10tev_04_a
fter_cut_Man_50.eps>
(epstopdf)                    date: 2018-07-26 13:22:35
(epstopdf)                    size: 13270 bytes
(epstopdf)             Output file: <figs/Dis_Rawhit_05GeV_009_tau32_10tev_04_a
fter_cut_Man_50-eps-converted-to.pdf>
(epstopdf)                    date: 2018-07-26 14:01:55
(epstopdf)                    size: 10815 bytes
(epstopdf)             Command: <repstopdf --outfile=figs/Dis_Rawhit_05GeV_009_
tau32_10tev_04_after_cut_Man_50-eps-converted-to.pdf figs/Dis_Rawhit_05GeV_009_
tau32_10tev_04_after_cut_Man_50.eps>
(epstopdf)             \includegraphics on input line 278.
Package epstopdf Info: Output file is already uptodate.

<figs/Dis_Rawhit_05GeV_009_tau32_10tev_04_after_cut_Man_50-eps-converted-to.pdf
, id=45, 569.12625pt x 543.02875pt>
File: figs/Dis_Rawhit_05GeV_009_tau32_10tev_04_after_cut_Man_50-eps-converted-t
o.pdf Graphic file (type pdf)

<use figs/Dis_Rawhit_05GeV_009_tau32_10tev_04_after_cut_Man_50-eps-converted-to
.pdf>
Package pdftex.def Info: figs/Dis_Rawhit_05GeV_009_tau32_10tev_04_after_cut_Man
_50-eps-converted-to.pdf used on input line 278.
(pdftex.def)             Requested size: 90.76479pt x 86.59636pt.

Underfull \hbox (badness 10000) in paragraph at lines 278--278
[]\OT1/cmr/m/n/9 (f) 10TeV at
 []


Underfull \hbox (badness 10000) in paragraph at lines 278--278
\OT1/cmr/m/n/9 5$\OMS/cmsy/m/n/9 ^^B$\OT1/cmr/m/n/9 5(cm$\OMS/cmsy/m/n/9 ^^B$\O
T1/cmr/m/n/9 cm) in
 []

Package epstopdf Info: Source file: <figs/Dis_Rawhit_05GeV_009_tau32_20tev_04_a
fter_cut_Man_50.eps>
(epstopdf)                    date: 2018-07-26 13:22:35
(epstopdf)                    size: 12347 bytes
(epstopdf)             Output file: <figs/Dis_Rawhit_05GeV_009_tau32_20tev_04_a
fter_cut_Man_50-eps-converted-to.pdf>
(epstopdf)                    date: 2018-07-26 14:01:56
(epstopdf)                    size: 10679 bytes
(epstopdf)             Command: <repstopdf --outfile=figs/Dis_Rawhit_05GeV_009_
tau32_20tev_04_after_cut_Man_50-eps-converted-to.pdf figs/Dis_Rawhit_05GeV_009_
tau32_20tev_04_after_cut_Man_50.eps>
(epstopdf)             \includegraphics on input line 281.
Package epstopdf Info: Output file is already uptodate.

<figs/Dis_Rawhit_05GeV_009_tau32_20tev_04_after_cut_Man_50-eps-converted-to.pdf
, id=46, 569.12625pt x 543.02875pt>
File: figs/Dis_Rawhit_05GeV_009_tau32_20tev_04_after_cut_Man_50-eps-converted-t
o.pdf Graphic file (type pdf)

<use figs/Dis_Rawhit_05GeV_009_tau32_20tev_04_after_cut_Man_50-eps-converted-to
.pdf>
Package pdftex.def Info: figs/Dis_Rawhit_05GeV_009_tau32_20tev_04_after_cut_Man
_50-eps-converted-to.pdf used on input line 281.
(pdftex.def)             Requested size: 90.76479pt x 86.59636pt.

Underfull \hbox (badness 10000) in paragraph at lines 281--281
[]\OT1/cmr/m/n/9 (g) 20TeV at
 []


Underfull \hbox (badness 10000) in paragraph at lines 281--281
\OT1/cmr/m/n/9 5$\OMS/cmsy/m/n/9 ^^B$\OT1/cmr/m/n/9 5(cm$\OMS/cmsy/m/n/9 ^^B$\O
T1/cmr/m/n/9 cm) in
 []

Package epstopdf Info: Source file: <figs/Dis_Rawhit_05GeV_009_tau32_40tev_04_a
fter_cut_Man_50.eps>
(epstopdf)                    date: 2018-07-26 13:22:35
(epstopdf)                    size: 12480 bytes
(epstopdf)             Output file: <figs/Dis_Rawhit_05GeV_009_tau32_40tev_04_a
fter_cut_Man_50-eps-converted-to.pdf>
(epstopdf)                    date: 2018-07-26 14:01:57
(epstopdf)                    size: 10672 bytes
(epstopdf)             Command: <repstopdf --outfile=figs/Dis_Rawhit_05GeV_009_
tau32_40tev_04_after_cut_Man_50-eps-converted-to.pdf figs/Dis_Rawhit_05GeV_009_
tau32_40tev_04_after_cut_Man_50.eps>
(epstopdf)             \includegraphics on input line 284.
Package epstopdf Info: Output file is already uptodate.

<figs/Dis_Rawhit_05GeV_009_tau32_40tev_04_after_cut_Man_50-eps-converted-to.pdf
, id=47, 569.12625pt x 543.02875pt>
File: figs/Dis_Rawhit_05GeV_009_tau32_40tev_04_after_cut_Man_50-eps-converted-t
o.pdf Graphic file (type pdf)

<use figs/Dis_Rawhit_05GeV_009_tau32_40tev_04_after_cut_Man_50-eps-converted-to
.pdf>
Package pdftex.def Info: figs/Dis_Rawhit_05GeV_009_tau32_40tev_04_after_cut_Man
_50-eps-converted-to.pdf used on input line 284.
(pdftex.def)             Requested size: 90.76479pt x 86.59636pt.

Underfull \hbox (badness 10000) in paragraph at lines 284--284
[]\OT1/cmr/m/n/9 (h) 40TeV at
 []


Underfull \hbox (badness 10000) in paragraph at lines 284--284
\OT1/cmr/m/n/9 5$\OMS/cmsy/m/n/9 ^^B$\OT1/cmr/m/n/9 5(cm$\OMS/cmsy/m/n/9 ^^B$\O
T1/cmr/m/n/9 cm) in
 []

Package epstopdf Info: Source file: <figs/Dis_Rawhit_05GeV_012_tau32_5tev_04_af
ter_cut_Man_50.eps>
(epstopdf)                    date: 2018-07-26 13:22:36
(epstopdf)                    size: 12580 bytes
(epstopdf)             Output file: <figs/Dis_Rawhit_05GeV_012_tau32_5tev_04_af
ter_cut_Man_50-eps-converted-to.pdf>
(epstopdf)                    date: 2018-07-26 14:01:57
(epstopdf)                    size: 10726 bytes
(epstopdf)             Command: <repstopdf --outfile=figs/Dis_Rawhit_05GeV_012_
tau32_5tev_04_after_cut_Man_50-eps-converted-to.pdf figs/Dis_Rawhit_05GeV_012_t
au32_5tev_04_after_cut_Man_50.eps>
(epstopdf)             \includegraphics on input line 287.
Package epstopdf Info: Output file is already uptodate.

<figs/Dis_Rawhit_05GeV_012_tau32_5tev_04_after_cut_Man_50-eps-converted-to.pdf,
 id=48, 569.12625pt x 543.02875pt>
File: figs/Dis_Rawhit_05GeV_012_tau32_5tev_04_after_cut_Man_50-eps-converted-to
.pdf Graphic file (type pdf)

<use figs/Dis_Rawhit_05GeV_012_tau32_5tev_04_after_cut_Man_50-eps-converted-to.
pdf>
Package pdftex.def Info: figs/Dis_Rawhit_05GeV_012_tau32_5tev_04_after_cut_Man_
50-eps-converted-to.pdf used on input line 287.
(pdftex.def)             Requested size: 90.76479pt x 86.59636pt.

Underfull \hbox (badness 10000) in paragraph at lines 287--287
[]\OT1/cmr/m/n/9 (i) 5TeV at
 []


Underfull \hbox (badness 10000) in paragraph at lines 287--287
\OT1/cmr/m/n/9 1$\OMS/cmsy/m/n/9 ^^B$\OT1/cmr/m/n/9 1(cm$\OMS/cmsy/m/n/9 ^^B$\O
T1/cmr/m/n/9 cm) in
 []

Package epstopdf Info: Source file: <figs/Dis_Rawhit_05GeV_012_tau32_10tev_04_a
fter_cut_Man_50.eps>
(epstopdf)                    date: 2018-07-26 13:22:36
(epstopdf)                    size: 12863 bytes
(epstopdf)             Output file: <figs/Dis_Rawhit_05GeV_012_tau32_10tev_04_a
fter_cut_Man_50-eps-converted-to.pdf>
(epstopdf)                    date: 2018-07-26 14:01:58
(epstopdf)                    size: 10771 bytes
(epstopdf)             Command: <repstopdf --outfile=figs/Dis_Rawhit_05GeV_012_
tau32_10tev_04_after_cut_Man_50-eps-converted-to.pdf figs/Dis_Rawhit_05GeV_012_
tau32_10tev_04_after_cut_Man_50.eps>
(epstopdf)             \includegraphics on input line 290.
Package epstopdf Info: Output file is already uptodate.

<figs/Dis_Rawhit_05GeV_012_tau32_10tev_04_after_cut_Man_50-eps-converted-to.pdf
, id=49, 569.12625pt x 543.02875pt>
File: figs/Dis_Rawhit_05GeV_012_tau32_10tev_04_after_cut_Man_50-eps-converted-t
o.pdf Graphic file (type pdf)

<use figs/Dis_Rawhit_05GeV_012_tau32_10tev_04_after_cut_Man_50-eps-converted-to
.pdf>
Package pdftex.def Info: figs/Dis_Rawhit_05GeV_012_tau32_10tev_04_after_cut_Man
_50-eps-converted-to.pdf used on input line 290.
(pdftex.def)             Requested size: 90.76479pt x 86.59636pt.

Underfull \hbox (badness 10000) in paragraph at lines 290--290
[]\OT1/cmr/m/n/9 (j) 10TeV at
 []


Underfull \hbox (badness 10000) in paragraph at lines 290--290
\OT1/cmr/m/n/9 1$\OMS/cmsy/m/n/9 ^^B$\OT1/cmr/m/n/9 1(cm$\OMS/cmsy/m/n/9 ^^B$\O
T1/cmr/m/n/9 cm) in
 []

Package epstopdf Info: Source file: <figs/Dis_Rawhit_05GeV_012_tau32_20tev_04_a
fter_cut_Man_50.eps>
(epstopdf)                    date: 2018-07-26 13:22:37
(epstopdf)                    size: 13214 bytes
(epstopdf)             Output file: <figs/Dis_Rawhit_05GeV_012_tau32_20tev_04_a
fter_cut_Man_50-eps-converted-to.pdf>
(epstopdf)                    date: 2018-07-26 14:01:59
(epstopdf)                    size: 10817 bytes
(epstopdf)             Command: <repstopdf --outfile=figs/Dis_Rawhit_05GeV_012_
tau32_20tev_04_after_cut_Man_50-eps-converted-to.pdf figs/Dis_Rawhit_05GeV_012_
tau32_20tev_04_after_cut_Man_50.eps>
(epstopdf)             \includegraphics on input line 293.
Package epstopdf Info: Output file is already uptodate.

<figs/Dis_Rawhit_05GeV_012_tau32_20tev_04_after_cut_Man_50-eps-converted-to.pdf
, id=50, 569.12625pt x 543.02875pt>
File: figs/Dis_Rawhit_05GeV_012_tau32_20tev_04_after_cut_Man_50-eps-converted-t
o.pdf Graphic file (type pdf)

<use figs/Dis_Rawhit_05GeV_012_tau32_20tev_04_after_cut_Man_50-eps-converted-to
.pdf>
Package pdftex.def Info: figs/Dis_Rawhit_05GeV_012_tau32_20tev_04_after_cut_Man
_50-eps-converted-to.pdf used on input line 293.
(pdftex.def)             Requested size: 90.76479pt x 86.59636pt.

Underfull \hbox (badness 10000) in paragraph at lines 293--293
[]\OT1/cmr/m/n/9 (k) 20TeV at
 []


Underfull \hbox (badness 10000) in paragraph at lines 293--293
\OT1/cmr/m/n/9 1$\OMS/cmsy/m/n/9 ^^B$\OT1/cmr/m/n/9 1(cm$\OMS/cmsy/m/n/9 ^^B$\O
T1/cmr/m/n/9 cm) in
 []

Package epstopdf Info: Source file: <figs/Dis_Rawhit_05GeV_012_tau32_40tev_04_a
fter_cut_Man_50.eps>
(epstopdf)                    date: 2018-07-26 13:22:37
(epstopdf)                    size: 12300 bytes
(epstopdf)             Output file: <figs/Dis_Rawhit_05GeV_012_tau32_40tev_04_a
fter_cut_Man_50-eps-converted-to.pdf>
(epstopdf)                    date: 2018-07-26 14:02:00
(epstopdf)                    size: 10649 bytes
(epstopdf)             Command: <repstopdf --outfile=figs/Dis_Rawhit_05GeV_012_
tau32_40tev_04_after_cut_Man_50-eps-converted-to.pdf figs/Dis_Rawhit_05GeV_012_
tau32_40tev_04_after_cut_Man_50.eps>
(epstopdf)             \includegraphics on input line 296.
Package epstopdf Info: Output file is already uptodate.

<figs/Dis_Rawhit_05GeV_012_tau32_40tev_04_after_cut_Man_50-eps-converted-to.pdf
, id=51, 569.12625pt x 543.02875pt>
File: figs/Dis_Rawhit_05GeV_012_tau32_40tev_04_after_cut_Man_50-eps-converted-t
o.pdf Graphic file (type pdf)

<use figs/Dis_Rawhit_05GeV_012_tau32_40tev_04_after_cut_Man_50-eps-converted-to
.pdf>
Package pdftex.def Info: figs/Dis_Rawhit_05GeV_012_tau32_40tev_04_after_cut_Man
_50-eps-converted-to.pdf used on input line 296.
(pdftex.def)             Requested size: 90.76479pt x 86.59636pt.

Underfull \hbox (badness 10000) in paragraph at lines 296--296
[]\OT1/cmr/m/n/9 (l) 40TeV at
 []


Underfull \hbox (badness 10000) in paragraph at lines 296--296
\OT1/cmr/m/n/9 1$\OMS/cmsy/m/n/9 ^^B$\OT1/cmr/m/n/9 1(cm$\OMS/cmsy/m/n/9 ^^B$\O
T1/cmr/m/n/9 cm) in
 []

Package epstopdf Info: Source file: <figs/Rawhit_05GeV_tau32_5tev_eff_1_New2_af
ter_cut_50bins.eps>
(epstopdf)                    date: 2018-07-26 12:58:15
(epstopdf)                    size: 12433 bytes
(epstopdf)             Output file: <figs/Rawhit_05GeV_tau32_5tev_eff_1_New2_af
ter_cut_50bins-eps-converted-to.pdf>
(epstopdf)                    date: 2018-07-26 14:02:01
(epstopdf)                    size: 11387 bytes
(epstopdf)             Command: <repstopdf --outfile=figs/Rawhit_05GeV_tau32_5t
ev_eff_1_New2_after_cut_50bins-eps-converted-to.pdf figs/Rawhit_05GeV_tau32_5te
v_eff_1_New2_after_cut_50bins.eps>
(epstopdf)             \includegraphics on input line 305.
Package epstopdf Info: Output file is already uptodate.

<figs/Rawhit_05GeV_tau32_5tev_eff_1_New2_after_cut_50bins-eps-converted-to.pdf,
 id=52, 569.12625pt x 395.4775pt>
File: figs/Rawhit_05GeV_tau32_5tev_eff_1_New2_after_cut_50bins-eps-converted-to
.pdf Graphic file (type pdf)

<use figs/Rawhit_05GeV_tau32_5tev_eff_1_New2_after_cut_50bins-eps-converted-to.
pdf>
Package pdftex.def Info: figs/Rawhit_05GeV_tau32_5tev_eff_1_New2_after_cut_50bi
ns-eps-converted-to.pdf used on input line 305.
(pdftex.def)             Requested size: 177.3999pt x 123.27261pt.
Package epstopdf Info: Source file: <figs/Rawhit_05GeV_tau32_10tev_eff_1_New2_a
fter_cut_50bins.eps>
(epstopdf)                    date: 2018-07-26 12:58:16
(epstopdf)                    size: 12430 bytes
(epstopdf)             Output file: <figs/Rawhit_05GeV_tau32_10tev_eff_1_New2_a
fter_cut_50bins-eps-converted-to.pdf>
(epstopdf)                    date: 2018-07-26 14:02:02
(epstopdf)                    size: 11362 bytes
(epstopdf)             Command: <repstopdf --outfile=figs/Rawhit_05GeV_tau32_10
tev_eff_1_New2_after_cut_50bins-eps-converted-to.pdf figs/Rawhit_05GeV_tau32_10
tev_eff_1_New2_after_cut_50bins.eps>
(epstopdf)             \includegraphics on input line 308.
Package epstopdf Info: Output file is already uptodate.

<figs/Rawhit_05GeV_tau32_10tev_eff_1_New2_after_cut_50bins-eps-converted-to.pdf
, id=53, 569.12625pt x 395.4775pt>
File: figs/Rawhit_05GeV_tau32_10tev_eff_1_New2_after_cut_50bins-eps-converted-t
o.pdf Graphic file (type pdf)

<use figs/Rawhit_05GeV_tau32_10tev_eff_1_New2_after_cut_50bins-eps-converted-to
.pdf>
Package pdftex.def Info: figs/Rawhit_05GeV_tau32_10tev_eff_1_New2_after_cut_50b
ins-eps-converted-to.pdf used on input line 308.
(pdftex.def)             Requested size: 177.3999pt x 123.27261pt.
Package epstopdf Info: Source file: <figs/Rawhit_05GeV_tau32_20tev_eff_1_New2_a
fter_cut_50bins.eps>
(epstopdf)                    date: 2018-07-26 12:58:16
(epstopdf)                    size: 12379 bytes
(epstopdf)             Output file: <figs/Rawhit_05GeV_tau32_20tev_eff_1_New2_a
fter_cut_50bins-eps-converted-to.pdf>
(epstopdf)                    date: 2018-07-26 14:02:02
(epstopdf)                    size: 11336 bytes
(epstopdf)             Command: <repstopdf --outfile=figs/Rawhit_05GeV_tau32_20
tev_eff_1_New2_after_cut_50bins-eps-converted-to.pdf figs/Rawhit_05GeV_tau32_20
tev_eff_1_New2_after_cut_50bins.eps>
(epstopdf)             \includegraphics on input line 311.
Package epstopdf Info: Output file is already uptodate.

<figs/Rawhit_05GeV_tau32_20tev_eff_1_New2_after_cut_50bins-eps-converted-to.pdf
, id=54, 569.12625pt x 395.4775pt>
File: figs/Rawhit_05GeV_tau32_20tev_eff_1_New2_after_cut_50bins-eps-converted-t
o.pdf Graphic file (type pdf)

<use figs/Rawhit_05GeV_tau32_20tev_eff_1_New2_after_cut_50bins-eps-converted-to
.pdf>
Package pdftex.def Info: figs/Rawhit_05GeV_tau32_20tev_eff_1_New2_after_cut_50b
ins-eps-converted-to.pdf used on input line 311.
(pdftex.def)             Requested size: 177.3999pt x 123.27261pt.
Package epstopdf Info: Source file: <figs/Rawhit_05GeV_tau32_40tev_eff_1_New2_a
fter_cut_50bins.eps>
(epstopdf)                    date: 2018-07-26 12:58:16
(epstopdf)                    size: 12348 bytes
(epstopdf)             Output file: <figs/Rawhit_05GeV_tau32_40tev_eff_1_New2_a
fter_cut_50bins-eps-converted-to.pdf>
(epstopdf)                    date: 2018-07-26 14:02:03
(epstopdf)                    size: 11387 bytes
(epstopdf)             Command: <repstopdf --outfile=figs/Rawhit_05GeV_tau32_40
tev_eff_1_New2_after_cut_50bins-eps-converted-to.pdf figs/Rawhit_05GeV_tau32_40
tev_eff_1_New2_after_cut_50bins.eps>
(epstopdf)             \includegraphics on input line 314.
Package epstopdf Info: Output file is already uptodate.

<figs/Rawhit_05GeV_tau32_40tev_eff_1_New2_after_cut_50bins-eps-converted-to.pdf
, id=55, 569.12625pt x 395.4775pt>
File: figs/Rawhit_05GeV_tau32_40tev_eff_1_New2_after_cut_50bins-eps-converted-t
o.pdf Graphic file (type pdf)

<use figs/Rawhit_05GeV_tau32_40tev_eff_1_New2_after_cut_50bins-eps-converted-to
.pdf>
Package pdftex.def Info: figs/Rawhit_05GeV_tau32_40tev_eff_1_New2_after_cut_50b
ins-eps-converted-to.pdf used on input line 314.
(pdftex.def)             Requested size: 177.3999pt x 123.27261pt.
 Excluding 'comment' comment.
Package atveryend Info: Empty hook `BeforeClearDocument' on input line 395.
 [1

{/usr/local/texlive/2017/texmf-var/fonts/map/pdftex/updmap/pdftex.map}] [2pdfTe
X warning (ext4): destination with the same identifier (name{figure.1}) has bee
n already used, duplicate ignored

\AtBegShi@Output ...ipout \box \AtBeginShipoutBox 
                                                  \fi \fi 
l.395 \end{document}
                     <./figs/Dis_Rawhit_05GeV_010_c2b1_5tev_04_after_cut_Man_50
-eps-converted-to.pdf> <./figs/Dis_Rawhit_05GeV_010_c2b1_10tev_04_after_cut_Man
_50-eps-converted-to.pdf> <./figs/Dis_Rawhit_05GeV_010_c2b1_20tev_04_after_cut_
Man_50-eps-converted-to.pdf> <./figs/Dis_Rawhit_05GeV_010_c2b1_40tev_04_after_c
ut_Man_50-eps-converted-to.pdf> <./figs/Dis_Rawhit_05GeV_009_c2b1_5tev_04_after
_cut_Man_50-eps-converted-to.pdf> <./figs/Dis_Rawhit_05GeV_009_c2b1_10tev_04_af
ter_cut_Man_50-eps-converted-to.pdf> <./figs/Dis_Rawhit_05GeV_009_c2b1_20tev_04
_after_cut_Man_50-eps-converted-to.pdf> <./figs/Dis_Rawhit_05GeV_009_c2b1_40tev
_04_after_cut_Man_50-eps-converted-to.pdf> <./figs/Dis_Rawhit_05GeV_012_c2b1_5t
ev_04_after_cut_Man_50-eps-converted-to.pdf> <./figs/Dis_Rawhit_05GeV_012_c2b1_
10tev_04_after_cut_Man_50-eps-converted-to.pdf> <./figs/Dis_Rawhit_05GeV_012_c2
b1_20tev_04_after_cut_Man_50-eps-converted-to.pdf> <./figs/Dis_Rawhit_05GeV_012
_c2b1_40tev_04_after_cut_Man_50-eps-converted-to.pdf>] [3pdfTeX warning (ext4):
 destination with the same identifier (name{figure.2}) has been already used, d
uplicate ignored

\AtBegShi@Output ...ipout \box \AtBeginShipoutBox 
                                                  \fi \fi 
l.395 \end{document}
                     <./figs/Rawhit_05GeV_c2b1_5tev_eff_1_New2_after_cut_50bins
-eps-converted-to.pdf> <./figs/Rawhit_05GeV_c2b1_10tev_eff_1_New2_after_cut_50b
ins-eps-converted-to.pdf> <./figs/Rawhit_05GeV_c2b1_20tev_eff_1_New2_after_cut_
50bins-eps-converted-to.pdf> <./figs/Rawhit_05GeV_c2b1_40tev_eff_1_New2_after_c
ut_50bins-eps-converted-to.pdf>] [4pdfTeX warning (ext4): destination with the 
same identifier (name{figure.3}) has been already used, duplicate ignored

\AtBegShi@Output ...ipout \box \AtBeginShipoutBox 
                                                  \fi \fi 
l.395 \end{document}
                     <./figs/Dis_Rawhit_05GeV_010_tau21_5tev_04_after_cut_Man_5
0-eps-converted-to.pdf> <./figs/Dis_Rawhit_05GeV_010_tau21_10tev_04_after_cut_M
an_50-eps-converted-to.pdf> <./figs/Dis_Rawhit_05GeV_010_tau21_20tev_04_after_c
ut_Man_50-eps-converted-to.pdf> <./figs/Dis_Rawhit_05GeV_010_tau21_40tev_04_aft
er_cut_Man_50-eps-converted-to.pdf> <./figs/Dis_Rawhit_05GeV_009_tau21_5tev_04_
after_cut_Man_50-eps-converted-to.pdf> <./figs/Dis_Rawhit_05GeV_009_tau21_10tev
_04_after_cut_Man_50-eps-converted-to.pdf> <./figs/Dis_Rawhit_05GeV_009_tau21_2
0tev_04_after_cut_Man_50-eps-converted-to.pdf> <./figs/Dis_Rawhit_05GeV_009_tau
21_40tev_04_after_cut_Man_50-eps-converted-to.pdf> <./figs/Dis_Rawhit_05GeV_012
_tau21_5tev_04_after_cut_Man_50-eps-converted-to.pdf> <./figs/Dis_Rawhit_05GeV_
012_tau21_10tev_04_after_cut_Man_50-eps-converted-to.pdf> <./figs/Dis_Rawhit_05
GeV_012_tau21_20tev_04_after_cut_Man_50-eps-converted-to.pdf> <./figs/Dis_Rawhi
t_05GeV_012_tau21_40tev_04_after_cut_Man_50-eps-converted-to.pdf>] [5pdfTeX war
ning (ext4): destination with the same identifier (name{figure.4}) has been alr
eady used, duplicate ignored

\AtBegShi@Output ...ipout \box \AtBeginShipoutBox 
                                                  \fi \fi 
l.395 \end{document}
                     <./figs/Rawhit_05GeV_tau21_5tev_eff_1_New2_after_cut_50bin
s-eps-converted-to.pdf> <./figs/Rawhit_05GeV_tau21_10tev_eff_1_New2_after_cut_5
0bins-eps-converted-to.pdf> <./figs/Rawhit_05GeV_tau21_20tev_eff_1_New2_after_c
ut_50bins-eps-converted-to.pdf> <./figs/Rawhit_05GeV_tau21_40tev_eff_1_New2_aft
er_cut_50bins-eps-converted-to.pdf>] [6pdfTeX warning (ext4): destination with 
the same identifier (name{figure.5}) has been already used, duplicate ignored

\AtBegShi@Output ...ipout \box \AtBeginShipoutBox 
                                                  \fi \fi 
l.395 \end{document}
                     <./figs/Dis_Rawhit_05GeV_010_tau32_5tev_04_after_cut_Man_5
0-eps-converted-to.pdf> <./figs/Dis_Rawhit_05GeV_010_tau32_10tev_04_after_cut_M
an_50-eps-converted-to.pdf> <./figs/Dis_Rawhit_05GeV_010_tau32_20tev_04_after_c
ut_Man_50-eps-converted-to.pdf> <./figs/Dis_Rawhit_05GeV_010_tau32_40tev_04_aft
er_cut_Man_50-eps-converted-to.pdf> <./figs/Dis_Rawhit_05GeV_009_tau32_5tev_04_
after_cut_Man_50-eps-converted-to.pdf> <./figs/Dis_Rawhit_05GeV_009_tau32_10tev
_04_after_cut_Man_50-eps-converted-to.pdf> <./figs/Dis_Rawhit_05GeV_009_tau32_2
0tev_04_after_cut_Man_50-eps-converted-to.pdf> <./figs/Dis_Rawhit_05GeV_009_tau
32_40tev_04_after_cut_Man_50-eps-converted-to.pdf> <./figs/Dis_Rawhit_05GeV_012
_tau32_5tev_04_after_cut_Man_50-eps-converted-to.pdf> <./figs/Dis_Rawhit_05GeV_
012_tau32_10tev_04_after_cut_Man_50-eps-converted-to.pdf> <./figs/Dis_Rawhit_05
GeV_012_tau32_20tev_04_after_cut_Man_50-eps-converted-to.pdf> <./figs/Dis_Rawhi
t_05GeV_012_tau32_40tev_04_after_cut_Man_50-eps-converted-to.pdf>] [7pdfTeX war
ning (ext4): destination with the same identifier (name{figure.6}) has been alr
eady used, duplicate ignored

\AtBegShi@Output ...ipout \box \AtBeginShipoutBox 
                                                  \fi \fi 
l.395 \end{document}
                     <./figs/Rawhit_05GeV_tau32_5tev_eff_1_New2_after_cut_50bin
s-eps-converted-to.pdf> <./figs/Rawhit_05GeV_tau32_10tev_eff_1_New2_after_cut_5
0bins-eps-converted-to.pdf> <./figs/Rawhit_05GeV_tau32_20tev_eff_1_New2_after_c
ut_50bins-eps-converted-to.pdf> <./figs/Rawhit_05GeV_tau32_40tev_eff_1_New2_aft
er_cut_50bins-eps-converted-to.pdf>]
Package atveryend Info: Empty hook `AfterLastShipout' on input line 395.

(./fcc_Mannuwhitney eff_New_mass_cut_50.aux)
Package atveryend Info: Executing hook `AtVeryEndDocument' on input line 395.
Package atveryend Info: Executing hook `AtEndAfterFileList' on input line 395.
Package rerunfilecheck Info: File `"fcc_Mannuwhitney eff_New_mass_cut_50".out' 
has not changed.
(rerunfilecheck)             Checksum: A7B14D89E6FE71ED2C3C32A4F4185103;125.
Package atveryend Info: Empty hook `AtVeryVeryEnd' on input line 395.
 ) 
Here is how much of TeX's memory you used:
 8544 strings out of 492995
 139602 string characters out of 6132704
 240843 words of memory out of 5000000
 11848 multiletter control sequences out of 15000+600000
 12718 words of font info for 51 fonts, out of 8000000 for 9000
 1141 hyphenation exceptions out of 8191
 34i,7n,32p,808b,325s stack positions out of 5000i,500n,10000p,200000b,80000s
</usr/local/texlive/2017/texmf-dist/fonts/type1/public/amsfonts/cm/cmbx10.pfb
></usr/local/texlive/2017/texmf-dist/fonts/type1/public/amsfonts/cm/cmmi9.pfb><
/usr/local/texlive/2017/texmf-dist/fonts/type1/public/amsfonts/cm/cmr10.pfb></u
sr/local/texlive/2017/texmf-dist/fonts/type1/public/amsfonts/cm/cmr6.pfb></usr/
local/texlive/2017/texmf-dist/fonts/type1/public/amsfonts/cm/cmr9.pfb></usr/loc
al/texlive/2017/texmf-dist/fonts/type1/public/amsfonts/cm/cmsy9.pfb>
Output written on "fcc_Mannuwhitney eff_New_mass_cut_50.pdf" (7 pages, 398595 b
ytes).
PDF statistics:
 812 PDF objects out of 1000 (max. 8388607)
 599 compressed objects within 6 object streams
 63 named destinations out of 1000 (max. 500000)
 249 words of extra memory for PDF output out of 10000 (max. 10000000)

